{"/Users/pt/work/purr/backend/src/main.ts": {"path":"/Users/pt/work/purr/backend/src/main.ts","statementMap":{"0":{"start":{"line":1,"column":0},"end":{"line":1,"column":40}},"1":{"start":{"line":2,"column":0},"end":{"line":2,"column":43}},"2":{"start":{"line":4,"column":0},"end":{"line":4,"column":45}},"3":{"start":{"line":5,"column":0},"end":{"line":5,"column":63}},"4":{"start":{"line":8,"column":14},"end":{"line":8,"column":49}},"5":{"start":{"line":9,"column":17},"end":{"line":9,"column":42}},"6":{"start":{"line":10,"column":2},"end":{"line":10,"column":49}},"7":{"start":{"line":11,"column":2},"end":{"line":11,"column":32}},"8":{"start":{"line":12,"column":2},"end":{"line":12,"column":73}},"9":{"start":{"line":15,"column":0},"end":{"line":15,"column":12}}},"fnMap":{"0":{"name":"bootstrap","decl":{"start":{"line":7,"column":15},"end":{"line":7,"column":24}},"loc":{"start":{"line":7,"column":24},"end":{"line":13,"column":1}}}},"branchMap":{},"s":{"0":0,"1":0,"2":0,"3":0,"4":0,"5":0,"6":0,"7":0,"8":0,"9":0},"f":{"0":0},"b":{}}
,"/Users/pt/work/purr/backend/src/app/app.module.ts": {"path":"/Users/pt/work/purr/backend/src/app/app.module.ts","statementMap":{"0":{"start":{"line":1,"column":0},"end":{"line":1,"column":40}},"1":{"start":{"line":2,"column":0},"end":{"line":2,"column":95}},"2":{"start":{"line":3,"column":0},"end":{"line":3,"column":50}},"3":{"start":{"line":4,"column":0},"end":{"line":4,"column":66}},"4":{"start":{"line":5,"column":0},"end":{"line":5,"column":48}},"5":{"start":{"line":6,"column":0},"end":{"line":6,"column":102}},"6":{"start":{"line":7,"column":0},"end":{"line":7,"column":62}},"7":{"start":{"line":8,"column":0},"end":{"line":8,"column":28}},"8":{"start":{"line":9,"column":0},"end":{"line":9,"column":57}},"9":{"start":{"line":10,"column":0},"end":{"line":10,"column":44}},"10":{"start":{"line":11,"column":0},"end":{"line":11,"column":59}},"11":{"start":{"line":52,"column":7},"end":{"line":52,"column":null}},"12":{"start":{"line":52,"column":13},"end":{"line":52,"column":22}},"13":{"start":{"line":52,"column":13},"end":{"line":52,"column":null}}},"fnMap":{},"branchMap":{},"s":{"0":0,"1":0,"2":0,"3":0,"4":0,"5":0,"6":0,"7":0,"8":0,"9":0,"10":0,"11":0,"12":0,"13":0},"f":{},"b":{}}
,"/Users/pt/work/purr/backend/src/app/generics/index.ts": {"path":"/Users/pt/work/purr/backend/src/app/generics/index.ts","statementMap":{"0":{"start":{"line":1,"column":0},"end":{"line":1,"column":35}},"1":{"start":{"line":2,"column":0},"end":{"line":2,"column":29}}},"fnMap":{},"branchMap":{},"s":{"0":0,"1":0},"f":{},"b":{}}
,"/Users/pt/work/purr/backend/src/app/generics/repository.ts": {"path":"/Users/pt/work/purr/backend/src/app/generics/repository.ts","statementMap":{"0":{"start":{"line":8,"column":12},"end":{"line":8,"column":27}},"1":{"start":{"line":14,"column":12},"end":{"line":14,"column":49}},"2":{"start":{"line":21,"column":2},"end":{"line":21,"column":31}},"3":{"start":{"line":27,"column":10},"end":{"line":27,"column":50}},"4":{"start":{"line":36,"column":4},"end":{"line":38,"column":5}},"5":{"start":{"line":37,"column":6},"end":{"line":37,"column":25}},"6":{"start":{"line":40,"column":4},"end":{"line":49,"column":7}},"7":{"start":{"line":41,"column":6},"end":{"line":48,"column":23}},"8":{"start":{"line":42,"column":8},"end":{"line":47,"column":9}},"9":{"start":{"line":43,"column":25},"end":{"line":43,"column":36}},"10":{"start":{"line":44,"column":10},"end":{"line":44,"column":26}},"11":{"start":{"line":46,"column":10},"end":{"line":46,"column":24}},"12":{"start":{"line":91,"column":4},"end":{"line":107,"column":7}},"13":{"start":{"line":92,"column":18},"end":{"line":92,"column":35}},"14":{"start":{"line":93,"column":28},"end":{"line":93,"column":47}},"15":{"start":{"line":96,"column":23},"end":{"line":96,"column":42}},"16":{"start":{"line":98,"column":6},"end":{"line":106,"column":7}},"17":{"start":{"line":100,"column":8},"end":{"line":100,"column":44}},"18":{"start":{"line":103,"column":25},"end":{"line":103,"column":41}},"19":{"start":{"line":104,"column":8},"end":{"line":104,"column":33}},"20":{"start":{"line":105,"column":8},"end":{"line":105,"column":38}},"21":{"start":{"line":115,"column":4},"end":{"line":133,"column":7}},"22":{"start":{"line":116,"column":6},"end":{"line":132,"column":7}},"23":{"start":{"line":117,"column":20},"end":{"line":117,"column":37}},"24":{"start":{"line":118,"column":30},"end":{"line":118,"column":49}},"25":{"start":{"line":121,"column":25},"end":{"line":121,"column":44}},"26":{"start":{"line":123,"column":8},"end":{"line":131,"column":9}},"27":{"start":{"line":125,"column":10},"end":{"line":125,"column":46}},"28":{"start":{"line":128,"column":27},"end":{"line":128,"column":43}},"29":{"start":{"line":129,"column":10},"end":{"line":129,"column":35}},"30":{"start":{"line":130,"column":10},"end":{"line":130,"column":40}},"31":{"start":{"line":141,"column":4},"end":{"line":144,"column":7}},"32":{"start":{"line":143,"column":6},"end":{"line":143,"column":56}},"33":{"start":{"line":143,"column":35},"end":{"line":143,"column":54}},"34":{"start":{"line":153,"column":4},"end":{"line":156,"column":7}},"35":{"start":{"line":154,"column":20},"end":{"line":154,"column":38}},"36":{"start":{"line":155,"column":6},"end":{"line":155,"column":79}},"37":{"start":{"line":165,"column":4},"end":{"line":168,"column":7}},"38":{"start":{"line":167,"column":6},"end":{"line":167,"column":74}},"39":{"start":{"line":167,"column":53},"end":{"line":167,"column":72}},"40":{"start":{"line":177,"column":4},"end":{"line":180,"column":7}},"41":{"start":{"line":178,"column":20},"end":{"line":178,"column":45}},"42":{"start":{"line":179,"column":6},"end":{"line":179,"column":54}},"43":{"start":{"line":190,"column":4},"end":{"line":200,"column":7}},"44":{"start":{"line":191,"column":20},"end":{"line":191,"column":38}},"45":{"start":{"line":192,"column":6},"end":{"line":194,"column":7}},"46":{"start":{"line":193,"column":8},"end":{"line":193,"column":21}},"47":{"start":{"line":196,"column":27},"end":{"line":196,"column":43}},"48":{"start":{"line":198,"column":6},"end":{"line":198,"column":71}},"49":{"start":{"line":199,"column":6},"end":{"line":199,"column":18}},"50":{"start":{"line":209,"column":4},"end":{"line":228,"column":7}},"51":{"start":{"line":210,"column":20},"end":{"line":210,"column":38}},"52":{"start":{"line":211,"column":6},"end":{"line":213,"column":7}},"53":{"start":{"line":212,"column":8},"end":{"line":212,"column":21}},"54":{"start":{"line":216,"column":6},"end":{"line":216,"column":33}},"55":{"start":{"line":219,"column":6},"end":{"line":219,"column":28}},"56":{"start":{"line":222,"column":6},"end":{"line":225,"column":7}},"57":{"start":{"line":222,"column":19},"end":{"line":222,"column":24}},"58":{"start":{"line":223,"column":20},"end":{"line":223,"column":45}},"59":{"start":{"line":224,"column":8},"end":{"line":224,"column":31}},"60":{"start":{"line":227,"column":6},"end":{"line":227,"column":18}},"61":{"start":{"line":237,"column":4},"end":{"line":262,"column":7}},"62":{"start":{"line":238,"column":40},"end":{"line":238,"column":42}},"63":{"start":{"line":239,"column":35},"end":{"line":239,"column":37}},"64":{"start":{"line":242,"column":6},"end":{"line":247,"column":7}},"65":{"start":{"line":242,"column":19},"end":{"line":242,"column":20}},"66":{"start":{"line":243,"column":8},"end":{"line":246,"column":9}},"67":{"start":{"line":244,"column":10},"end":{"line":244,"column":34}},"68":{"start":{"line":245,"column":10},"end":{"line":245,"column":55}},"69":{"start":{"line":250,"column":6},"end":{"line":252,"column":7}},"70":{"start":{"line":250,"column":19},"end":{"line":250,"column":45}},"71":{"start":{"line":251,"column":8},"end":{"line":251,"column":48}},"72":{"start":{"line":255,"column":6},"end":{"line":255,"column":25}},"73":{"start":{"line":256,"column":6},"end":{"line":259,"column":7}},"74":{"start":{"line":256,"column":19},"end":{"line":256,"column":20}},"75":{"start":{"line":257,"column":20},"end":{"line":257,"column":45}},"76":{"start":{"line":258,"column":8},"end":{"line":258,"column":31}},"77":{"start":{"line":261,"column":6},"end":{"line":261,"column":33}},"78":{"start":{"line":269,"column":4},"end":{"line":272,"column":7}},"79":{"start":{"line":270,"column":6},"end":{"line":270,"column":21}},"80":{"start":{"line":271,"column":6},"end":{"line":271,"column":25}},"81":{"start":{"line":281,"column":4},"end":{"line":283,"column":7}},"82":{"start":{"line":282,"column":6},"end":{"line":282,"column":32}},"83":{"start":{"line":291,"column":4},"end":{"line":293,"column":7}},"84":{"start":{"line":292,"column":6},"end":{"line":292,"column":30}},"85":{"start":{"line":301,"column":4},"end":{"line":303,"column":7}},"86":{"start":{"line":302,"column":6},"end":{"line":302,"column":36}},"87":{"start":{"line":312,"column":4},"end":{"line":325,"column":7}},"88":{"start":{"line":313,"column":25},"end":{"line":313,"column":26}},"89":{"start":{"line":315,"column":6},"end":{"line":322,"column":7}},"90":{"start":{"line":316,"column":22},"end":{"line":316,"column":40}},"91":{"start":{"line":317,"column":8},"end":{"line":321,"column":9}},"92":{"start":{"line":318,"column":31},"end":{"line":318,"column":47}},"93":{"start":{"line":319,"column":10},"end":{"line":319,"column":75}},"94":{"start":{"line":320,"column":10},"end":{"line":320,"column":25}},"95":{"start":{"line":324,"column":6},"end":{"line":324,"column":26}},"96":{"start":{"line":334,"column":4},"end":{"line":362,"column":7}},"97":{"start":{"line":335,"column":25},"end":{"line":335,"column":26}},"98":{"start":{"line":336,"column":40},"end":{"line":336,"column":42}},"99":{"start":{"line":339,"column":6},"end":{"line":346,"column":7}},"100":{"start":{"line":340,"column":22},"end":{"line":340,"column":40}},"101":{"start":{"line":341,"column":8},"end":{"line":345,"column":9}},"102":{"start":{"line":342,"column":10},"end":{"line":342,"column":38}},"103":{"start":{"line":343,"column":10},"end":{"line":343,"column":32}},"104":{"start":{"line":344,"column":10},"end":{"line":344,"column":25}},"105":{"start":{"line":349,"column":6},"end":{"line":349,"column":44}},"106":{"start":{"line":349,"column":37},"end":{"line":349,"column":42}},"107":{"start":{"line":350,"column":6},"end":{"line":352,"column":7}},"108":{"start":{"line":351,"column":8},"end":{"line":351,"column":35}},"109":{"start":{"line":355,"column":6},"end":{"line":355,"column":25}},"110":{"start":{"line":356,"column":6},"end":{"line":359,"column":7}},"111":{"start":{"line":356,"column":19},"end":{"line":356,"column":20}},"112":{"start":{"line":357,"column":20},"end":{"line":357,"column":45}},"113":{"start":{"line":358,"column":8},"end":{"line":358,"column":31}},"114":{"start":{"line":361,"column":6},"end":{"line":361,"column":26}},"115":{"start":{"line":3,"column":0},"end":{"line":3,"column":22}}},"fnMap":{"0":{"name":"(anonymous_0)","decl":{"start":{"line":3,"column":0},"end":{"line":3,"column":22}},"loc":{"start":{"line":3,"column":0},"end":{"line":364,"column":1}}},"1":{"name":"(anonymous_1)","decl":{"start":{"line":35,"column":12},"end":{"line":35,"column":17}},"loc":{"start":{"line":35,"column":60},"end":{"line":50,"column":3}}},"2":{"name":"(anonymous_2)","decl":{"start":{"line":40,"column":32},"end":{"line":40,"column":33}},"loc":{"start":{"line":40,"column":52},"end":{"line":49,"column":5}}},"3":{"name":"(anonymous_3)","decl":{"start":{"line":41,"column":33},"end":{"line":41,"column":38}},"loc":{"start":{"line":41,"column":44},"end":{"line":48,"column":7}}},"4":{"name":"(anonymous_4)","decl":{"start":{"line":90,"column":2},"end":{"line":90,"column":7}},"loc":{"start":{"line":90,"column":19},"end":{"line":108,"column":3}}},"5":{"name":"(anonymous_5)","decl":{"start":{"line":91,"column":25},"end":{"line":91,"column":28}},"loc":{"start":{"line":91,"column":30},"end":{"line":107,"column":5}}},"6":{"name":"(anonymous_6)","decl":{"start":{"line":114,"column":2},"end":{"line":114,"column":7}},"loc":{"start":{"line":114,"column":26},"end":{"line":134,"column":3}}},"7":{"name":"(anonymous_7)","decl":{"start":{"line":115,"column":25},"end":{"line":115,"column":30}},"loc":{"start":{"line":115,"column":36},"end":{"line":133,"column":5}}},"8":{"name":"(anonymous_8)","decl":{"start":{"line":140,"column":2},"end":{"line":140,"column":7}},"loc":{"start":{"line":140,"column":14},"end":{"line":145,"column":3}}},"9":{"name":"(anonymous_9)","decl":{"start":{"line":141,"column":25},"end":{"line":141,"column":28}},"loc":{"start":{"line":141,"column":30},"end":{"line":144,"column":5}}},"10":{"name":"(anonymous_10)","decl":{"start":{"line":143,"column":27},"end":{"line":143,"column":31}},"loc":{"start":{"line":143,"column":35},"end":{"line":143,"column":54}}},"11":{"name":"(anonymous_11)","decl":{"start":{"line":152,"column":2},"end":{"line":152,"column":7}},"loc":{"start":{"line":152,"column":24},"end":{"line":157,"column":3}}},"12":{"name":"(anonymous_12)","decl":{"start":{"line":153,"column":25},"end":{"line":153,"column":28}},"loc":{"start":{"line":153,"column":30},"end":{"line":156,"column":5}}},"13":{"name":"(anonymous_13)","decl":{"start":{"line":164,"column":2},"end":{"line":164,"column":7}},"loc":{"start":{"line":164,"column":38},"end":{"line":169,"column":3}}},"14":{"name":"(anonymous_14)","decl":{"start":{"line":165,"column":25},"end":{"line":165,"column":28}},"loc":{"start":{"line":165,"column":30},"end":{"line":168,"column":5}}},"15":{"name":"(anonymous_15)","decl":{"start":{"line":167,"column":45},"end":{"line":167,"column":49}},"loc":{"start":{"line":167,"column":53},"end":{"line":167,"column":72}}},"16":{"name":"(anonymous_16)","decl":{"start":{"line":176,"column":2},"end":{"line":176,"column":7}},"loc":{"start":{"line":176,"column":36},"end":{"line":181,"column":3}}},"17":{"name":"(anonymous_17)","decl":{"start":{"line":177,"column":25},"end":{"line":177,"column":28}},"loc":{"start":{"line":177,"column":30},"end":{"line":180,"column":5}}},"18":{"name":"(anonymous_18)","decl":{"start":{"line":189,"column":2},"end":{"line":189,"column":7}},"loc":{"start":{"line":189,"column":43},"end":{"line":201,"column":3}}},"19":{"name":"(anonymous_19)","decl":{"start":{"line":190,"column":25},"end":{"line":190,"column":28}},"loc":{"start":{"line":190,"column":30},"end":{"line":200,"column":5}}},"20":{"name":"(anonymous_20)","decl":{"start":{"line":208,"column":2},"end":{"line":208,"column":7}},"loc":{"start":{"line":208,"column":23},"end":{"line":229,"column":3}}},"21":{"name":"(anonymous_21)","decl":{"start":{"line":209,"column":25},"end":{"line":209,"column":28}},"loc":{"start":{"line":209,"column":30},"end":{"line":228,"column":5}}},"22":{"name":"(anonymous_22)","decl":{"start":{"line":236,"column":2},"end":{"line":236,"column":7}},"loc":{"start":{"line":236,"column":42},"end":{"line":263,"column":3}}},"23":{"name":"(anonymous_23)","decl":{"start":{"line":237,"column":25},"end":{"line":237,"column":28}},"loc":{"start":{"line":237,"column":30},"end":{"line":262,"column":5}}},"24":{"name":"(anonymous_24)","decl":{"start":{"line":268,"column":2},"end":{"line":268,"column":7}},"loc":{"start":{"line":268,"column":17},"end":{"line":273,"column":3}}},"25":{"name":"(anonymous_25)","decl":{"start":{"line":269,"column":25},"end":{"line":269,"column":28}},"loc":{"start":{"line":269,"column":30},"end":{"line":272,"column":5}}},"26":{"name":"(anonymous_26)","decl":{"start":{"line":280,"column":2},"end":{"line":280,"column":7}},"loc":{"start":{"line":280,"column":20},"end":{"line":284,"column":3}}},"27":{"name":"(anonymous_27)","decl":{"start":{"line":281,"column":25},"end":{"line":281,"column":28}},"loc":{"start":{"line":281,"column":30},"end":{"line":283,"column":5}}},"28":{"name":"(anonymous_28)","decl":{"start":{"line":290,"column":2},"end":{"line":290,"column":7}},"loc":{"start":{"line":290,"column":12},"end":{"line":294,"column":3}}},"29":{"name":"(anonymous_29)","decl":{"start":{"line":291,"column":25},"end":{"line":291,"column":28}},"loc":{"start":{"line":291,"column":30},"end":{"line":293,"column":5}}},"30":{"name":"(anonymous_30)","decl":{"start":{"line":300,"column":2},"end":{"line":300,"column":7}},"loc":{"start":{"line":300,"column":15},"end":{"line":304,"column":3}}},"31":{"name":"(anonymous_31)","decl":{"start":{"line":301,"column":25},"end":{"line":301,"column":28}},"loc":{"start":{"line":301,"column":30},"end":{"line":303,"column":5}}},"32":{"name":"(anonymous_32)","decl":{"start":{"line":311,"column":2},"end":{"line":311,"column":7}},"loc":{"start":{"line":311,"column":67},"end":{"line":326,"column":3}}},"33":{"name":"(anonymous_33)","decl":{"start":{"line":312,"column":25},"end":{"line":312,"column":28}},"loc":{"start":{"line":312,"column":30},"end":{"line":325,"column":5}}},"34":{"name":"(anonymous_34)","decl":{"start":{"line":333,"column":2},"end":{"line":333,"column":7}},"loc":{"start":{"line":333,"column":30},"end":{"line":363,"column":3}}},"35":{"name":"(anonymous_35)","decl":{"start":{"line":334,"column":25},"end":{"line":334,"column":28}},"loc":{"start":{"line":334,"column":30},"end":{"line":362,"column":5}}},"36":{"name":"(anonymous_36)","decl":{"start":{"line":349,"column":27},"end":{"line":349,"column":28}},"loc":{"start":{"line":349,"column":37},"end":{"line":349,"column":42}}}},"branchMap":{"0":{"loc":{"start":{"line":36,"column":4},"end":{"line":38,"column":5}},"type":"if","locations":[{"start":{"line":36,"column":4},"end":{"line":38,"column":5}}]},"1":{"loc":{"start":{"line":98,"column":6},"end":{"line":106,"column":7}},"type":"if","locations":[{"start":{"line":98,"column":6},"end":{"line":106,"column":7}},{"start":{"line":101,"column":13},"end":{"line":106,"column":7}}]},"2":{"loc":{"start":{"line":123,"column":8},"end":{"line":131,"column":9}},"type":"if","locations":[{"start":{"line":123,"column":8},"end":{"line":131,"column":9}},{"start":{"line":126,"column":15},"end":{"line":131,"column":9}}]},"3":{"loc":{"start":{"line":155,"column":13},"end":{"line":155,"column":78}},"type":"cond-expr","locations":[{"start":{"line":155,"column":35},"end":{"line":155,"column":66}},{"start":{"line":155,"column":69},"end":{"line":155,"column":78}}]},"4":{"loc":{"start":{"line":179,"column":13},"end":{"line":179,"column":53}},"type":"cond-expr","locations":[{"start":{"line":179,"column":21},"end":{"line":179,"column":41}},{"start":{"line":179,"column":44},"end":{"line":179,"column":53}}]},"5":{"loc":{"start":{"line":192,"column":6},"end":{"line":194,"column":7}},"type":"if","locations":[{"start":{"line":192,"column":6},"end":{"line":194,"column":7}}]},"6":{"loc":{"start":{"line":211,"column":6},"end":{"line":213,"column":7}},"type":"if","locations":[{"start":{"line":211,"column":6},"end":{"line":213,"column":7}}]},"7":{"loc":{"start":{"line":243,"column":8},"end":{"line":246,"column":9}},"type":"if","locations":[{"start":{"line":243,"column":8},"end":{"line":246,"column":9}}]},"8":{"loc":{"start":{"line":317,"column":8},"end":{"line":321,"column":9}},"type":"if","locations":[{"start":{"line":317,"column":8},"end":{"line":321,"column":9}}]},"9":{"loc":{"start":{"line":341,"column":8},"end":{"line":345,"column":9}},"type":"if","locations":[{"start":{"line":341,"column":8},"end":{"line":345,"column":9}}]}},"s":{"0":0,"1":0,"2":0,"3":0,"4":0,"5":0,"6":0,"7":0,"8":0,"9":0,"10":0,"11":0,"12":0,"13":0,"14":0,"15":0,"16":0,"17":0,"18":0,"19":0,"20":0,"21":0,"22":0,"23":0,"24":0,"25":0,"26":0,"27":0,"28":0,"29":0,"30":0,"31":0,"32":0,"33":0,"34":0,"35":0,"36":0,"37":0,"38":0,"39":0,"40":0,"41":0,"42":0,"43":0,"44":0,"45":0,"46":0,"47":0,"48":0,"49":0,"50":0,"51":0,"52":0,"53":0,"54":0,"55":0,"56":0,"57":0,"58":0,"59":0,"60":0,"61":0,"62":0,"63":0,"64":0,"65":0,"66":0,"67":0,"68":0,"69":0,"70":0,"71":0,"72":0,"73":0,"74":0,"75":0,"76":0,"77":0,"78":0,"79":0,"80":0,"81":0,"82":0,"83":0,"84":0,"85":0,"86":0,"87":0,"88":0,"89":0,"90":0,"91":0,"92":0,"93":0,"94":0,"95":0,"96":0,"97":0,"98":0,"99":0,"100":0,"101":0,"102":0,"103":0,"104":0,"105":0,"106":0,"107":0,"108":0,"109":0,"110":0,"111":0,"112":0,"113":0,"114":0,"115":0},"f":{"0":0,"1":0,"2":0,"3":0,"4":0,"5":0,"6":0,"7":0,"8":0,"9":0,"10":0,"11":0,"12":0,"13":0,"14":0,"15":0,"16":0,"17":0,"18":0,"19":0,"20":0,"21":0,"22":0,"23":0,"24":0,"25":0,"26":0,"27":0,"28":0,"29":0,"30":0,"31":0,"32":0,"33":0,"34":0,"35":0,"36":0},"b":{"0":[0],"1":[0,0],"2":[0,0],"3":[0,0],"4":[0,0],"5":[0],"6":[0],"7":[0],"8":[0],"9":[0]}}
,"/Users/pt/work/purr/backend/src/app/helpers/file.helper.ts": {"path":"/Users/pt/work/purr/backend/src/app/helpers/file.helper.ts","statementMap":{"0":{"start":{"line":1,"column":0},"end":{"line":1,"column":29}},"1":{"start":{"line":2,"column":0},"end":{"line":2,"column":38}},"2":{"start":{"line":11,"column":19},"end":{"line":11,"column":33}},"3":{"start":{"line":13,"column":2},"end":{"line":39,"column":5}},"4":{"start":{"line":15,"column":14},"end":{"line":15,"column":24}},"5":{"start":{"line":17,"column":19},"end":{"line":19,"column":6}},"6":{"start":{"line":21,"column":4},"end":{"line":27,"column":7}},"7":{"start":{"line":23,"column":6},"end":{"line":26,"column":7}},"8":{"start":{"line":23,"column":19},"end":{"line":23,"column":20}},"9":{"start":{"line":24,"column":21},"end":{"line":24,"column":39}},"10":{"start":{"line":25,"column":8},"end":{"line":25,"column":58}},"11":{"start":{"line":29,"column":4},"end":{"line":34,"column":7}},"12":{"start":{"line":31,"column":6},"end":{"line":31,"column":37}},"13":{"start":{"line":33,"column":6},"end":{"line":33,"column":49}},"14":{"start":{"line":36,"column":4},"end":{"line":38,"column":7}},"15":{"start":{"line":37,"column":6},"end":{"line":37,"column":87}},"16":{"start":{"line":9,"column":0},"end":{"line":9,"column":7}},"17":{"start":{"line":47,"column":16},"end":{"line":47,"column":30}},"18":{"start":{"line":50,"column":2},"end":{"line":56,"column":3}},"19":{"start":{"line":50,"column":15},"end":{"line":50,"column":16}},"20":{"start":{"line":51,"column":4},"end":{"line":51,"column":10}},"21":{"start":{"line":52,"column":4},"end":{"line":54,"column":5}},"22":{"start":{"line":52,"column":17},"end":{"line":52,"column":18}},"23":{"start":{"line":53,"column":6},"end":{"line":53,"column":59}},"24":{"start":{"line":55,"column":4},"end":{"line":55,"column":17}},"25":{"start":{"line":58,"column":2},"end":{"line":58,"column":15}},"26":{"start":{"line":69,"column":13},"end":{"line":69,"column":23}},"27":{"start":{"line":70,"column":2},"end":{"line":73,"column":3}},"28":{"start":{"line":72,"column":4},"end":{"line":72,"column":39}},"29":{"start":{"line":76,"column":2},"end":{"line":76,"column":28}},"30":{"start":{"line":78,"column":2},"end":{"line":80,"column":3}},"31":{"start":{"line":79,"column":4},"end":{"line":79,"column":78}},"32":{"start":{"line":82,"column":2},"end":{"line":82,"column":14}},"33":{"start":{"line":68,"column":0},"end":{"line":68,"column":16}}},"fnMap":{"0":{"name":"crc32File","decl":{"start":{"line":9,"column":22},"end":{"line":9,"column":31}},"loc":{"start":{"line":9,"column":48},"end":{"line":40,"column":1}}},"1":{"name":"(anonymous_7)","decl":{"start":{"line":13,"column":21},"end":{"line":13,"column":22}},"loc":{"start":{"line":13,"column":41},"end":{"line":39,"column":3}}},"2":{"name":"(anonymous_8)","decl":{"start":{"line":21,"column":22},"end":{"line":21,"column":23}},"loc":{"start":{"line":21,"column":32},"end":{"line":27,"column":5}}},"3":{"name":"(anonymous_9)","decl":{"start":{"line":29,"column":21},"end":{"line":29,"column":24}},"loc":{"start":{"line":29,"column":26},"end":{"line":34,"column":5}}},"4":{"name":"(anonymous_10)","decl":{"start":{"line":36,"column":23},"end":{"line":36,"column":24}},"loc":{"start":{"line":36,"column":33},"end":{"line":38,"column":5}}},"5":{"name":"makeCRCTable","decl":{"start":{"line":46,"column":9},"end":{"line":46,"column":21}},"loc":{"start":{"line":46,"column":21},"end":{"line":59,"column":1}}},"6":{"name":"restrictFolderToRoot","decl":{"start":{"line":68,"column":16},"end":{"line":68,"column":36}},"loc":{"start":{"line":68,"column":69},"end":{"line":83,"column":1}}}},"branchMap":{"0":{"loc":{"start":{"line":53,"column":11},"end":{"line":53,"column":57}},"type":"cond-expr","locations":[{"start":{"line":53,"column":22},"end":{"line":53,"column":44}},{"start":{"line":53,"column":49},"end":{"line":53,"column":56}}]},"1":{"loc":{"start":{"line":70,"column":2},"end":{"line":73,"column":3}},"type":"if","locations":[{"start":{"line":70,"column":2},"end":{"line":73,"column":3}}]},"2":{"loc":{"start":{"line":78,"column":2},"end":{"line":80,"column":3}},"type":"if","locations":[{"start":{"line":78,"column":2},"end":{"line":80,"column":3}}]}},"s":{"0":0,"1":0,"2":0,"3":0,"4":0,"5":0,"6":0,"7":0,"8":0,"9":0,"10":0,"11":0,"12":0,"13":0,"14":0,"15":0,"16":0,"17":0,"18":0,"19":0,"20":0,"21":0,"22":0,"23":0,"24":0,"25":0,"26":0,"27":0,"28":0,"29":0,"30":0,"31":0,"32":0,"33":0},"f":{"0":0,"1":0,"2":0,"3":0,"4":0,"5":0,"6":0},"b":{"0":[0,0],"1":[0],"2":[0]}}
,"/Users/pt/work/purr/backend/src/app/helpers/index.ts": {"path":"/Users/pt/work/purr/backend/src/app/helpers/index.ts","statementMap":{"0":{"start":{"line":1,"column":0},"end":{"line":1,"column":32}},"1":{"start":{"line":2,"column":0},"end":{"line":2,"column":32}},"2":{"start":{"line":3,"column":0},"end":{"line":3,"column":32}},"3":{"start":{"line":4,"column":0},"end":{"line":4,"column":29}},"4":{"start":{"line":5,"column":0},"end":{"line":5,"column":30}}},"fnMap":{},"branchMap":{},"s":{"0":0,"1":0,"2":0,"3":0,"4":0},"f":{},"b":{}}
,"/Users/pt/work/purr/backend/src/app/helpers/pretty.helper.ts": {"path":"/Users/pt/work/purr/backend/src/app/helpers/pretty.helper.ts","statementMap":{"0":{"start":{"line":7,"column":2},"end":{"line":9,"column":3}},"1":{"start":{"line":8,"column":4},"end":{"line":8,"column":17}},"2":{"start":{"line":11,"column":16},"end":{"line":11,"column":69}},"3":{"start":{"line":12,"column":13},"end":{"line":12,"column":18}},"4":{"start":{"line":13,"column":18},"end":{"line":13,"column":19}},"5":{"start":{"line":15,"column":2},"end":{"line":18,"column":3}},"6":{"start":{"line":16,"column":4},"end":{"line":16,"column":17}},"7":{"start":{"line":17,"column":4},"end":{"line":17,"column":16}},"8":{"start":{"line":21,"column":20},"end":{"line":21,"column":56}},"9":{"start":{"line":22,"column":24},"end":{"line":22,"column":47}},"10":{"start":{"line":24,"column":20},"end":{"line":24,"column":56}},"11":{"start":{"line":25,"column":2},"end":{"line":25,"column":44}},"12":{"start":{"line":6,"column":0},"end":{"line":6,"column":16}},"13":{"start":{"line":34,"column":2},"end":{"line":36,"column":3}},"14":{"start":{"line":35,"column":4},"end":{"line":35,"column":18}},"15":{"start":{"line":38,"column":22},"end":{"line":43,"column":4}},"16":{"start":{"line":45,"column":13},"end":{"line":45,"column":15}},"17":{"start":{"line":46,"column":13},"end":{"line":46,"column":17}},"18":{"start":{"line":48,"column":2},"end":{"line":55,"column":3}},"19":{"start":{"line":49,"column":4},"end":{"line":54,"column":5}},"20":{"start":{"line":50,"column":6},"end":{"line":50,"column":33}},"21":{"start":{"line":51,"column":6},"end":{"line":51,"column":29}},"22":{"start":{"line":53,"column":6},"end":{"line":53,"column":12}},"23":{"start":{"line":58,"column":20},"end":{"line":58,"column":56}},"24":{"start":{"line":59,"column":24},"end":{"line":59,"column":47}},"25":{"start":{"line":61,"column":20},"end":{"line":61,"column":56}},"26":{"start":{"line":62,"column":2},"end":{"line":62,"column":32}},"27":{"start":{"line":33,"column":0},"end":{"line":33,"column":16}},"28":{"start":{"line":71,"column":2},"end":{"line":73,"column":3}},"29":{"start":{"line":72,"column":4},"end":{"line":72,"column":26}},"30":{"start":{"line":75,"column":15},"end":{"line":75,"column":27}},"31":{"start":{"line":78,"column":2},"end":{"line":80,"column":3}},"32":{"start":{"line":79,"column":4},"end":{"line":79,"column":26}},"33":{"start":{"line":82,"column":2},"end":{"line":82,"column":35}},"34":{"start":{"line":70,"column":0},"end":{"line":70,"column":16}}},"fnMap":{"0":{"name":"prettyBytes","decl":{"start":{"line":6,"column":16},"end":{"line":6,"column":27}},"loc":{"start":{"line":6,"column":41},"end":{"line":26,"column":1}}},"1":{"name":"prettyTime","decl":{"start":{"line":33,"column":16},"end":{"line":33,"column":26}},"loc":{"start":{"line":33,"column":37},"end":{"line":63,"column":1}}},"2":{"name":"prettyTimeOfDay","decl":{"start":{"line":70,"column":16},"end":{"line":70,"column":31}},"loc":{"start":{"line":70,"column":42},"end":{"line":83,"column":1}}}},"branchMap":{"0":{"loc":{"start":{"line":7,"column":2},"end":{"line":9,"column":3}},"type":"if","locations":[{"start":{"line":7,"column":2},"end":{"line":9,"column":3}}]},"1":{"loc":{"start":{"line":7,"column":6},"end":{"line":7,"column":42}},"type":"binary-expr","locations":[{"start":{"line":7,"column":6},"end":{"line":7,"column":29}},{"start":{"line":7,"column":33},"end":{"line":7,"column":42}}]},"2":{"loc":{"start":{"line":15,"column":9},"end":{"line":15,"column":53}},"type":"binary-expr","locations":[{"start":{"line":15,"column":9},"end":{"line":15,"column":21}},{"start":{"line":15,"column":25},"end":{"line":15,"column":53}}]},"3":{"loc":{"start":{"line":21,"column":20},"end":{"line":21,"column":56}},"type":"cond-expr","locations":[{"start":{"line":21,"column":34},"end":{"line":21,"column":35}},{"start":{"line":21,"column":38},"end":{"line":21,"column":56}}]},"4":{"loc":{"start":{"line":21,"column":38},"end":{"line":21,"column":56}},"type":"cond-expr","locations":[{"start":{"line":21,"column":51},"end":{"line":21,"column":52}},{"start":{"line":21,"column":55},"end":{"line":21,"column":56}}]},"5":{"loc":{"start":{"line":34,"column":2},"end":{"line":36,"column":3}},"type":"if","locations":[{"start":{"line":34,"column":2},"end":{"line":36,"column":3}}]},"6":{"loc":{"start":{"line":34,"column":6},"end":{"line":34,"column":36}},"type":"binary-expr","locations":[{"start":{"line":34,"column":6},"end":{"line":34,"column":26}},{"start":{"line":34,"column":30},"end":{"line":34,"column":36}}]},"7":{"loc":{"start":{"line":49,"column":4},"end":{"line":54,"column":5}},"type":"if","locations":[{"start":{"line":49,"column":4},"end":{"line":54,"column":5}},{"start":{"line":52,"column":11},"end":{"line":54,"column":5}}]},"8":{"loc":{"start":{"line":58,"column":20},"end":{"line":58,"column":56}},"type":"cond-expr","locations":[{"start":{"line":58,"column":34},"end":{"line":58,"column":35}},{"start":{"line":58,"column":38},"end":{"line":58,"column":56}}]},"9":{"loc":{"start":{"line":58,"column":38},"end":{"line":58,"column":56}},"type":"cond-expr","locations":[{"start":{"line":58,"column":51},"end":{"line":58,"column":52}},{"start":{"line":58,"column":55},"end":{"line":58,"column":56}}]},"10":{"loc":{"start":{"line":71,"column":2},"end":{"line":73,"column":3}},"type":"if","locations":[{"start":{"line":71,"column":2},"end":{"line":73,"column":3}}]},"11":{"loc":{"start":{"line":78,"column":2},"end":{"line":80,"column":3}},"type":"if","locations":[{"start":{"line":78,"column":2},"end":{"line":80,"column":3}}]}},"s":{"0":0,"1":0,"2":0,"3":0,"4":0,"5":0,"6":0,"7":0,"8":0,"9":0,"10":0,"11":0,"12":0,"13":0,"14":0,"15":0,"16":0,"17":0,"18":0,"19":0,"20":0,"21":0,"22":0,"23":0,"24":0,"25":0,"26":0,"27":0,"28":0,"29":0,"30":0,"31":0,"32":0,"33":0,"34":0},"f":{"0":0,"1":0,"2":0},"b":{"0":[0],"1":[0,0],"2":[0,0],"3":[0,0],"4":[0,0],"5":[0],"6":[0,0],"7":[0,0],"8":[0,0],"9":[0,0],"10":[0],"11":[0]}}
,"/Users/pt/work/purr/backend/src/app/helpers/promises.helper.ts": {"path":"/Users/pt/work/purr/backend/src/app/helpers/promises.helper.ts","statementMap":{"0":{"start":{"line":11,"column":23},"end":{"line":27,"column":1}},"1":{"start":{"line":14,"column":2},"end":{"line":20,"column":3}},"2":{"start":{"line":15,"column":4},"end":{"line":15,"column":17}},"3":{"start":{"line":16,"column":9},"end":{"line":20,"column":3}},"4":{"start":{"line":17,"column":4},"end":{"line":17,"column":25}},"5":{"start":{"line":19,"column":4},"end":{"line":19,"column":26}},"6":{"start":{"line":22,"column":2},"end":{"line":24,"column":3}},"7":{"start":{"line":23,"column":4},"end":{"line":23,"column":52}},"8":{"start":{"line":26,"column":2},"end":{"line":26,"column":59}},"9":{"start":{"line":26,"column":34},"end":{"line":26,"column":57}},"10":{"start":{"line":11,"column":13},"end":{"line":11,"column":23}}},"fnMap":{"0":{"name":"(anonymous_0)","decl":{"start":{"line":11,"column":23},"end":{"line":11,"column":24}},"loc":{"start":{"line":11,"column":64},"end":{"line":27,"column":1}}},"1":{"name":"(anonymous_1)","decl":{"start":{"line":26,"column":21},"end":{"line":26,"column":22}},"loc":{"start":{"line":26,"column":34},"end":{"line":26,"column":57}}}},"branchMap":{"0":{"loc":{"start":{"line":14,"column":2},"end":{"line":20,"column":3}},"type":"if","locations":[{"start":{"line":14,"column":2},"end":{"line":20,"column":3}},{"start":{"line":16,"column":9},"end":{"line":20,"column":3}}]},"1":{"loc":{"start":{"line":16,"column":9},"end":{"line":20,"column":3}},"type":"if","locations":[{"start":{"line":16,"column":9},"end":{"line":20,"column":3}},{"start":{"line":18,"column":9},"end":{"line":20,"column":3}}]},"2":{"loc":{"start":{"line":22,"column":2},"end":{"line":24,"column":3}},"type":"if","locations":[{"start":{"line":22,"column":2},"end":{"line":24,"column":3}}]}},"s":{"0":1,"1":0,"2":0,"3":0,"4":0,"5":0,"6":0,"7":0,"8":0,"9":0,"10":1},"f":{"0":0,"1":0},"b":{"0":[0,0],"1":[0,0],"2":[0]}}
,"/Users/pt/work/purr/backend/src/app/helpers/server.helper.ts": {"path":"/Users/pt/work/purr/backend/src/app/helpers/server.helper.ts","statementMap":{"0":{"start":{"line":1,"column":0},"end":{"line":1,"column":65}},"1":{"start":{"line":10,"column":2},"end":{"line":24,"column":3}},"2":{"start":{"line":11,"column":36},"end":{"line":11,"column":68}},"3":{"start":{"line":13,"column":26},"end":{"line":13,"column":62}},"4":{"start":{"line":14,"column":4},"end":{"line":17,"column":5}},"5":{"start":{"line":15,"column":19},"end":{"line":15,"column":40}},"6":{"start":{"line":16,"column":6},"end":{"line":16,"column":44}},"7":{"start":{"line":19,"column":4},"end":{"line":19,"column":21}},"8":{"start":{"line":22,"column":4},"end":{"line":22,"column":65}},"9":{"start":{"line":23,"column":4},"end":{"line":23,"column":21}},"10":{"start":{"line":9,"column":0},"end":{"line":9,"column":7}},"11":{"start":{"line":34,"column":2},"end":{"line":47,"column":3}},"12":{"start":{"line":35,"column":36},"end":{"line":41,"column":6}},"13":{"start":{"line":43,"column":4},"end":{"line":43,"column":35}},"14":{"start":{"line":46,"column":4},"end":{"line":46,"column":17}},"15":{"start":{"line":33,"column":0},"end":{"line":33,"column":7}}},"fnMap":{"0":{"name":"queryFileSize","decl":{"start":{"line":9,"column":22},"end":{"line":9,"column":35}},"loc":{"start":{"line":9,"column":79},"end":{"line":25,"column":1}}},"1":{"name":"queryRangesSupport","decl":{"start":{"line":33,"column":22},"end":{"line":33,"column":40}},"loc":{"start":{"line":33,"column":84},"end":{"line":48,"column":1}}}},"branchMap":{"0":{"loc":{"start":{"line":14,"column":4},"end":{"line":17,"column":5}},"type":"if","locations":[{"start":{"line":14,"column":4},"end":{"line":17,"column":5}}]},"1":{"loc":{"start":{"line":16,"column":13},"end":{"line":16,"column":43}},"type":"cond-expr","locations":[{"start":{"line":16,"column":27},"end":{"line":16,"column":36}},{"start":{"line":16,"column":39},"end":{"line":16,"column":43}}]}},"s":{"0":0,"1":0,"2":0,"3":0,"4":0,"5":0,"6":0,"7":0,"8":0,"9":0,"10":0,"11":0,"12":0,"13":0,"14":0,"15":0},"f":{"0":0,"1":0},"b":{"0":[0],"1":[0,0]}}
,"/Users/pt/work/purr/backend/src/app/helpers/url.helper.ts": {"path":"/Users/pt/work/purr/backend/src/app/helpers/url.helper.ts","statementMap":{"0":{"start":{"line":21,"column":20},"end":{"line":21,"column":33}},"1":{"start":{"line":22,"column":33},"end":{"line":22,"column":42}},"2":{"start":{"line":23,"column":60},"end":{"line":23,"column":69}},"3":{"start":{"line":26,"column":2},"end":{"line":28,"column":3}},"4":{"start":{"line":27,"column":4},"end":{"line":27,"column":18}},"5":{"start":{"line":31,"column":2},"end":{"line":35,"column":3}},"6":{"start":{"line":32,"column":48},"end":{"line":32,"column":65}},"7":{"start":{"line":33,"column":4},"end":{"line":33,"column":28}},"8":{"start":{"line":34,"column":4},"end":{"line":34,"column":31}},"9":{"start":{"line":38,"column":2},"end":{"line":48,"column":3}},"10":{"start":{"line":39,"column":27},"end":{"line":39,"column":48}},"11":{"start":{"line":40,"column":28},"end":{"line":40,"column":61}},"12":{"start":{"line":41,"column":23},"end":{"line":41,"column":57}},"13":{"start":{"line":42,"column":23},"end":{"line":42,"column":47}},"14":{"start":{"line":44,"column":4},"end":{"line":47,"column":5}},"15":{"start":{"line":45,"column":6},"end":{"line":45,"column":29}},"16":{"start":{"line":46,"column":6},"end":{"line":46,"column":24}},"17":{"start":{"line":51,"column":2},"end":{"line":57,"column":3}},"18":{"start":{"line":52,"column":4},"end":{"line":56,"column":5}},"19":{"start":{"line":53,"column":6},"end":{"line":53,"column":16}},"20":{"start":{"line":54,"column":11},"end":{"line":56,"column":5}},"21":{"start":{"line":55,"column":6},"end":{"line":55,"column":17}},"22":{"start":{"line":60,"column":2},"end":{"line":68,"column":3}},"23":{"start":{"line":61,"column":4},"end":{"line":67,"column":5}},"24":{"start":{"line":62,"column":6},"end":{"line":62,"column":26}},"25":{"start":{"line":63,"column":11},"end":{"line":67,"column":5}},"26":{"start":{"line":64,"column":6},"end":{"line":64,"column":25}},"27":{"start":{"line":66,"column":6},"end":{"line":66,"column":25}},"28":{"start":{"line":71,"column":2},"end":{"line":73,"column":3}},"29":{"start":{"line":72,"column":4},"end":{"line":72,"column":20}},"30":{"start":{"line":76,"column":29},"end":{"line":76,"column":31}},"31":{"start":{"line":78,"column":2},"end":{"line":80,"column":3}},"32":{"start":{"line":79,"column":4},"end":{"line":79,"column":35}},"33":{"start":{"line":82,"column":2},"end":{"line":88,"column":3}},"34":{"start":{"line":83,"column":4},"end":{"line":83,"column":28}},"35":{"start":{"line":84,"column":4},"end":{"line":86,"column":5}},"36":{"start":{"line":85,"column":6},"end":{"line":85,"column":36}},"37":{"start":{"line":87,"column":4},"end":{"line":87,"column":23}},"38":{"start":{"line":90,"column":2},"end":{"line":92,"column":3}},"39":{"start":{"line":91,"column":4},"end":{"line":91,"column":24}},"40":{"start":{"line":95,"column":2},"end":{"line":103,"column":3}},"41":{"start":{"line":96,"column":26},"end":{"line":97,"column":64}},"42":{"start":{"line":98,"column":4},"end":{"line":100,"column":5}},"43":{"start":{"line":99,"column":6},"end":{"line":99,"column":32}},"44":{"start":{"line":101,"column":9},"end":{"line":103,"column":3}},"45":{"start":{"line":102,"column":4},"end":{"line":102,"column":30}},"46":{"start":{"line":105,"column":2},"end":{"line":109,"column":3}},"47":{"start":{"line":107,"column":27},"end":{"line":107,"column":67}},"48":{"start":{"line":108,"column":4},"end":{"line":108,"column":34}},"49":{"start":{"line":111,"column":2},"end":{"line":115,"column":3}},"50":{"start":{"line":113,"column":28},"end":{"line":113,"column":78}},"51":{"start":{"line":114,"column":4},"end":{"line":114,"column":41}},"52":{"start":{"line":117,"column":2},"end":{"line":121,"column":3}},"53":{"start":{"line":119,"column":27},"end":{"line":119,"column":74}},"54":{"start":{"line":120,"column":4},"end":{"line":120,"column":40}},"55":{"start":{"line":123,"column":2},"end":{"line":123,"column":27}},"56":{"start":{"line":19,"column":0},"end":{"line":19,"column":16}}},"fnMap":{"0":{"name":"createUrl","decl":{"start":{"line":19,"column":16},"end":{"line":19,"column":25}},"loc":{"start":{"line":19,"column":47},"end":{"line":124,"column":1}}}},"branchMap":{"0":{"loc":{"start":{"line":26,"column":2},"end":{"line":28,"column":3}},"type":"if","locations":[{"start":{"line":26,"column":2},"end":{"line":28,"column":3}}]},"1":{"loc":{"start":{"line":31,"column":2},"end":{"line":35,"column":3}},"type":"if","locations":[{"start":{"line":31,"column":2},"end":{"line":35,"column":3}}]},"2":{"loc":{"start":{"line":31,"column":6},"end":{"line":31,"column":34}},"type":"binary-expr","locations":[{"start":{"line":31,"column":6},"end":{"line":31,"column":10}},{"start":{"line":31,"column":14},"end":{"line":31,"column":34}}]},"3":{"loc":{"start":{"line":38,"column":2},"end":{"line":48,"column":3}},"type":"if","locations":[{"start":{"line":38,"column":2},"end":{"line":48,"column":3}}]},"4":{"loc":{"start":{"line":38,"column":6},"end":{"line":38,"column":32}},"type":"binary-expr","locations":[{"start":{"line":38,"column":6},"end":{"line":38,"column":10}},{"start":{"line":38,"column":14},"end":{"line":38,"column":32}}]},"5":{"loc":{"start":{"line":44,"column":4},"end":{"line":47,"column":5}},"type":"if","locations":[{"start":{"line":44,"column":4},"end":{"line":47,"column":5}}]},"6":{"loc":{"start":{"line":44,"column":8},"end":{"line":44,"column":67}},"type":"binary-expr","locations":[{"start":{"line":44,"column":8},"end":{"line":44,"column":26}},{"start":{"line":44,"column":30},"end":{"line":44,"column":44}},{"start":{"line":44,"column":48},"end":{"line":44,"column":67}}]},"7":{"loc":{"start":{"line":51,"column":2},"end":{"line":57,"column":3}},"type":"if","locations":[{"start":{"line":51,"column":2},"end":{"line":57,"column":3}}]},"8":{"loc":{"start":{"line":51,"column":6},"end":{"line":51,"column":23}},"type":"binary-expr","locations":[{"start":{"line":51,"column":6},"end":{"line":51,"column":11}},{"start":{"line":51,"column":15},"end":{"line":51,"column":23}}]},"9":{"loc":{"start":{"line":52,"column":4},"end":{"line":56,"column":5}},"type":"if","locations":[{"start":{"line":52,"column":4},"end":{"line":56,"column":5}},{"start":{"line":54,"column":11},"end":{"line":56,"column":5}}]},"10":{"loc":{"start":{"line":54,"column":11},"end":{"line":56,"column":5}},"type":"if","locations":[{"start":{"line":54,"column":11},"end":{"line":56,"column":5}}]},"11":{"loc":{"start":{"line":60,"column":2},"end":{"line":68,"column":3}},"type":"if","locations":[{"start":{"line":60,"column":2},"end":{"line":68,"column":3}}]},"12":{"loc":{"start":{"line":60,"column":6},"end":{"line":60,"column":23}},"type":"binary-expr","locations":[{"start":{"line":60,"column":6},"end":{"line":60,"column":10}},{"start":{"line":60,"column":14},"end":{"line":60,"column":23}}]},"13":{"loc":{"start":{"line":61,"column":4},"end":{"line":67,"column":5}},"type":"if","locations":[{"start":{"line":61,"column":4},"end":{"line":67,"column":5}},{"start":{"line":63,"column":11},"end":{"line":67,"column":5}}]},"14":{"loc":{"start":{"line":63,"column":11},"end":{"line":67,"column":5}},"type":"if","locations":[{"start":{"line":63,"column":11},"end":{"line":67,"column":5}},{"start":{"line":65,"column":11},"end":{"line":67,"column":5}}]},"15":{"loc":{"start":{"line":71,"column":2},"end":{"line":73,"column":3}},"type":"if","locations":[{"start":{"line":71,"column":2},"end":{"line":73,"column":3}}]},"16":{"loc":{"start":{"line":71,"column":6},"end":{"line":71,"column":41}},"type":"binary-expr","locations":[{"start":{"line":71,"column":6},"end":{"line":71,"column":14}},{"start":{"line":71,"column":18},"end":{"line":71,"column":41}}]},"17":{"loc":{"start":{"line":78,"column":2},"end":{"line":80,"column":3}},"type":"if","locations":[{"start":{"line":78,"column":2},"end":{"line":80,"column":3}}]},"18":{"loc":{"start":{"line":82,"column":2},"end":{"line":88,"column":3}},"type":"if","locations":[{"start":{"line":82,"column":2},"end":{"line":88,"column":3}}]},"19":{"loc":{"start":{"line":84,"column":4},"end":{"line":86,"column":5}},"type":"if","locations":[{"start":{"line":84,"column":4},"end":{"line":86,"column":5}}]},"20":{"loc":{"start":{"line":90,"column":2},"end":{"line":92,"column":3}},"type":"if","locations":[{"start":{"line":90,"column":2},"end":{"line":92,"column":3}}]},"21":{"loc":{"start":{"line":95,"column":2},"end":{"line":103,"column":3}},"type":"if","locations":[{"start":{"line":95,"column":2},"end":{"line":103,"column":3}},{"start":{"line":101,"column":9},"end":{"line":103,"column":3}}]},"22":{"loc":{"start":{"line":95,"column":6},"end":{"line":95,"column":22}},"type":"binary-expr","locations":[{"start":{"line":95,"column":6},"end":{"line":95,"column":10}},{"start":{"line":95,"column":14},"end":{"line":95,"column":22}}]},"23":{"loc":{"start":{"line":96,"column":26},"end":{"line":97,"column":64}},"type":"binary-expr","locations":[{"start":{"line":96,"column":27},"end":{"line":96,"column":47}},{"start":{"line":96,"column":51},"end":{"line":96,"column":62}},{"start":{"line":97,"column":26},"end":{"line":97,"column":47}},{"start":{"line":97,"column":51},"end":{"line":97,"column":63}}]},"24":{"loc":{"start":{"line":98,"column":4},"end":{"line":100,"column":5}},"type":"if","locations":[{"start":{"line":98,"column":4},"end":{"line":100,"column":5}}]},"25":{"loc":{"start":{"line":101,"column":9},"end":{"line":103,"column":3}},"type":"if","locations":[{"start":{"line":101,"column":9},"end":{"line":103,"column":3}}]},"26":{"loc":{"start":{"line":101,"column":13},"end":{"line":101,"column":30}},"type":"binary-expr","locations":[{"start":{"line":101,"column":13},"end":{"line":101,"column":17}},{"start":{"line":101,"column":21},"end":{"line":101,"column":30}}]},"27":{"loc":{"start":{"line":105,"column":2},"end":{"line":109,"column":3}},"type":"if","locations":[{"start":{"line":105,"column":2},"end":{"line":109,"column":3}}]},"28":{"loc":{"start":{"line":107,"column":27},"end":{"line":107,"column":67}},"type":"cond-expr","locations":[{"start":{"line":107,"column":50},"end":{"line":107,"column":54}},{"start":{"line":107,"column":57},"end":{"line":107,"column":67}}]},"29":{"loc":{"start":{"line":111,"column":2},"end":{"line":115,"column":3}},"type":"if","locations":[{"start":{"line":111,"column":2},"end":{"line":115,"column":3}}]},"30":{"loc":{"start":{"line":113,"column":28},"end":{"line":113,"column":78}},"type":"cond-expr","locations":[{"start":{"line":113,"column":52},"end":{"line":113,"column":70}},{"start":{"line":113,"column":73},"end":{"line":113,"column":78}}]},"31":{"loc":{"start":{"line":117,"column":2},"end":{"line":121,"column":3}},"type":"if","locations":[{"start":{"line":117,"column":2},"end":{"line":121,"column":3}}]},"32":{"loc":{"start":{"line":119,"column":27},"end":{"line":119,"column":74}},"type":"cond-expr","locations":[{"start":{"line":119,"column":50},"end":{"line":119,"column":67}},{"start":{"line":119,"column":70},"end":{"line":119,"column":74}}]}},"s":{"0":0,"1":0,"2":0,"3":0,"4":0,"5":0,"6":0,"7":0,"8":0,"9":0,"10":0,"11":0,"12":0,"13":0,"14":0,"15":0,"16":0,"17":0,"18":0,"19":0,"20":0,"21":0,"22":0,"23":0,"24":0,"25":0,"26":0,"27":0,"28":0,"29":0,"30":0,"31":0,"32":0,"33":0,"34":0,"35":0,"36":0,"37":0,"38":0,"39":0,"40":0,"41":0,"42":0,"43":0,"44":0,"45":0,"46":0,"47":0,"48":0,"49":0,"50":0,"51":0,"52":0,"53":0,"54":0,"55":0,"56":0},"f":{"0":0},"b":{"0":[0],"1":[0],"2":[0,0],"3":[0],"4":[0,0],"5":[0],"6":[0,0,0],"7":[0],"8":[0,0],"9":[0,0],"10":[0],"11":[0],"12":[0,0],"13":[0,0],"14":[0,0],"15":[0],"16":[0,0],"17":[0],"18":[0],"19":[0],"20":[0],"21":[0,0],"22":[0,0],"23":[0,0,0,0],"24":[0],"25":[0],"26":[0,0],"27":[0],"28":[0,0],"29":[0],"30":[0,0],"31":[0],"32":[0,0]}}
,"/Users/pt/work/purr/backend/src/app/helpers/volume.helper.ts": {"path":"/Users/pt/work/purr/backend/src/app/helpers/volume.helper.ts","statementMap":{"0":{"start":{"line":3,"column":0},"end":{"line":3,"column":24}},"1":{"start":{"line":11,"column":26},"end":{"line":11,"column":49}},"2":{"start":{"line":12,"column":2},"end":{"line":12,"column":85}},"3":{"start":{"line":10,"column":0},"end":{"line":10,"column":16}},"4":{"start":{"line":24,"column":2},"end":{"line":32,"column":3}},"5":{"start":{"line":25,"column":24},"end":{"line":25,"column":63}},"6":{"start":{"line":26,"column":21},"end":{"line":26,"column":65}},"7":{"start":{"line":27,"column":17},"end":{"line":27,"column":54}},"8":{"start":{"line":29,"column":4},"end":{"line":29,"column":47}},"9":{"start":{"line":31,"column":4},"end":{"line":31,"column":124}},"10":{"start":{"line":23,"column":0},"end":{"line":23,"column":16}},"11":{"start":{"line":42,"column":2},"end":{"line":42,"column":83}},"12":{"start":{"line":59,"column":26},"end":{"line":59,"column":57}},"13":{"start":{"line":61,"column":2},"end":{"line":81,"column":3}},"14":{"start":{"line":62,"column":21},"end":{"line":62,"column":67}},"15":{"start":{"line":63,"column":17},"end":{"line":63,"column":42}},"16":{"start":{"line":66,"column":4},"end":{"line":68,"column":5}},"17":{"start":{"line":67,"column":6},"end":{"line":67,"column":22}},"18":{"start":{"line":70,"column":4},"end":{"line":72,"column":5}},"19":{"start":{"line":71,"column":6},"end":{"line":71,"column":22}},"20":{"start":{"line":75,"column":4},"end":{"line":80,"column":5}},"21":{"start":{"line":76,"column":21},"end":{"line":76,"column":70}},"22":{"start":{"line":77,"column":6},"end":{"line":79,"column":7}},"23":{"start":{"line":78,"column":8},"end":{"line":78,"column":22}},"24":{"start":{"line":83,"column":2},"end":{"line":83,"column":19}},"25":{"start":{"line":53,"column":0},"end":{"line":53,"column":16}}},"fnMap":{"0":{"name":"getFirstFileOrFolder","decl":{"start":{"line":10,"column":16},"end":{"line":10,"column":36}},"loc":{"start":{"line":10,"column":51},"end":{"line":13,"column":1}}},"1":{"name":"getMeta","decl":{"start":{"line":23,"column":16},"end":{"line":23,"column":23}},"loc":{"start":{"line":23,"column":56},"end":{"line":33,"column":1}}},"2":{"name":"matchesPattern","decl":{"start":{"line":41,"column":9},"end":{"line":41,"column":23}},"loc":{"start":{"line":41,"column":66},"end":{"line":43,"column":1}}},"3":{"name":"findFileOrFolder","decl":{"start":{"line":53,"column":16},"end":{"line":53,"column":32}},"loc":{"start":{"line":57,"column":27},"end":{"line":84,"column":1}}}},"branchMap":{"0":{"loc":{"start":{"line":12,"column":9},"end":{"line":12,"column":84}},"type":"cond-expr","locations":[{"start":{"line":12,"column":38},"end":{"line":12,"column":72}},{"start":{"line":12,"column":75},"end":{"line":12,"column":84}}]},"1":{"loc":{"start":{"line":26,"column":21},"end":{"line":26,"column":65}},"type":"cond-expr","locations":[{"start":{"line":26,"column":35},"end":{"line":26,"column":54}},{"start":{"line":26,"column":57},"end":{"line":26,"column":65}}]},"2":{"loc":{"start":{"line":31,"column":64},"end":{"line":31,"column":120}},"type":"cond-expr","locations":[{"start":{"line":31,"column":89},"end":{"line":31,"column":102}},{"start":{"line":31,"column":105},"end":{"line":31,"column":120}}]},"3":{"loc":{"start":{"line":42,"column":9},"end":{"line":42,"column":82}},"type":"cond-expr","locations":[{"start":{"line":42,"column":37},"end":{"line":42,"column":59}},{"start":{"line":42,"column":62},"end":{"line":42,"column":82}}]},"4":{"loc":{"start":{"line":57,"column":2},"end":{"line":57,"column":27}},"type":"default-arg","locations":[{"start":{"line":57,"column":24},"end":{"line":57,"column":27}}]},"5":{"loc":{"start":{"line":66,"column":4},"end":{"line":68,"column":5}},"type":"if","locations":[{"start":{"line":66,"column":4},"end":{"line":68,"column":5}}]},"6":{"loc":{"start":{"line":66,"column":8},"end":{"line":66,"column":91}},"type":"binary-expr","locations":[{"start":{"line":66,"column":8},"end":{"line":66,"column":23}},{"start":{"line":66,"column":27},"end":{"line":66,"column":40}},{"start":{"line":66,"column":44},"end":{"line":66,"column":91}}]},"7":{"loc":{"start":{"line":70,"column":4},"end":{"line":72,"column":5}},"type":"if","locations":[{"start":{"line":70,"column":4},"end":{"line":72,"column":5}}]},"8":{"loc":{"start":{"line":70,"column":8},"end":{"line":70,"column":98}},"type":"binary-expr","locations":[{"start":{"line":70,"column":8},"end":{"line":70,"column":25}},{"start":{"line":70,"column":29},"end":{"line":70,"column":47}},{"start":{"line":70,"column":51},"end":{"line":70,"column":98}}]},"9":{"loc":{"start":{"line":75,"column":4},"end":{"line":80,"column":5}},"type":"if","locations":[{"start":{"line":75,"column":4},"end":{"line":80,"column":5}}]},"10":{"loc":{"start":{"line":77,"column":6},"end":{"line":79,"column":7}},"type":"if","locations":[{"start":{"line":77,"column":6},"end":{"line":79,"column":7}}]}},"s":{"0":0,"1":0,"2":0,"3":0,"4":0,"5":0,"6":0,"7":0,"8":0,"9":0,"10":0,"11":0,"12":0,"13":0,"14":0,"15":0,"16":0,"17":0,"18":0,"19":0,"20":0,"21":0,"22":0,"23":0,"24":0,"25":0},"f":{"0":0,"1":0,"2":0,"3":0},"b":{"0":[0,0],"1":[0,0],"2":[0,0],"3":[0,0],"4":[0],"5":[0],"6":[0,0,0],"7":[0],"8":[0,0,0],"9":[0],"10":[0]}}
,"/Users/pt/work/purr/backend/src/app/modules/index.ts": {"path":"/Users/pt/work/purr/backend/src/app/modules/index.ts","statementMap":{"0":{"start":{"line":1,"column":0},"end":{"line":1,"column":35}},"1":{"start":{"line":2,"column":0},"end":{"line":2,"column":24}},"2":{"start":{"line":3,"column":0},"end":{"line":3,"column":27}}},"fnMap":{},"branchMap":{},"s":{"0":0,"1":0,"2":0},"f":{},"b":{}}
,"/Users/pt/work/purr/backend/src/app/modules/configuration/configuration.module.ts": {"path":"/Users/pt/work/purr/backend/src/app/modules/configuration/configuration.module.ts","statementMap":{"0":{"start":{"line":1,"column":0},"end":{"line":1,"column":40}},"1":{"start":{"line":2,"column":0},"end":{"line":2,"column":46}},"2":{"start":{"line":3,"column":0},"end":{"line":3,"column":46}},"3":{"start":{"line":4,"column":0},"end":{"line":4,"column":56}},"4":{"start":{"line":16,"column":7},"end":{"line":18,"column":null}},"5":{"start":{"line":16,"column":13},"end":{"line":16,"column":32}},"6":{"start":{"line":16,"column":13},"end":{"line":18,"column":null}}},"fnMap":{},"branchMap":{},"s":{"0":0,"1":0,"2":0,"3":0,"4":0,"5":0,"6":0},"f":{},"b":{}}
,"/Users/pt/work/purr/backend/src/app/modules/configuration/index.ts": {"path":"/Users/pt/work/purr/backend/src/app/modules/configuration/index.ts","statementMap":{"0":{"start":{"line":1,"column":0},"end":{"line":1,"column":27}},"1":{"start":{"line":2,"column":0},"end":{"line":2,"column":39}}},"fnMap":{},"branchMap":{},"s":{"0":0,"1":0},"f":{},"b":{}}
,"/Users/pt/work/purr/backend/src/app/modules/configuration/services/app-config.service.ts": {"path":"/Users/pt/work/purr/backend/src/app/modules/configuration/services/app-config.service.ts","statementMap":{"0":{"start":{"line":1,"column":0},"end":{"line":1,"column":62}},"1":{"start":{"line":2,"column":0},"end":{"line":2,"column":47}},"2":{"start":{"line":3,"column":0},"end":{"line":3,"column":20}},"3":{"start":{"line":4,"column":0},"end":{"line":4,"column":24}},"4":{"start":{"line":6,"column":0},"end":{"line":6,"column":35}},"5":{"start":{"line":7,"column":0},"end":{"line":7,"column":59}},"6":{"start":{"line":8,"column":0},"end":{"line":8,"column":58}},"7":{"start":{"line":13,"column":13},"end":{"line":38,"column":11}},"8":{"start":{"line":44,"column":21},"end":{"line":87,"column":2}},"9":{"start":{"line":77,"column":2},"end":{"line":86,"column":3}},"10":{"start":{"line":78,"column":4},"end":{"line":85,"column":5}},"11":{"start":{"line":79,"column":6},"end":{"line":84,"column":9}},"12":{"start":{"line":96,"column":29},"end":{"line":342,"column":null}},"13":{"start":{"line":100,"column":31},"end":{"line":100,"column":46}},"14":{"start":{"line":97,"column":19},"end":{"line":97,"column":62}},"15":{"start":{"line":101,"column":4},"end":{"line":101,"column":81}},"16":{"start":{"line":102,"column":4},"end":{"line":104,"column":7}},"17":{"start":{"line":103,"column":6},"end":{"line":103,"column":51}},"18":{"start":{"line":107,"column":22},"end":{"line":107,"column":42}},"19":{"start":{"line":108,"column":23},"end":{"line":108,"column":56}},"20":{"start":{"line":110,"column":4},"end":{"line":121,"column":5}},"21":{"start":{"line":111,"column":6},"end":{"line":111,"column":73}},"22":{"start":{"line":112,"column":7},"end":{"line":114,"column":9}},"23":{"start":{"line":113,"column":8},"end":{"line":113,"column":75}},"24":{"start":{"line":117,"column":6},"end":{"line":119,"column":7}},"25":{"start":{"line":118,"column":8},"end":{"line":118,"column":59}},"26":{"start":{"line":120,"column":6},"end":{"line":120,"column":22}},"27":{"start":{"line":123,"column":4},"end":{"line":123,"column":34}},"28":{"start":{"line":126,"column":4},"end":{"line":126,"column":28}},"29":{"start":{"line":130,"column":4},"end":{"line":155,"column":6}},"30":{"start":{"line":159,"column":18},"end":{"line":159,"column":46}},"31":{"start":{"line":160,"column":4},"end":{"line":160,"column":54}},"32":{"start":{"line":164,"column":18},"end":{"line":164,"column":46}},"33":{"start":{"line":165,"column":4},"end":{"line":165,"column":33}},"34":{"start":{"line":169,"column":18},"end":{"line":169,"column":46}},"35":{"start":{"line":170,"column":4},"end":{"line":170,"column":72}},"36":{"start":{"line":170,"column":47},"end":{"line":170,"column":55}},"37":{"start":{"line":174,"column":18},"end":{"line":174,"column":46}},"38":{"start":{"line":175,"column":4},"end":{"line":175,"column":51}},"39":{"start":{"line":179,"column":18},"end":{"line":179,"column":46}},"40":{"start":{"line":180,"column":4},"end":{"line":182,"column":5}},"41":{"start":{"line":181,"column":6},"end":{"line":181,"column":16}},"42":{"start":{"line":184,"column":21},"end":{"line":184,"column":37}},"43":{"start":{"line":185,"column":35},"end":{"line":185,"column":37}},"44":{"start":{"line":187,"column":4},"end":{"line":195,"column":5}},"45":{"start":{"line":188,"column":31},"end":{"line":188,"column":49}},"46":{"start":{"line":189,"column":6},"end":{"line":194,"column":7}},"47":{"start":{"line":190,"column":8},"end":{"line":193,"column":11}},"48":{"start":{"line":197,"column":4},"end":{"line":197,"column":19}},"49":{"start":{"line":202,"column":4},"end":{"line":202,"column":49}},"50":{"start":{"line":203,"column":4},"end":{"line":203,"column":50}},"51":{"start":{"line":204,"column":4},"end":{"line":204,"column":50}},"52":{"start":{"line":205,"column":4},"end":{"line":205,"column":71}},"53":{"start":{"line":206,"column":4},"end":{"line":206,"column":134}},"54":{"start":{"line":207,"column":4},"end":{"line":207,"column":109}},"55":{"start":{"line":208,"column":4},"end":{"line":208,"column":71}},"56":{"start":{"line":209,"column":4},"end":{"line":209,"column":101}},"57":{"start":{"line":209,"column":79},"end":{"line":209,"column":85}},"58":{"start":{"line":210,"column":4},"end":{"line":210,"column":81}},"59":{"start":{"line":211,"column":4},"end":{"line":211,"column":85}},"60":{"start":{"line":212,"column":4},"end":{"line":212,"column":90}},"61":{"start":{"line":213,"column":4},"end":{"line":213,"column":84}},"62":{"start":{"line":214,"column":4},"end":{"line":214,"column":77}},"63":{"start":{"line":215,"column":4},"end":{"line":215,"column":107}},"64":{"start":{"line":215,"column":85},"end":{"line":215,"column":91}},"65":{"start":{"line":216,"column":4},"end":{"line":216,"column":95}},"66":{"start":{"line":217,"column":4},"end":{"line":217,"column":105}},"67":{"start":{"line":218,"column":4},"end":{"line":218,"column":75}},"68":{"start":{"line":219,"column":4},"end":{"line":219,"column":84}},"69":{"start":{"line":220,"column":4},"end":{"line":220,"column":84}},"70":{"start":{"line":221,"column":4},"end":{"line":221,"column":121}},"71":{"start":{"line":222,"column":4},"end":{"line":222,"column":127}},"72":{"start":{"line":223,"column":4},"end":{"line":223,"column":130}},"73":{"start":{"line":224,"column":4},"end":{"line":224,"column":115}},"74":{"start":{"line":225,"column":4},"end":{"line":225,"column":122}},"75":{"start":{"line":226,"column":4},"end":{"line":226,"column":87}},"76":{"start":{"line":231,"column":4},"end":{"line":231,"column":64}},"77":{"start":{"line":235,"column":4},"end":{"line":235,"column":63}},"78":{"start":{"line":239,"column":4},"end":{"line":239,"column":57}},"79":{"start":{"line":244,"column":4},"end":{"line":244,"column":54}},"80":{"start":{"line":248,"column":4},"end":{"line":248,"column":28}},"81":{"start":{"line":252,"column":4},"end":{"line":252,"column":28}},"82":{"start":{"line":256,"column":4},"end":{"line":256,"column":33}},"83":{"start":{"line":260,"column":4},"end":{"line":260,"column":37}},"84":{"start":{"line":264,"column":4},"end":{"line":264,"column":41}},"85":{"start":{"line":268,"column":4},"end":{"line":268,"column":38}},"86":{"start":{"line":272,"column":4},"end":{"line":272,"column":55}},"87":{"start":{"line":276,"column":4},"end":{"line":276,"column":42}},"88":{"start":{"line":280,"column":4},"end":{"line":280,"column":44}},"89":{"start":{"line":284,"column":4},"end":{"line":284,"column":46}},"90":{"start":{"line":288,"column":4},"end":{"line":288,"column":43}},"91":{"start":{"line":292,"column":4},"end":{"line":292,"column":41}},"92":{"start":{"line":296,"column":4},"end":{"line":296,"column":58}},"93":{"start":{"line":300,"column":4},"end":{"line":300,"column":43}},"94":{"start":{"line":304,"column":4},"end":{"line":304,"column":48}},"95":{"start":{"line":308,"column":4},"end":{"line":308,"column":40}},"96":{"start":{"line":312,"column":4},"end":{"line":312,"column":44}},"97":{"start":{"line":316,"column":4},"end":{"line":316,"column":44}},"98":{"start":{"line":320,"column":4},"end":{"line":320,"column":62}},"99":{"start":{"line":324,"column":4},"end":{"line":324,"column":59}},"100":{"start":{"line":329,"column":4},"end":{"line":331,"column":5}},"101":{"start":{"line":330,"column":6},"end":{"line":330,"column":63}},"102":{"start":{"line":332,"column":4},"end":{"line":332,"column":60}},"103":{"start":{"line":336,"column":4},"end":{"line":336,"column":59}},"104":{"start":{"line":340,"column":4},"end":{"line":340,"column":62}},"105":{"start":{"line":96,"column":13},"end":{"line":96,"column":29}},"106":{"start":{"line":96,"column":13},"end":{"line":342,"column":null}}},"fnMap":{"0":{"name":"(anonymous_9)","decl":{"start":{"line":75,"column":15},"end":{"line":75,"column":16}},"loc":{"start":{"line":75,"column":29},"end":{"line":87,"column":1}}},"1":{"name":"(anonymous_10)","decl":{"start":{"line":100,"column":2},"end":{"line":100,"column":31}},"loc":{"start":{"line":100,"column":59},"end":{"line":127,"column":3}}},"2":{"name":"(anonymous_11)","decl":{"start":{"line":102,"column":30},"end":{"line":102,"column":31}},"loc":{"start":{"line":102,"column":46},"end":{"line":104,"column":5}}},"3":{"name":"(anonymous_12)","decl":{"start":{"line":112,"column":47},"end":{"line":112,"column":48}},"loc":{"start":{"line":112,"column":62},"end":{"line":114,"column":7}}},"4":{"name":"(anonymous_13)","decl":{"start":{"line":129,"column":10},"end":{"line":129,"column":23}},"loc":{"start":{"line":129,"column":23},"end":{"line":156,"column":3}}},"5":{"name":"(anonymous_14)","decl":{"start":{"line":158,"column":10},"end":{"line":158,"column":20}},"loc":{"start":{"line":158,"column":56},"end":{"line":161,"column":3}}},"6":{"name":"(anonymous_15)","decl":{"start":{"line":163,"column":10},"end":{"line":163,"column":23}},"loc":{"start":{"line":163,"column":59},"end":{"line":166,"column":3}}},"7":{"name":"(anonymous_16)","decl":{"start":{"line":168,"column":10},"end":{"line":168,"column":22}},"loc":{"start":{"line":168,"column":60},"end":{"line":171,"column":3}}},"8":{"name":"(anonymous_17)","decl":{"start":{"line":170,"column":40},"end":{"line":170,"column":41}},"loc":{"start":{"line":170,"column":47},"end":{"line":170,"column":55}}},"9":{"name":"(anonymous_18)","decl":{"start":{"line":173,"column":10},"end":{"line":173,"column":24}},"loc":{"start":{"line":173,"column":61},"end":{"line":176,"column":3}}},"10":{"name":"(anonymous_19)","decl":{"start":{"line":178,"column":10},"end":{"line":178,"column":24}},"loc":{"start":{"line":178,"column":37},"end":{"line":198,"column":3}}},"11":{"name":"(anonymous_20)","decl":{"start":{"line":200,"column":10},"end":{"line":200,"column":26}},"loc":{"start":{"line":200,"column":26},"end":{"line":227,"column":3}}},"12":{"name":"(anonymous_21)","decl":{"start":{"line":209,"column":72},"end":{"line":209,"column":73}},"loc":{"start":{"line":209,"column":79},"end":{"line":209,"column":85}}},"13":{"name":"(anonymous_22)","decl":{"start":{"line":215,"column":78},"end":{"line":215,"column":79}},"loc":{"start":{"line":215,"column":85},"end":{"line":215,"column":91}}},"14":{"name":"(anonymous_23)","decl":{"start":{"line":230,"column":2},"end":{"line":230,"column":6}},"loc":{"start":{"line":230,"column":11},"end":{"line":232,"column":3}}},"15":{"name":"(anonymous_24)","decl":{"start":{"line":234,"column":2},"end":{"line":234,"column":6}},"loc":{"start":{"line":234,"column":12},"end":{"line":236,"column":3}}},"16":{"name":"(anonymous_25)","decl":{"start":{"line":238,"column":2},"end":{"line":238,"column":6}},"loc":{"start":{"line":238,"column":12},"end":{"line":240,"column":3}}},"17":{"name":"(anonymous_26)","decl":{"start":{"line":243,"column":2},"end":{"line":243,"column":6}},"loc":{"start":{"line":243,"column":22},"end":{"line":245,"column":3}}},"18":{"name":"(anonymous_27)","decl":{"start":{"line":247,"column":2},"end":{"line":247,"column":6}},"loc":{"start":{"line":247,"column":10},"end":{"line":249,"column":3}}},"19":{"name":"(anonymous_28)","decl":{"start":{"line":251,"column":2},"end":{"line":251,"column":6}},"loc":{"start":{"line":251,"column":10},"end":{"line":253,"column":3}}},"20":{"name":"(anonymous_29)","decl":{"start":{"line":255,"column":2},"end":{"line":255,"column":6}},"loc":{"start":{"line":255,"column":15},"end":{"line":257,"column":3}}},"21":{"name":"(anonymous_30)","decl":{"start":{"line":259,"column":2},"end":{"line":259,"column":6}},"loc":{"start":{"line":259,"column":19},"end":{"line":261,"column":3}}},"22":{"name":"(anonymous_31)","decl":{"start":{"line":263,"column":2},"end":{"line":263,"column":6}},"loc":{"start":{"line":263,"column":23},"end":{"line":265,"column":3}}},"23":{"name":"(anonymous_32)","decl":{"start":{"line":267,"column":2},"end":{"line":267,"column":6}},"loc":{"start":{"line":267,"column":20},"end":{"line":269,"column":3}}},"24":{"name":"(anonymous_33)","decl":{"start":{"line":271,"column":2},"end":{"line":271,"column":6}},"loc":{"start":{"line":271,"column":20},"end":{"line":273,"column":3}}},"25":{"name":"(anonymous_34)","decl":{"start":{"line":275,"column":2},"end":{"line":275,"column":6}},"loc":{"start":{"line":275,"column":24},"end":{"line":277,"column":3}}},"26":{"name":"(anonymous_35)","decl":{"start":{"line":279,"column":2},"end":{"line":279,"column":6}},"loc":{"start":{"line":279,"column":26},"end":{"line":281,"column":3}}},"27":{"name":"(anonymous_36)","decl":{"start":{"line":283,"column":2},"end":{"line":283,"column":6}},"loc":{"start":{"line":283,"column":28},"end":{"line":285,"column":3}}},"28":{"name":"(anonymous_37)","decl":{"start":{"line":287,"column":2},"end":{"line":287,"column":6}},"loc":{"start":{"line":287,"column":25},"end":{"line":289,"column":3}}},"29":{"name":"(anonymous_38)","decl":{"start":{"line":291,"column":2},"end":{"line":291,"column":6}},"loc":{"start":{"line":291,"column":23},"end":{"line":293,"column":3}}},"30":{"name":"(anonymous_39)","decl":{"start":{"line":295,"column":2},"end":{"line":295,"column":6}},"loc":{"start":{"line":295,"column":23},"end":{"line":297,"column":3}}},"31":{"name":"(anonymous_40)","decl":{"start":{"line":299,"column":2},"end":{"line":299,"column":6}},"loc":{"start":{"line":299,"column":25},"end":{"line":301,"column":3}}},"32":{"name":"(anonymous_41)","decl":{"start":{"line":303,"column":2},"end":{"line":303,"column":6}},"loc":{"start":{"line":303,"column":30},"end":{"line":305,"column":3}}},"33":{"name":"(anonymous_42)","decl":{"start":{"line":307,"column":2},"end":{"line":307,"column":6}},"loc":{"start":{"line":307,"column":22},"end":{"line":309,"column":3}}},"34":{"name":"(anonymous_43)","decl":{"start":{"line":311,"column":2},"end":{"line":311,"column":6}},"loc":{"start":{"line":311,"column":26},"end":{"line":313,"column":3}}},"35":{"name":"(anonymous_44)","decl":{"start":{"line":315,"column":2},"end":{"line":315,"column":6}},"loc":{"start":{"line":315,"column":26},"end":{"line":317,"column":3}}},"36":{"name":"(anonymous_45)","decl":{"start":{"line":319,"column":2},"end":{"line":319,"column":6}},"loc":{"start":{"line":319,"column":44},"end":{"line":321,"column":3}}},"37":{"name":"(anonymous_46)","decl":{"start":{"line":323,"column":2},"end":{"line":323,"column":6}},"loc":{"start":{"line":323,"column":41},"end":{"line":325,"column":3}}},"38":{"name":"(anonymous_47)","decl":{"start":{"line":327,"column":2},"end":{"line":327,"column":6}},"loc":{"start":{"line":327,"column":42},"end":{"line":333,"column":3}}},"39":{"name":"(anonymous_48)","decl":{"start":{"line":335,"column":2},"end":{"line":335,"column":6}},"loc":{"start":{"line":335,"column":41},"end":{"line":337,"column":3}}},"40":{"name":"(anonymous_49)","decl":{"start":{"line":339,"column":2},"end":{"line":339,"column":6}},"loc":{"start":{"line":339,"column":44},"end":{"line":341,"column":3}}}},"branchMap":{"0":{"loc":{"start":{"line":77,"column":2},"end":{"line":86,"column":3}},"type":"if","locations":[{"start":{"line":77,"column":2},"end":{"line":86,"column":3}}]},"1":{"loc":{"start":{"line":78,"column":4},"end":{"line":85,"column":5}},"type":"if","locations":[{"start":{"line":78,"column":4},"end":{"line":85,"column":5}}]},"2":{"loc":{"start":{"line":110,"column":4},"end":{"line":121,"column":5}},"type":"if","locations":[{"start":{"line":110,"column":4},"end":{"line":121,"column":5}}]},"3":{"loc":{"start":{"line":117,"column":6},"end":{"line":119,"column":7}},"type":"if","locations":[{"start":{"line":117,"column":6},"end":{"line":119,"column":7}}]},"4":{"loc":{"start":{"line":160,"column":11},"end":{"line":160,"column":53}},"type":"cond-expr","locations":[{"start":{"line":160,"column":19},"end":{"line":160,"column":38}},{"start":{"line":160,"column":41},"end":{"line":160,"column":53}}]},"5":{"loc":{"start":{"line":165,"column":11},"end":{"line":165,"column":32}},"type":"binary-expr","locations":[{"start":{"line":165,"column":11},"end":{"line":165,"column":16}},{"start":{"line":165,"column":20},"end":{"line":165,"column":32}}]},"6":{"loc":{"start":{"line":170,"column":11},"end":{"line":170,"column":71}},"type":"cond-expr","locations":[{"start":{"line":170,"column":19},"end":{"line":170,"column":56}},{"start":{"line":170,"column":59},"end":{"line":170,"column":71}}]},"7":{"loc":{"start":{"line":175,"column":11},"end":{"line":175,"column":50}},"type":"cond-expr","locations":[{"start":{"line":175,"column":19},"end":{"line":175,"column":35}},{"start":{"line":175,"column":38},"end":{"line":175,"column":50}}]},"8":{"loc":{"start":{"line":180,"column":4},"end":{"line":182,"column":5}},"type":"if","locations":[{"start":{"line":180,"column":4},"end":{"line":182,"column":5}}]},"9":{"loc":{"start":{"line":189,"column":6},"end":{"line":194,"column":7}},"type":"if","locations":[{"start":{"line":189,"column":6},"end":{"line":194,"column":7}}]},"10":{"loc":{"start":{"line":189,"column":10},"end":{"line":189,"column":26}},"type":"binary-expr","locations":[{"start":{"line":189,"column":10},"end":{"line":189,"column":14}},{"start":{"line":189,"column":18},"end":{"line":189,"column":26}}]},"11":{"loc":{"start":{"line":329,"column":4},"end":{"line":331,"column":5}},"type":"if","locations":[{"start":{"line":329,"column":4},"end":{"line":331,"column":5}}]}},"s":{"0":0,"1":0,"2":0,"3":0,"4":0,"5":0,"6":0,"7":0,"8":0,"9":0,"10":0,"11":0,"12":0,"13":0,"14":0,"15":0,"16":0,"17":0,"18":0,"19":0,"20":0,"21":0,"22":0,"23":0,"24":0,"25":0,"26":0,"27":0,"28":0,"29":0,"30":0,"31":0,"32":0,"33":0,"34":0,"35":0,"36":0,"37":0,"38":0,"39":0,"40":0,"41":0,"42":0,"43":0,"44":0,"45":0,"46":0,"47":0,"48":0,"49":0,"50":0,"51":0,"52":0,"53":0,"54":0,"55":0,"56":0,"57":0,"58":0,"59":0,"60":0,"61":0,"62":0,"63":0,"64":0,"65":0,"66":0,"67":0,"68":0,"69":0,"70":0,"71":0,"72":0,"73":0,"74":0,"75":0,"76":0,"77":0,"78":0,"79":0,"80":0,"81":0,"82":0,"83":0,"84":0,"85":0,"86":0,"87":0,"88":0,"89":0,"90":0,"91":0,"92":0,"93":0,"94":0,"95":0,"96":0,"97":0,"98":0,"99":0,"100":0,"101":0,"102":0,"103":0,"104":0,"105":0,"106":0},"f":{"0":0,"1":0,"2":0,"3":0,"4":0,"5":0,"6":0,"7":0,"8":0,"9":0,"10":0,"11":0,"12":0,"13":0,"14":0,"15":0,"16":0,"17":0,"18":0,"19":0,"20":0,"21":0,"22":0,"23":0,"24":0,"25":0,"26":0,"27":0,"28":0,"29":0,"30":0,"31":0,"32":0,"33":0,"34":0,"35":0,"36":0,"37":0,"38":0,"39":0,"40":0},"b":{"0":[0],"1":[0],"2":[0],"3":[0],"4":[0,0],"5":[0,0],"6":[0,0],"7":[0,0],"8":[0],"9":[0],"10":[0,0],"11":[0]}}
,"/Users/pt/work/purr/backend/src/app/modules/configuration/services/index.ts": {"path":"/Users/pt/work/purr/backend/src/app/modules/configuration/services/index.ts","statementMap":{"0":{"start":{"line":1,"column":0},"end":{"line":1,"column":36}}},"fnMap":{},"branchMap":{},"s":{"0":0},"f":{},"b":{}}
,"/Users/pt/work/purr/backend/src/app/modules/configuration/utils/env-paths.util.ts": {"path":"/Users/pt/work/purr/backend/src/app/modules/configuration/utils/env-paths.util.ts","statementMap":{"0":{"start":{"line":1,"column":0},"end":{"line":1,"column":47}},"1":{"start":{"line":2,"column":0},"end":{"line":2,"column":46}},"2":{"start":{"line":3,"column":0},"end":{"line":3,"column":63}},"3":{"start":{"line":6,"column":17},"end":{"line":6,"column":95}},"4":{"start":{"line":12,"column":2},"end":{"line":28,"column":3}},"5":{"start":{"line":13,"column":28},"end":{"line":13,"column":62}},"6":{"start":{"line":14,"column":4},"end":{"line":16,"column":5}},"7":{"start":{"line":15,"column":6},"end":{"line":15,"column":19}},"8":{"start":{"line":18,"column":24},"end":{"line":18,"column":74}},"9":{"start":{"line":21,"column":4},"end":{"line":24,"column":6}},"10":{"start":{"line":26,"column":4},"end":{"line":26,"column":56}},"11":{"start":{"line":27,"column":4},"end":{"line":27,"column":17}},"12":{"start":{"line":36,"column":19},"end":{"line":36,"column":32}},"13":{"start":{"line":37,"column":35},"end":{"line":37,"column":39}},"14":{"start":{"line":40,"column":2},"end":{"line":46,"column":3}},"15":{"start":{"line":41,"column":4},"end":{"line":44,"column":5}},"16":{"start":{"line":42,"column":6},"end":{"line":42,"column":31}},"17":{"start":{"line":43,"column":6},"end":{"line":43,"column":12}},"18":{"start":{"line":45,"column":4},"end":{"line":45,"column":37}},"19":{"start":{"line":48,"column":2},"end":{"line":51,"column":3}},"20":{"start":{"line":49,"column":4},"end":{"line":49,"column":82}},"21":{"start":{"line":50,"column":4},"end":{"line":50,"column":14}},"22":{"start":{"line":54,"column":26},"end":{"line":54,"column":28}},"23":{"start":{"line":55,"column":2},"end":{"line":60,"column":3}},"24":{"start":{"line":56,"column":21},"end":{"line":56,"column":60}},"25":{"start":{"line":57,"column":4},"end":{"line":59,"column":5}},"26":{"start":{"line":58,"column":6},"end":{"line":58,"column":27}},"27":{"start":{"line":62,"column":2},"end":{"line":62,"column":15}},"28":{"start":{"line":35,"column":0},"end":{"line":35,"column":16}}},"fnMap":{"0":{"name":"isMonorepoRoot","decl":{"start":{"line":11,"column":9},"end":{"line":11,"column":23}},"loc":{"start":{"line":11,"column":41},"end":{"line":29,"column":1}}},"1":{"name":"getEnvFilePaths","decl":{"start":{"line":35,"column":16},"end":{"line":35,"column":31}},"loc":{"start":{"line":35,"column":31},"end":{"line":63,"column":1}}}},"branchMap":{"0":{"loc":{"start":{"line":6,"column":32},"end":{"line":6,"column":86}},"type":"binary-expr","locations":[{"start":{"line":6,"column":32},"end":{"line":6,"column":52}},{"start":{"line":6,"column":56},"end":{"line":6,"column":86}}]},"1":{"loc":{"start":{"line":14,"column":4},"end":{"line":16,"column":5}},"type":"if","locations":[{"start":{"line":14,"column":4},"end":{"line":16,"column":5}}]},"2":{"loc":{"start":{"line":22,"column":6},"end":{"line":23,"column":91}},"type":"binary-expr","locations":[{"start":{"line":22,"column":6},"end":{"line":22,"column":43}},{"start":{"line":23,"column":7},"end":{"line":23,"column":44}},{"start":{"line":23,"column":48},"end":{"line":23,"column":90}}]},"3":{"loc":{"start":{"line":41,"column":4},"end":{"line":44,"column":5}},"type":"if","locations":[{"start":{"line":41,"column":4},"end":{"line":44,"column":5}}]},"4":{"loc":{"start":{"line":48,"column":2},"end":{"line":51,"column":3}},"type":"if","locations":[{"start":{"line":48,"column":2},"end":{"line":51,"column":3}}]},"5":{"loc":{"start":{"line":57,"column":4},"end":{"line":59,"column":5}},"type":"if","locations":[{"start":{"line":57,"column":4},"end":{"line":59,"column":5}}]}},"s":{"0":0,"1":0,"2":0,"3":0,"4":0,"5":0,"6":0,"7":0,"8":0,"9":0,"10":0,"11":0,"12":0,"13":0,"14":0,"15":0,"16":0,"17":0,"18":0,"19":0,"20":0,"21":0,"22":0,"23":0,"24":0,"25":0,"26":0,"27":0,"28":0},"f":{"0":0,"1":0},"b":{"0":[0,0],"1":[0],"2":[0,0,0],"3":[0],"4":[0],"5":[0]}}
,"/Users/pt/work/purr/backend/src/app/modules/download-manager/download-manager.module.ts": {"path":"/Users/pt/work/purr/backend/src/app/modules/download-manager/download-manager.module.ts","statementMap":{"0":{"start":{"line":1,"column":0},"end":{"line":1,"column":52}},"1":{"start":{"line":2,"column":0},"end":{"line":2,"column":83}},"2":{"start":{"line":3,"column":0},"end":{"line":3,"column":52}},"3":{"start":{"line":4,"column":0},"end":{"line":4,"column":48}},"4":{"start":{"line":5,"column":0},"end":{"line":5,"column":39}},"5":{"start":{"line":6,"column":0},"end":{"line":6,"column":55}},"6":{"start":{"line":7,"column":0},"end":{"line":7,"column":83}},"7":{"start":{"line":8,"column":0},"end":{"line":8,"column":55}},"8":{"start":{"line":9,"column":0},"end":{"line":9,"column":64}},"9":{"start":{"line":10,"column":0},"end":{"line":10,"column":52}},"10":{"start":{"line":38,"column":7},"end":{"line":38,"column":null}},"11":{"start":{"line":38,"column":13},"end":{"line":38,"column":34}},"12":{"start":{"line":38,"column":13},"end":{"line":38,"column":null}},"13":{"start":{"line":15,"column":21},"end":{"line":15,"column":32}}},"fnMap":{"0":{"name":"(anonymous_1)","decl":{"start":{"line":15,"column":15},"end":{"line":15,"column":18}},"loc":{"start":{"line":15,"column":21},"end":{"line":15,"column":32}}}},"branchMap":{},"s":{"0":0,"1":0,"2":0,"3":0,"4":0,"5":0,"6":0,"7":0,"8":0,"9":0,"10":0,"11":0,"12":0,"13":0},"f":{"0":0},"b":{}}
,"/Users/pt/work/purr/backend/src/app/modules/download-manager/index.ts": {"path":"/Users/pt/work/purr/backend/src/app/modules/download-manager/index.ts","statementMap":{"0":{"start":{"line":1,"column":0},"end":{"line":1,"column":42}},"1":{"start":{"line":2,"column":0},"end":{"line":2,"column":27}},"2":{"start":{"line":3,"column":0},"end":{"line":3,"column":31}},"3":{"start":{"line":4,"column":0},"end":{"line":4,"column":27}},"4":{"start":{"line":5,"column":0},"end":{"line":5,"column":24}}},"fnMap":{},"branchMap":{},"s":{"0":0,"1":0,"2":0,"3":0,"4":0},"f":{},"b":{}}
[...]
,"/Users/pt/work/purr/backend/src/app/modules/uploader/services/index.ts": {"path":"/Users/pt/work/purr/backend/src/app/modules/uploader/services/index.ts","statementMap":{"0":{"start":{"line":1,"column":0},"end":{"line":1,"column":34}},"1":{"start":{"line":2,"column":0},"end":{"line":2,"column":33}}},"fnMap":{},"branchMap":{},"s":{"0":0,"1":0},"f":{},"b":{}}
,"/Users/pt/work/purr/backend/src/app/modules/uploader/services/uploader.service.ts": {"path":"/Users/pt/work/purr/backend/src/app/modules/uploader/services/uploader.service.ts","statementMap":{"0":{"start":{"line":1,"column":0},"end":{"line":1,"column":52}},"1":{"start":{"line":2,"column":0},"end":{"line":2,"column":25}},"2":{"start":{"line":3,"column":0},"end":{"line":3,"column":33}},"3":{"start":{"line":4,"column":0},"end":{"line":4,"column":42}},"4":{"start":{"line":7,"column":0},"end":{"line":7,"column":43}},"5":{"start":{"line":9,"column":28},"end":{"line":9,"column":67}},"6":{"start":{"line":24,"column":28},"end":{"line":85,"column":null}},"7":{"start":{"line":28,"column":21},"end":{"line":28,"column":35}},"8":{"start":{"line":25,"column":19},"end":{"line":25,"column":61}},"9":{"start":{"line":33,"column":4},"end":{"line":35,"column":5}},"10":{"start":{"line":34,"column":6},"end":{"line":34,"column":18}},"11":{"start":{"line":37,"column":4},"end":{"line":37,"column":17}},"12":{"start":{"line":41,"column":4},"end":{"line":41,"column":70}},"13":{"start":{"line":49,"column":4},"end":{"line":83,"column":5}},"14":{"start":{"line":50,"column":25},"end":{"line":50,"column":54}},"15":{"start":{"line":51,"column":23},"end":{"line":51,"column":37}},"16":{"start":{"line":52,"column":23},"end":{"line":52,"column":64}},"17":{"start":{"line":53,"column":6},"end":{"line":53,"column":52}},"18":{"start":{"line":54,"column":16},"end":{"line":63,"column":8}},"19":{"start":{"line":65,"column":6},"end":{"line":65,"column":41}},"20":{"start":{"line":67,"column":20},"end":{"line":67,"column":37}},"21":{"start":{"line":68,"column":6},"end":{"line":80,"column":7}},"22":{"start":{"line":69,"column":39},"end":{"line":69,"column":72}},"23":{"start":{"line":70,"column":8},"end":{"line":73,"column":9}},"24":{"start":{"line":71,"column":10},"end":{"line":71,"column":112}},"25":{"start":{"line":72,"column":10},"end":{"line":72,"column":83}},"26":{"start":{"line":75,"column":8},"end":{"line":75,"column":99}},"27":{"start":{"line":76,"column":13},"end":{"line":80,"column":7}},"28":{"start":{"line":77,"column":8},"end":{"line":77,"column":108}},"29":{"start":{"line":79,"column":8},"end":{"line":79,"column":69}},"30":{"start":{"line":82,"column":6},"end":{"line":82,"column":18}},"31":{"start":{"line":24,"column":13},"end":{"line":24,"column":28}},"32":{"start":{"line":24,"column":13},"end":{"line":85,"column":null}}},"fnMap":{"0":{"name":"(anonymous_9)","decl":{"start":{"line":27,"column":2},"end":{"line":27,"column":null}},"loc":{"start":{"line":28,"column":47},"end":{"line":29,"column":6}}},"1":{"name":"(anonymous_10)","decl":{"start":{"line":31,"column":2},"end":{"line":31,"column":24}},"loc":{"start":{"line":31,"column":37},"end":{"line":38,"column":3}}},"2":{"name":"(anonymous_11)","decl":{"start":{"line":40,"column":2},"end":{"line":40,"column":14}},"loc":{"start":{"line":40,"column":30},"end":{"line":42,"column":3}}},"3":{"name":"(anonymous_12)","decl":{"start":{"line":48,"column":2},"end":{"line":48,"column":7}},"loc":{"start":{"line":48,"column":41},"end":{"line":84,"column":3}}}},"branchMap":{"0":{"loc":{"start":{"line":33,"column":4},"end":{"line":35,"column":5}},"type":"if","locations":[{"start":{"line":33,"column":4},"end":{"line":35,"column":5}}]},"1":{"loc":{"start":{"line":33,"column":8},"end":{"line":33,"column":91}},"type":"binary-expr","locations":[{"start":{"line":33,"column":8},"end":{"line":33,"column":33}},{"start":{"line":33,"column":37},"end":{"line":33,"column":61}},{"start":{"line":33,"column":65},"end":{"line":33,"column":91}}]},"2":{"loc":{"start":{"line":52,"column":23},"end":{"line":52,"column":64}},"type":"binary-expr","locations":[{"start":{"line":52,"column":23},"end":{"line":52,"column":35}},{"start":{"line":52,"column":39},"end":{"line":52,"column":64}}]},"3":{"loc":{"start":{"line":68,"column":6},"end":{"line":80,"column":7}},"type":"if","locations":[{"start":{"line":68,"column":6},"end":{"line":80,"column":7}},{"start":{"line":76,"column":13},"end":{"line":80,"column":7}}]},"4":{"loc":{"start":{"line":70,"column":8},"end":{"line":73,"column":9}},"type":"if","locations":[{"start":{"line":70,"column":8},"end":{"line":73,"column":9}}]},"5":{"loc":{"start":{"line":76,"column":13},"end":{"line":80,"column":7}},"type":"if","locations":[{"start":{"line":76,"column":13},"end":{"line":80,"column":7}},{"start":{"line":78,"column":13},"end":{"line":80,"column":7}}]}},"s":{"0":0,"1":0,"2":0,"3":0,"4":0,"5":0,"6":0,"7":0,"8":0,"9":0,"10":0,"11":0,"12":0,"13":0,"14":0,"15":0,"16":0,"17":0,"18":0,"19":0,"20":0,"21":0,"22":0,"23":0,"24":0,"25":0,"26":0,"27":0,"28":0,"29":0,"30":0,"31":0,"32":0},"f":{"0":0,"1":0,"2":0,"3":0},"b":{"0":[0],"1":[0,0,0],"2":[0,0],"3":[0,0],"4":[0],"5":[0,0]}}
,"/Users/pt/work/purr/backend/src/app/modules/uploader/services/watcher.service.ts": {"path":"/Users/pt/work/purr/backend/src/app/modules/uploader/services/watcher.service.ts","statementMap":{"0":{"start":{"line":1,"column":0},"end":{"line":1,"column":52}},"1":{"start":{"line":2,"column":0},"end":{"line":2,"column":37}},"2":{"start":{"line":3,"column":0},"end":{"line":3,"column":60}},"3":{"start":{"line":4,"column":0},"end":{"line":4,"column":53}},"4":{"start":{"line":5,"column":0},"end":{"line":5,"column":43}},"5":{"start":{"line":6,"column":0},"end":{"line":6,"column":25}},"6":{"start":{"line":7,"column":0},"end":{"line":7,"column":29}},"7":{"start":{"line":10,"column":27},"end":{"line":72,"column":null}},"8":{"start":{"line":13,"column":21},"end":{"line":13,"column":28}},"9":{"start":{"line":14,"column":21},"end":{"line":14,"column":29}},"10":{"start":{"line":11,"column":19},"end":{"line":11,"column":60}},"11":{"start":{"line":22,"column":17},"end":{"line":22,"column":55}},"12":{"start":{"line":23,"column":25},"end":{"line":23,"column":47}},"13":{"start":{"line":25,"column":4},"end":{"line":27,"column":5}},"14":{"start":{"line":26,"column":6},"end":{"line":26,"column":82}},"15":{"start":{"line":30,"column":4},"end":{"line":30,"column":50}},"16":{"start":{"line":33,"column":4},"end":{"line":35,"column":6}},"17":{"start":{"line":37,"column":4},"end":{"line":51,"column":7}},"18":{"start":{"line":38,"column":6},"end":{"line":50,"column":7}},"19":{"start":{"line":39,"column":8},"end":{"line":49,"column":9}},"20":{"start":{"line":40,"column":10},"end":{"line":48,"column":31}},"21":{"start":{"line":41,"column":30},"end":{"line":41,"column":51}},"22":{"start":{"line":42,"column":12},"end":{"line":42,"column":34}},"23":{"start":{"line":43,"column":12},"end":{"line":43,"column":46}},"24":{"start":{"line":44,"column":12},"end":{"line":44,"column":54}},"25":{"start":{"line":46,"column":12},"end":{"line":46,"column":32}},"26":{"start":{"line":47,"column":12},"end":{"line":47,"column":65}},"27":{"start":{"line":55,"column":4},"end":{"line":70,"column":5}},"28":{"start":{"line":57,"column":20},"end":{"line":57,"column":47}},"29":{"start":{"line":58,"column":6},"end":{"line":66,"column":7}},"30":{"start":{"line":59,"column":29},"end":{"line":59,"column":60}},"31":{"start":{"line":60,"column":8},"end":{"line":65,"column":9}},"32":{"start":{"line":61,"column":28},"end":{"line":61,"column":49}},"33":{"start":{"line":62,"column":10},"end":{"line":62,"column":39}},"34":{"start":{"line":63,"column":10},"end":{"line":63,"column":40}},"35":{"start":{"line":64,"column":10},"end":{"line":64,"column":52}},"36":{"start":{"line":69,"column":6},"end":{"line":69,"column":112}},"37":{"start":{"line":10,"column":13},"end":{"line":10,"column":27}},"38":{"start":{"line":10,"column":13},"end":{"line":72,"column":null}}},"fnMap":{"0":{"name":"(anonymous_8)","decl":{"start":{"line":12,"column":2},"end":{"line":12,"column":null}},"loc":{"start":{"line":14,"column":44},"end":{"line":15,"column":6}}},"1":{"name":"(anonymous_9)","decl":{"start":{"line":21,"column":2},"end":{"line":21,"column":7}},"loc":{"start":{"line":21,"column":43},"end":{"line":52,"column":3}}},"2":{"name":"(anonymous_10)","decl":{"start":{"line":37,"column":39},"end":{"line":37,"column":44}},"loc":{"start":{"line":37,"column":61},"end":{"line":51,"column":5}}},"3":{"name":"(anonymous_11)","decl":{"start":{"line":54,"column":12},"end":{"line":54,"column":17}},"loc":{"start":{"line":54,"column":66},"end":{"line":71,"column":3}}}},"branchMap":{"0":{"loc":{"start":{"line":25,"column":4},"end":{"line":27,"column":5}},"type":"if","locations":[{"start":{"line":25,"column":4},"end":{"line":27,"column":5}}]},"1":{"loc":{"start":{"line":38,"column":6},"end":{"line":50,"column":7}},"type":"if","locations":[{"start":{"line":38,"column":6},"end":{"line":50,"column":7}}]},"2":{"loc":{"start":{"line":38,"column":10},"end":{"line":38,"column":47}},"type":"binary-expr","locations":[{"start":{"line":38,"column":10},"end":{"line":38,"column":25}},{"start":{"line":38,"column":29},"end":{"line":38,"column":47}}]},"3":{"loc":{"start":{"line":39,"column":8},"end":{"line":49,"column":9}},"type":"if","locations":[{"start":{"line":39,"column":8},"end":{"line":49,"column":9}}]},"4":{"loc":{"start":{"line":60,"column":8},"end":{"line":65,"column":9}},"type":"if","locations":[{"start":{"line":60,"column":8},"end":{"line":65,"column":9}}]},"5":{"loc":{"start":{"line":69,"column":68},"end":{"line":69,"column":108}},"type":"cond-expr","locations":[{"start":{"line":69,"column":91},"end":{"line":69,"column":102}},{"start":{"line":69,"column":105},"end":{"line":69,"column":108}}]}},"s":{"0":0,"1":0,"2":0,"3":0,"4":0,"5":0,"6":0,"7":0,"8":0,"9":0,"10":0,"11":0,"12":0,"13":0,"14":0,"15":0,"16":0,"17":0,"18":0,"19":0,"20":0,"21":0,"22":0,"23":0,"24":0,"25":0,"26":0,"27":0,"28":0,"29":0,"30":0,"31":0,"32":0,"33":0,"34":0,"35":0,"36":0,"37":0,"38":0},"f":{"0":0,"1":0,"2":0,"3":0},"b":{"0":[0],"1":[0],"2":[0,0],"3":[0],"4":[0],"5":[0,0]}}
,"/Users/pt/work/purr/backend/src/app/stats/index.ts": {"path":"/Users/pt/work/purr/backend/src/app/stats/index.ts","statementMap":{"0":{"start":{"line":1,"column":0},"end":{"line":1,"column":32}}},"fnMap":{},"branchMap":{},"s":{"0":1},"f":{},"b":{}}
,"/Users/pt/work/purr/backend/src/app/stats/speed-tracker.ts": {"path":"/Users/pt/work/purr/backend/src/app/stats/speed-tracker.ts","statementMap":{"0":{"start":{"line":22,"column":21},"end":{"line":22,"column":45}},"1":{"start":{"line":24,"column":21},"end":{"line":24,"column":52}},"2":{"start":{"line":16,"column":19},"end":{"line":16,"column":57}},"3":{"start":{"line":17,"column":10},"end":{"line":17,"column":24}},"4":{"start":{"line":18,"column":10},"end":{"line":18,"column":38}},"5":{"start":{"line":26,"column":4},"end":{"line":26,"column":35}},"6":{"start":{"line":27,"column":4},"end":{"line":27,"column":27}},"7":{"start":{"line":31,"column":18},"end":{"line":31,"column":46}},"8":{"start":{"line":35,"column":4},"end":{"line":41,"column":5}},"9":{"start":{"line":37,"column":6},"end":{"line":37,"column":35}},"10":{"start":{"line":40,"column":6},"end":{"line":40,"column":52}},"11":{"start":{"line":43,"column":4},"end":{"line":43,"column":38}},"12":{"start":{"line":46,"column":25},"end":{"line":46,"column":50}},"13":{"start":{"line":47,"column":4},"end":{"line":47,"column":57}},"14":{"start":{"line":50,"column":4},"end":{"line":53,"column":5}},"15":{"start":{"line":51,"column":6},"end":{"line":51,"column":36}},"16":{"start":{"line":52,"column":6},"end":{"line":52,"column":46}},"17":{"start":{"line":52,"column":39},"end":{"line":52,"column":44}},"18":{"start":{"line":63,"column":4},"end":{"line":65,"column":5}},"19":{"start":{"line":64,"column":6},"end":{"line":64,"column":15}},"20":{"start":{"line":67,"column":38},"end":{"line":67,"column":73}},"21":{"start":{"line":68,"column":21},"end":{"line":68,"column":47}},"22":{"start":{"line":71,"column":4},"end":{"line":73,"column":5}},"23":{"start":{"line":72,"column":6},"end":{"line":72,"column":15}},"24":{"start":{"line":76,"column":14},"end":{"line":76,"column":15}},"25":{"start":{"line":77,"column":4},"end":{"line":79,"column":5}},"26":{"start":{"line":77,"column":21},"end":{"line":77,"column":31}},"27":{"start":{"line":78,"column":6},"end":{"line":78,"column":39}},"28":{"start":{"line":81,"column":4},"end":{"line":81,"column":26}},"29":{"start":{"line":92,"column":38},"end":{"line":92,"column":73}},"30":{"start":{"line":94,"column":4},"end":{"line":96,"column":5}},"31":{"start":{"line":95,"column":6},"end":{"line":95,"column":73}},"32":{"start":{"line":99,"column":27},"end":{"line":99,"column":29}},"33":{"start":{"line":100,"column":31},"end":{"line":100,"column":67}},"34":{"start":{"line":101,"column":29},"end":{"line":101,"column":64}},"35":{"start":{"line":104,"column":4},"end":{"line":106,"column":5}},"36":{"start":{"line":104,"column":17},"end":{"line":104,"column":18}},"37":{"start":{"line":105,"column":6},"end":{"line":105,"column":18}},"38":{"start":{"line":108,"column":4},"end":{"line":113,"column":5}},"39":{"start":{"line":108,"column":21},"end":{"line":108,"column":31}},"40":{"start":{"line":109,"column":28},"end":{"line":109,"column":59}},"41":{"start":{"line":110,"column":25},"end":{"line":110,"column":59}},"42":{"start":{"line":112,"column":6},"end":{"line":112,"column":52}},"43":{"start":{"line":115,"column":4},"end":{"line":115,"column":73}},"44":{"start":{"line":119,"column":4},"end":{"line":121,"column":5}},"45":{"start":{"line":120,"column":6},"end":{"line":120,"column":45}},"46":{"start":{"line":123,"column":23},"end":{"line":123,"column":43}},"47":{"start":{"line":124,"column":22},"end":{"line":124,"column":69}},"48":{"start":{"line":127,"column":4},"end":{"line":130,"column":6}},"49":{"start":{"line":138,"column":37},"end":{"line":138,"column":39}},"50":{"start":{"line":140,"column":4},"end":{"line":148,"column":5}},"51":{"start":{"line":141,"column":6},"end":{"line":147,"column":7}},"52":{"start":{"line":142,"column":8},"end":{"line":142,"column":32}},"53":{"start":{"line":143,"column":8},"end":{"line":143,"column":35}},"54":{"start":{"line":146,"column":8},"end":{"line":146,"column":14}},"55":{"start":{"line":151,"column":4},"end":{"line":151,"column":83}},"56":{"start":{"line":151,"column":58},"end":{"line":151,"column":81}},"57":{"start":{"line":159,"column":4},"end":{"line":159,"column":22}},"58":{"start":{"line":160,"column":4},"end":{"line":160,"column":27}},"59":{"start":{"line":161,"column":4},"end":{"line":161,"column":40}},"60":{"start":{"line":15,"column":0},"end":{"line":15,"column":13}}},"fnMap":{"0":{"name":"(anonymous_0)","decl":{"start":{"line":20,"column":2},"end":{"line":20,"column":null}},"loc":{"start":{"line":24,"column":56},"end":{"line":28,"column":3}}},"1":{"name":"(anonymous_1)","decl":{"start":{"line":30,"column":2},"end":{"line":30,"column":8}},"loc":{"start":{"line":30,"column":46},"end":{"line":54,"column":3}}},"2":{"name":"(anonymous_2)","decl":{"start":{"line":52,"column":29},"end":{"line":52,"column":30}},"loc":{"start":{"line":52,"column":39},"end":{"line":52,"column":44}}},"3":{"name":"(anonymous_3)","decl":{"start":{"line":62,"column":2},"end":{"line":62,"column":7}},"loc":{"start":{"line":62,"column":33},"end":{"line":82,"column":3}}},"4":{"name":"(anonymous_4)","decl":{"start":{"line":91,"column":2},"end":{"line":91,"column":11}},"loc":{"start":{"line":91,"column":62},"end":{"line":116,"column":3}}},"5":{"name":"(anonymous_5)","decl":{"start":{"line":118,"column":10},"end":{"line":118,"column":27}},"loc":{"start":{"line":118,"column":53},"end":{"line":131,"column":3}}},"6":{"name":"(anonymous_6)","decl":{"start":{"line":137,"column":2},"end":{"line":137,"column":17}},"loc":{"start":{"line":137,"column":40},"end":{"line":152,"column":3}}},"7":{"name":"(anonymous_7)","decl":{"start":{"line":151,"column":49},"end":{"line":151,"column":54}},"loc":{"start":{"line":151,"column":58},"end":{"line":151,"column":81}}},"8":{"name":"(anonymous_8)","decl":{"start":{"line":158,"column":2},"end":{"line":158,"column":8}},"loc":{"start":{"line":158,"column":8},"end":{"line":162,"column":3}}}},"branchMap":{"0":{"loc":{"start":{"line":22,"column":21},"end":{"line":22,"column":46}},"type":"default-arg","locations":[{"start":{"line":22,"column":45},"end":{"line":22,"column":46}}]},"1":{"loc":{"start":{"line":24,"column":21},"end":{"line":24,"column":56}},"type":"default-arg","locations":[{"start":{"line":24,"column":52},"end":{"line":24,"column":56}}]},"2":{"loc":{"start":{"line":35,"column":4},"end":{"line":41,"column":5}},"type":"if","locations":[{"start":{"line":35,"column":4},"end":{"line":41,"column":5}},{"start":{"line":38,"column":11},"end":{"line":41,"column":5}}]},"3":{"loc":{"start":{"line":46,"column":25},"end":{"line":46,"column":50}},"type":"binary-expr","locations":[{"start":{"line":46,"column":25},"end":{"line":46,"column":45}},{"start":{"line":46,"column":49},"end":{"line":46,"column":50}}]},"4":{"loc":{"start":{"line":50,"column":4},"end":{"line":53,"column":5}},"type":"if","locations":[{"start":{"line":50,"column":4},"end":{"line":53,"column":5}}]},"5":{"loc":{"start":{"line":63,"column":4},"end":{"line":65,"column":5}},"type":"if","locations":[{"start":{"line":63,"column":4},"end":{"line":65,"column":5}}]},"6":{"loc":{"start":{"line":71,"column":4},"end":{"line":73,"column":5}},"type":"if","locations":[{"start":{"line":71,"column":4},"end":{"line":73,"column":5}}]},"7":{"loc":{"start":{"line":78,"column":13},"end":{"line":78,"column":38}},"type":"binary-expr","locations":[{"start":{"line":78,"column":13},"end":{"line":78,"column":33}},{"start":{"line":78,"column":37},"end":{"line":78,"column":38}}]},"8":{"loc":{"start":{"line":91,"column":39},"end":{"line":91,"column":62}},"type":"default-arg","locations":[{"start":{"line":91,"column":61},"end":{"line":91,"column":62}}]},"9":{"loc":{"start":{"line":94,"column":4},"end":{"line":96,"column":5}},"type":"if","locations":[{"start":{"line":94,"column":4},"end":{"line":96,"column":5}}]},"10":{"loc":{"start":{"line":112,"column":26},"end":{"line":112,"column":51}},"type":"binary-expr","locations":[{"start":{"line":112,"column":26},"end":{"line":112,"column":46}},{"start":{"line":112,"column":50},"end":{"line":112,"column":51}}]},"11":{"loc":{"start":{"line":119,"column":4},"end":{"line":121,"column":5}},"type":"if","locations":[{"start":{"line":119,"column":4},"end":{"line":121,"column":5}}]},"12":{"loc":{"start":{"line":128,"column":18},"end":{"line":128,"column":93}},"type":"cond-expr","locations":[{"start":{"line":128,"column":25},"end":{"line":128,"column":80}},{"start":{"line":128,"column":83},"end":{"line":128,"column":93}}]},"13":{"loc":{"start":{"line":129,"column":17},"end":{"line":129,"column":92}},"type":"cond-expr","locations":[{"start":{"line":129,"column":25},"end":{"line":129,"column":80}},{"start":{"line":129,"column":83},"end":{"line":129,"column":92}}]},"14":{"loc":{"start":{"line":141,"column":6},"end":{"line":147,"column":7}},"type":"if","locations":[{"start":{"line":141,"column":6},"end":{"line":147,"column":7}},{"start":{"line":144,"column":13},"end":{"line":147,"column":7}}]}},"s":{"0":0,"1":0,"2":0,"3":0,"4":0,"5":0,"6":0,"7":0,"8":0,"9":0,"10":0,"11":0,"12":0,"13":0,"14":0,"15":0,"16":0,"17":0,"18":0,"19":0,"20":0,"21":0,"22":0,"23":0,"24":0,"25":0,"26":0,"27":0,"28":0,"29":0,"30":0,"31":0,"32":0,"33":0,"34":0,"35":0,"36":0,"37":0,"38":0,"39":0,"40":0,"41":0,"42":0,"43":0,"44":0,"45":0,"46":0,"47":0,"48":0,"49":0,"50":0,"51":0,"52":0,"53":0,"54":0,"55":0,"56":0,"57":0,"58":0,"59":0,"60":1},"f":{"0":0,"1":0,"2":0,"3":0,"4":0,"5":0,"6":0,"7":0,"8":0},"b":{"0":[0],"1":[0],"2":[0,0],"3":[0,0],"4":[0],"5":[0],"6":[0],"7":[0,0],"8":[0],"9":[0],"10":[0,0],"11":[0],"12":[0,0],"13":[0,0],"14":[0,0]}}
}
