{"/Users/pt/work/purr/backend/src/main.ts": {"path":"/Users/pt/work/purr/backend/src/main.ts","statementMap":{"0":{"start":{"line":1,"column":0},"end":{"line":1,"column":40}},"1":{"start":{"line":2,"column":0},"end":{"line":2,"column":43}},"2":{"start":{"line":4,"column":0},"end":{"line":4,"column":45}},"3":{"start":{"line":5,"column":0},"end":{"line":5,"column":63}},"4":{"start":{"line":8,"column":14},"end":{"line":8,"column":49}},"5":{"start":{"line":9,"column":17},"end":{"line":9,"column":42}},"6":{"start":{"line":10,"column":2},"end":{"line":10,"column":49}},"7":{"start":{"line":11,"column":2},"end":{"line":11,"column":32}},"8":{"start":{"line":12,"column":2},"end":{"line":12,"column":73}},"9":{"start":{"line":15,"column":0},"end":{"line":15,"column":12}}},"fnMap":{"0":{"name":"bootstrap","decl":{"start":{"line":7,"column":15},"end":{"line":7,"column":24}},"loc":{"start":{"line":7,"column":24},"end":{"line":13,"column":1}}}},"branchMap":{},"s":{"0":0,"1":0,"2":0,"3":0,"4":0,"5":0,"6":0,"7":0,"8":0,"9":0},"f":{"0":0},"b":{}}
,"/Users/pt/work/purr/backend/src/app/app.module.ts": {"path":"/Users/pt/work/purr/backend/src/app/app.module.ts","statementMap":{"0":{"start":{"line":1,"column":0},"end":{"line":1,"column":40}},"1":{"start":{"line":2,"column":0},"end":{"line":2,"column":95}},"2":{"start":{"line":3,"column":0},"end":{"line":3,"column":50}},"3":{"start":{"line":4,"column":0},"end":{"line":4,"column":66}},"4":{"start":{"line":5,"column":0},"end":{"line":5,"column":48}},"5":{"start":{"line":6,"column":0},"end":{"line":6,"column":102}},"6":{"start":{"line":7,"column":0},"end":{"line":7,"column":62}},"7":{"start":{"line":8,"column":0},"end":{"line":8,"column":28}},"8":{"start":{"line":9,"column":0},"end":{"line":9,"column":57}},"9":{"start":{"line":10,"column":0},"end":{"line":10,"column":44}},"10":{"start":{"line":11,"column":0},"end":{"line":11,"column":59}},"11":{"start":{"line":52,"column":7},"end":{"line":52,"column":null}},"12":{"start":{"line":52,"column":13},"end":{"line":52,"column":22}},"13":{"start":{"line":52,"column":13},"end":{"line":52,"column":null}}},"fnMap":{},"branchMap":{},"s":{"0":0,"1":0,"2":0,"3":0,"4":0,"5":0,"6":0,"7":0,"8":0,"9":0,"10":0,"11":0,"12":0,"13":0},"f":{},"b":{}}
,"/Users/pt/work/purr/backend/src/app/generics/index.ts": {"path":"/Users/pt/work/purr/backend/src/app/generics/index.ts","statementMap":{"0":{"start":{"line":1,"column":0},"end":{"line":1,"column":35}},"1":{"start":{"line":2,"column":0},"end":{"line":2,"column":29}}},"fnMap":{},"branchMap":{},"s":{"0":0,"1":0},"f":{},"b":{}}
,"/Users/pt/work/purr/backend/src/app/generics/repository.ts": {"path":"/Users/pt/work/purr/backend/src/app/generics/repository.ts","statementMap":{"0":{"start":{"line":8,"column":12},"end":{"line":8,"column":27}},"1":{"start":{"line":14,"column":12},"end":{"line":14,"column":49}},"2":{"start":{"line":21,"column":2},"end":{"line":21,"column":31}},"3":{"start":{"line":27,"column":10},"end":{"line":27,"column":50}},"4":{"start":{"line":36,"column":4},"end":{"line":38,"column":5}},"5":{"start":{"line":37,"column":6},"end":{"line":37,"column":25}},"6":{"start":{"line":40,"column":4},"end":{"line":49,"column":7}},"7":{"start":{"line":41,"column":6},"end":{"line":48,"column":23}},"8":{"start":{"line":42,"column":8},"end":{"line":47,"column":9}},"9":{"start":{"line":43,"column":25},"end":{"line":43,"column":36}},"10":{"start":{"line":44,"column":10},"end":{"line":44,"column":26}},"11":{"start":{"line":46,"column":10},"end":{"line":46,"column":24}},"12":{"start":{"line":91,"column":4},"end":{"line":107,"column":7}},"13":{"start":{"line":92,"column":18},"end":{"line":92,"column":35}},"14":{"start":{"line":93,"column":28},"end":{"line":93,"column":47}},"15":{"start":{"line":96,"column":23},"end":{"line":96,"column":42}},"16":{"start":{"line":98,"column":6},"end":{"line":106,"column":7}},"17":{"start":{"line":100,"column":8},"end":{"line":100,"column":44}},"18":{"start":{"line":103,"column":25},"end":{"line":103,"column":41}},"19":{"start":{"line":104,"column":8},"end":{"line":104,"column":33}},"20":{"start":{"line":105,"column":8},"end":{"line":105,"column":38}},"21":{"start":{"line":115,"column":4},"end":{"line":133,"column":7}},"22":{"start":{"line":116,"column":6},"end":{"line":132,"column":7}},"23":{"start":{"line":117,"column":20},"end":{"line":117,"column":37}},"24":{"start":{"line":118,"column":30},"end":{"line":118,"column":49}},"25":{"start":{"line":121,"column":25},"end":{"line":121,"column":44}},"26":{"start":{"line":123,"column":8},"end":{"line":131,"column":9}},"27":{"start":{"line":125,"column":10},"end":{"line":125,"column":46}},"28":{"start":{"line":128,"column":27},"end":{"line":128,"column":43}},"29":{"start":{"line":129,"column":10},"end":{"line":129,"column":35}},"30":{"start":{"line":130,"column":10},"end":{"line":130,"column":40}},"31":{"start":{"line":141,"column":4},"end":{"line":144,"column":7}},"32":{"start":{"line":143,"column":6},"end":{"line":143,"column":56}},"33":{"start":{"line":143,"column":35},"end":{"line":143,"column":54}},"34":{"start":{"line":153,"column":4},"end":{"line":156,"column":7}},"35":{"start":{"line":154,"column":20},"end":{"line":154,"column":38}},"36":{"start":{"line":155,"column":6},"end":{"line":155,"column":79}},"37":{"start":{"line":165,"column":4},"end":{"line":168,"column":7}},"38":{"start":{"line":167,"column":6},"end":{"line":167,"column":74}},"39":{"start":{"line":167,"column":53},"end":{"line":167,"column":72}},"40":{"start":{"line":177,"column":4},"end":{"line":180,"column":7}},"41":{"start":{"line":178,"column":20},"end":{"line":178,"column":45}},"42":{"start":{"line":179,"column":6},"end":{"line":179,"column":54}},"43":{"start":{"line":190,"column":4},"end":{"line":200,"column":7}},"44":{"start":{"line":191,"column":20},"end":{"line":191,"column":38}},"45":{"start":{"line":192,"column":6},"end":{"line":194,"column":7}},"46":{"start":{"line":193,"column":8},"end":{"line":193,"column":21}},"47":{"start":{"line":196,"column":27},"end":{"line":196,"column":43}},"48":{"start":{"line":198,"column":6},"end":{"line":198,"column":71}},"49":{"start":{"line":199,"column":6},"end":{"line":199,"column":18}},"50":{"start":{"line":209,"column":4},"end":{"line":228,"column":7}},"51":{"start":{"line":210,"column":20},"end":{"line":210,"column":38}},"52":{"start":{"line":211,"column":6},"end":{"line":213,"column":7}},"53":{"start":{"line":212,"column":8},"end":{"line":212,"column":21}},"54":{"start":{"line":216,"column":6},"end":{"line":216,"column":33}},"55":{"start":{"line":219,"column":6},"end":{"line":219,"column":28}},"56":{"start":{"line":222,"column":6},"end":{"line":225,"column":7}},"57":{"start":{"line":222,"column":19},"end":{"line":222,"column":24}},"58":{"start":{"line":223,"column":20},"end":{"line":223,"column":45}},"59":{"start":{"line":224,"column":8},"end":{"line":224,"column":31}},"60":{"start":{"line":227,"column":6},"end":{"line":227,"column":18}},"61":{"start":{"line":237,"column":4},"end":{"line":262,"column":7}},"62":{"start":{"line":238,"column":40},"end":{"line":238,"column":42}},"63":{"start":{"line":239,"column":35},"end":{"line":239,"column":37}},"64":{"start":{"line":242,"column":6},"end":{"line":247,"column":7}},"65":{"start":{"line":242,"column":19},"end":{"line":242,"column":20}},"66":{"start":{"line":243,"column":8},"end":{"line":246,"column":9}},"67":{"start":{"line":244,"column":10},"end":{"line":244,"column":34}},"68":{"start":{"line":245,"column":10},"end":{"line":245,"column":55}},"69":{"start":{"line":250,"column":6},"end":{"line":252,"column":7}},"70":{"start":{"line":250,"column":19},"end":{"line":250,"column":45}},"71":{"start":{"line":251,"column":8},"end":{"line":251,"column":48}},"72":{"start":{"line":255,"column":6},"end":{"line":255,"column":25}},"73":{"start":{"line":256,"column":6},"end":{"line":259,"column":7}},"74":{"start":{"line":256,"column":19},"end":{"line":256,"column":20}},"75":{"start":{"line":257,"column":20},"end":{"line":257,"column":45}},"76":{"start":{"line":258,"column":8},"end":{"line":258,"column":31}},"77":{"start":{"line":261,"column":6},"end":{"line":261,"column":33}},"78":{"start":{"line":269,"column":4},"end":{"line":272,"column":7}},"79":{"start":{"line":270,"column":6},"end":{"line":270,"column":21}},"80":{"start":{"line":271,"column":6},"end":{"line":271,"column":25}},"81":{"start":{"line":281,"column":4},"end":{"line":283,"column":7}},"82":{"start":{"line":282,"column":6},"end":{"line":282,"column":32}},"83":{"start":{"line":291,"column":4},"end":{"line":293,"column":7}},"84":{"start":{"line":292,"column":6},"end":{"line":292,"column":30}},"85":{"start":{"line":301,"column":4},"end":{"line":303,"column":7}},"86":{"start":{"line":302,"column":6},"end":{"line":302,"column":36}},"87":{"start":{"line":312,"column":4},"end":{"line":325,"column":7}},"88":{"start":{"line":313,"column":25},"end":{"line":313,"column":26}},"89":{"start":{"line":315,"column":6},"end":{"line":322,"column":7}},"90":{"start":{"line":316,"column":22},"end":{"line":316,"column":40}},"91":{"start":{"line":317,"column":8},"end":{"line":321,"column":9}},"92":{"start":{"line":318,"column":31},"end":{"line":318,"column":47}},"93":{"start":{"line":319,"column":10},"end":{"line":319,"column":75}},"94":{"start":{"line":320,"column":10},"end":{"line":320,"column":25}},"95":{"start":{"line":324,"column":6},"end":{"line":324,"column":26}},"96":{"start":{"line":334,"column":4},"end":{"line":362,"column":7}},"97":{"start":{"line":335,"column":25},"end":{"line":335,"column":26}},"98":{"start":{"line":336,"column":40},"end":{"line":336,"column":42}},"99":{"start":{"line":339,"column":6},"end":{"line":346,"column":7}},"100":{"start":{"line":340,"column":22},"end":{"line":340,"column":40}},"101":{"start":{"line":341,"column":8},"end":{"line":345,"column":9}},"102":{"start":{"line":342,"column":10},"end":{"line":342,"column":38}},"103":{"start":{"line":343,"column":10},"end":{"line":343,"column":32}},"104":{"start":{"line":344,"column":10},"end":{"line":344,"column":25}},"105":{"start":{"line":349,"column":6},"end":{"line":349,"column":44}},"106":{"start":{"line":349,"column":37},"end":{"line":349,"column":42}},"107":{"start":{"line":350,"column":6},"end":{"line":352,"column":7}},"108":{"start":{"line":351,"column":8},"end":{"line":351,"column":35}},"109":{"start":{"line":355,"column":6},"end":{"line":355,"column":25}},"110":{"start":{"line":356,"column":6},"end":{"line":359,"column":7}},"111":{"start":{"line":356,"column":19},"end":{"line":356,"column":20}},"112":{"start":{"line":357,"column":20},"end":{"line":357,"column":45}},"113":{"start":{"line":358,"column":8},"end":{"line":358,"column":31}},"114":{"start":{"line":361,"column":6},"end":{"line":361,"column":26}},"115":{"start":{"line":3,"column":0},"end":{"line":3,"column":22}}},"fnMap":{"0":{"name":"(anonymous_0)","decl":{"start":{"line":3,"column":0},"end":{"line":3,"column":22}},"loc":{"start":{"line":3,"column":0},"end":{"line":364,"column":1}}},"1":{"name":"(anonymous_1)","decl":{"start":{"line":35,"column":12},"end":{"line":35,"column":17}},"loc":{"start":{"line":35,"column":60},"end":{"line":50,"column":3}}},"2":{"name":"(anonymous_2)","decl":{"start":{"line":40,"column":32},"end":{"line":40,"column":33}},"loc":{"start":{"line":40,"column":52},"end":{"line":49,"column":5}}},"3":{"name":"(anonymous_3)","decl":{"start":{"line":41,"column":33},"end":{"line":41,"column":38}},"loc":{"start":{"line":41,"column":44},"end":{"line":48,"column":7}}},"4":{"name":"(anonymous_4)","decl":{"start":{"line":90,"column":2},"end":{"line":90,"column":7}},"loc":{"start":{"line":90,"column":19},"end":{"line":108,"column":3}}},"5":{"name":"(anonymous_5)","decl":{"start":{"line":91,"column":25},"end":{"line":91,"column":28}},"loc":{"start":{"line":91,"column":30},"end":{"line":107,"column":5}}},"6":{"name":"(anonymous_6)","decl":{"start":{"line":114,"column":2},"end":{"line":114,"column":7}},"loc":{"start":{"line":114,"column":26},"end":{"line":134,"column":3}}},"7":{"name":"(anonymous_7)","decl":{"start":{"line":115,"column":25},"end":{"line":115,"column":30}},"loc":{"start":{"line":115,"column":36},"end":{"line":133,"column":5}}},"8":{"name":"(anonymous_8)","decl":{"start":{"line":140,"column":2},"end":{"line":140,"column":7}},"loc":{"start":{"line":140,"column":14},"end":{"line":145,"column":3}}},"9":{"name":"(anonymous_9)","decl":{"start":{"line":141,"column":25},"end":{"line":141,"column":28}},"loc":{"start":{"line":141,"column":30},"end":{"line":144,"column":5}}},"10":{"name":"(anonymous_10)","decl":{"start":{"line":143,"column":27},"end":{"line":143,"column":31}},"loc":{"start":{"line":143,"column":35},"end":{"line":143,"column":54}}},"11":{"name":"(anonymous_11)","decl":{"start":{"line":152,"column":2},"end":{"line":152,"column":7}},"loc":{"start":{"line":152,"column":24},"end":{"line":157,"column":3}}},"12":{"name":"(anonymous_12)","decl":{"start":{"line":153,"column":25},"end":{"line":153,"column":28}},"loc":{"start":{"line":153,"column":30},"end":{"line":156,"column":5}}},"13":{"name":"(anonymous_13)","decl":{"start":{"line":164,"column":2},"end":{"line":164,"column":7}},"loc":{"start":{"line":164,"column":38},"end":{"line":169,"column":3}}},"14":{"name":"(anonymous_14)","decl":{"start":{"line":165,"column":25},"end":{"line":165,"column":28}},"loc":{"start":{"line":165,"column":30},"end":{"line":168,"column":5}}},"15":{"name":"(anonymous_15)","decl":{"start":{"line":167,"column":45},"end":{"line":167,"column":49}},"loc":{"start":{"line":167,"column":53},"end":{"line":167,"column":72}}},"16":{"name":"(anonymous_16)","decl":{"start":{"line":176,"column":2},"end":{"line":176,"column":7}},"loc":{"start":{"line":176,"column":36},"end":{"line":181,"column":3}}},"17":{"name":"(anonymous_17)","decl":{"start":{"line":177,"column":25},"end":{"line":177,"column":28}},"loc":{"start":{"line":177,"column":30},"end":{"line":180,"column":5}}},"18":{"name":"(anonymous_18)","decl":{"start":{"line":189,"column":2},"end":{"line":189,"column":7}},"loc":{"start":{"line":189,"column":43},"end":{"line":201,"column":3}}},"19":{"name":"(anonymous_19)","decl":{"start":{"line":190,"column":25},"end":{"line":190,"column":28}},"loc":{"start":{"line":190,"column":30},"end":{"line":200,"column":5}}},"20":{"name":"(anonymous_20)","decl":{"start":{"line":208,"column":2},"end":{"line":208,"column":7}},"loc":{"start":{"line":208,"column":23},"end":{"line":229,"column":3}}},"21":{"name":"(anonymous_21)","decl":{"start":{"line":209,"column":25},"end":{"line":209,"column":28}},"loc":{"start":{"line":209,"column":30},"end":{"line":228,"column":5}}},"22":{"name":"(anonymous_22)","decl":{"start":{"line":236,"column":2},"end":{"line":236,"column":7}},"loc":{"start":{"line":236,"column":42},"end":{"line":263,"column":3}}},"23":{"name":"(anonymous_23)","decl":{"start":{"line":237,"column":25},"end":{"line":237,"column":28}},"loc":{"start":{"line":237,"column":30},"end":{"line":262,"column":5}}},"24":{"name":"(anonymous_24)","decl":{"start":{"line":268,"column":2},"end":{"line":268,"column":7}},"loc":{"start":{"line":268,"column":17},"end":{"line":273,"column":3}}},"25":{"name":"(anonymous_25)","decl":{"start":{"line":269,"column":25},"end":{"line":269,"column":28}},"loc":{"start":{"line":269,"column":30},"end":{"line":272,"column":5}}},"26":{"name":"(anonymous_26)","decl":{"start":{"line":280,"column":2},"end":{"line":280,"column":7}},"loc":{"start":{"line":280,"column":20},"end":{"line":284,"column":3}}},"27":{"name":"(anonymous_27)","decl":{"start":{"line":281,"column":25},"end":{"line":281,"column":28}},"loc":{"start":{"line":281,"column":30},"end":{"line":283,"column":5}}},"28":{"name":"(anonymous_28)","decl":{"start":{"line":290,"column":2},"end":{"line":290,"column":7}},"loc":{"start":{"line":290,"column":12},"end":{"line":294,"column":3}}},"29":{"name":"(anonymous_29)","decl":{"start":{"line":291,"column":25},"end":{"line":291,"column":28}},"loc":{"start":{"line":291,"column":30},"end":{"line":293,"column":5}}},"30":{"name":"(anonymous_30)","decl":{"start":{"line":300,"column":2},"end":{"line":300,"column":7}},"loc":{"start":{"line":300,"column":15},"end":{"line":304,"column":3}}},"31":{"name":"(anonymous_31)","decl":{"start":{"line":301,"column":25},"end":{"line":301,"column":28}},"loc":{"start":{"line":301,"column":30},"end":{"line":303,"column":5}}},"32":{"name":"(anonymous_32)","decl":{"start":{"line":311,"column":2},"end":{"line":311,"column":7}},"loc":{"start":{"line":311,"column":67},"end":{"line":326,"column":3}}},"33":{"name":"(anonymous_33)","decl":{"start":{"line":312,"column":25},"end":{"line":312,"column":28}},"loc":{"start":{"line":312,"column":30},"end":{"line":325,"column":5}}},"34":{"name":"(anonymous_34)","decl":{"start":{"line":333,"column":2},"end":{"line":333,"column":7}},"loc":{"start":{"line":333,"column":30},"end":{"line":363,"column":3}}},"35":{"name":"(anonymous_35)","decl":{"start":{"line":334,"column":25},"end":{"line":334,"column":28}},"loc":{"start":{"line":334,"column":30},"end":{"line":362,"column":5}}},"36":{"name":"(anonymous_36)","decl":{"start":{"line":349,"column":27},"end":{"line":349,"column":28}},"loc":{"start":{"line":349,"column":37},"end":{"line":349,"column":42}}}},"branchMap":{"0":{"loc":{"start":{"line":36,"column":4},"end":{"line":38,"column":5}},"type":"if","locations":[{"start":{"line":36,"column":4},"end":{"line":38,"column":5}}]},"1":{"loc":{"start":{"line":98,"column":6},"end":{"line":106,"column":7}},"type":"if","locations":[{"start":{"line":98,"column":6},"end":{"line":106,"column":7}},{"start":{"line":101,"column":13},"end":{"line":106,"column":7}}]},"2":{"loc":{"start":{"line":123,"column":8},"end":{"line":131,"column":9}},"type":"if","locations":[{"start":{"line":123,"column":8},"end":{"line":131,"column":9}},{"start":{"line":126,"column":15},"end":{"line":131,"column":9}}]},"3":{"loc":{"start":{"line":155,"column":13},"end":{"line":155,"column":78}},"type":"cond-expr","locations":[{"start":{"line":155,"column":35},"end":{"line":155,"column":66}},{"start":{"line":155,"column":69},"end":{"line":155,"column":78}}]},"4":{"loc":{"start":{"line":179,"column":13},"end":{"line":179,"column":53}},"type":"cond-expr","locations":[{"start":{"line":179,"column":21},"end":{"line":179,"column":41}},{"start":{"line":179,"column":44},"end":{"line":179,"column":53}}]},"5":{"loc":{"start":{"line":192,"column":6},"end":{"line":194,"column":7}},"type":"if","locations":[{"start":{"line":192,"column":6},"end":{"line":194,"column":7}}]},"6":{"loc":{"start":{"line":211,"column":6},"end":{"line":213,"column":7}},"type":"if","locations":[{"start":{"line":211,"column":6},"end":{"line":213,"column":7}}]},"7":{"loc":{"start":{"line":243,"column":8},"end":{"line":246,"column":9}},"type":"if","locations":[{"start":{"line":243,"column":8},"end":{"line":246,"column":9}}]},"8":{"loc":{"start":{"line":317,"column":8},"end":{"line":321,"column":9}},"type":"if","locations":[{"start":{"line":317,"column":8},"end":{"line":321,"column":9}}]},"9":{"loc":{"start":{"line":341,"column":8},"end":{"line":345,"column":9}},"type":"if","locations":[{"start":{"line":341,"column":8},"end":{"line":345,"column":9}}]}},"s":{"0":0,"1":0,"2":0,"3":0,"4":0,"5":0,"6":0,"7":0,"8":0,"9":0,"10":0,"11":0,"12":0,"13":0,"14":0,"15":0,"16":0,"17":0,"18":0,"19":0,"20":0,"21":0,"22":0,"23":0,"24":0,"25":0,"26":0,"27":0,"28":0,"29":0,"30":0,"31":0,"32":0,"33":0,"34":0,"35":0,"36":0,"37":0,"38":0,"39":0,"40":0,"41":0,"42":0,"43":0,"44":0,"45":0,"46":0,"47":0,"48":0,"49":0,"50":0,"51":0,"52":0,"53":0,"54":0,"55":0,"56":0,"57":0,"58":0,"59":0,"60":0,"61":0,"62":0,"63":0,"64":0,"65":0,"66":0,"67":0,"68":0,"69":0,"70":0,"71":0,"72":0,"73":0,"74":0,"75":0,"76":0,"77":0,"78":0,"79":0,"80":0,"81":0,"82":0,"83":0,"84":0,"85":0,"86":0,"87":0,"88":0,"89":0,"90":0,"91":0,"92":0,"93":0,"94":0,"95":0,"96":0,"97":0,"98":0,"99":0,"100":0,"101":0,"102":0,"103":0,"104":0,"105":0,"106":0,"107":0,"108":0,"109":0,"110":0,"111":0,"112":0,"113":0,"114":0,"115":0},"f":{"0":0,"1":0,"2":0,"3":0,"4":0,"5":0,"6":0,"7":0,"8":0,"9":0,"10":0,"11":0,"12":0,"13":0,"14":0,"15":0,"16":0,"17":0,"18":0,"19":0,"20":0,"21":0,"22":0,"23":0,"24":0,"25":0,"26":0,"27":0,"28":0,"29":0,"30":0,"31":0,"32":0,"33":0,"34":0,"35":0,"36":0},"b":{"0":[0],"1":[0,0],"2":[0,0],"3":[0,0],"4":[0,0],"5":[0],"6":[0],"7":[0],"8":[0],"9":[0]}}
,"/Users/pt/work/purr/backend/src/app/helpers/error-extractor.helper.ts": {"path":"/Users/pt/work/purr/backend/src/app/helpers/error-extractor.helper.ts","statementMap":{"0":{"start":{"line":51,"column":35},"end":{"line":55,"column":4}},"1":{"start":{"line":58,"column":2},"end":{"line":61,"column":3}},"2":{"start":{"line":59,"column":4},"end":{"line":59,"column":45}},"3":{"start":{"line":60,"column":4},"end":{"line":60,"column":16}},"4":{"start":{"line":64,"column":2},"end":{"line":66,"column":3}},"5":{"start":{"line":65,"column":4},"end":{"line":65,"column":29}},"6":{"start":{"line":69,"column":2},"end":{"line":91,"column":3}},"7":{"start":{"line":70,"column":4},"end":{"line":70,"column":24}},"8":{"start":{"line":71,"column":4},"end":{"line":71,"column":39}},"9":{"start":{"line":74,"column":7},"end":{"line":91,"column":3}},"10":{"start":{"line":75,"column":4},"end":{"line":75,"column":24}},"11":{"start":{"line":76,"column":4},"end":{"line":76,"column":39}},"12":{"start":{"line":79,"column":7},"end":{"line":91,"column":3}},"13":{"start":{"line":80,"column":4},"end":{"line":80,"column":23}},"14":{"start":{"line":81,"column":4},"end":{"line":81,"column":33}},"15":{"start":{"line":82,"column":4},"end":{"line":82,"column":36}},"16":{"start":{"line":85,"column":7},"end":{"line":91,"column":3}},"17":{"start":{"line":86,"column":4},"end":{"line":86,"column":47}},"18":{"start":{"line":89,"column":7},"end":{"line":91,"column":3}},"19":{"start":{"line":90,"column":4},"end":{"line":90,"column":25}},"20":{"start":{"line":93,"column":2},"end":{"line":93,"column":14}},"21":{"start":{"line":50,"column":0},"end":{"line":50,"column":16}},"22":{"start":{"line":100,"column":2},"end":{"line":105,"column":4}},"23":{"start":{"line":112,"column":2},"end":{"line":118,"column":4}},"24":{"start":{"line":125,"column":2},"end":{"line":125,"column":31}},"25":{"start":{"line":126,"column":2},"end":{"line":126,"column":25}},"26":{"start":{"line":129,"column":2},"end":{"line":134,"column":3}},"27":{"start":{"line":130,"column":4},"end":{"line":130,"column":57}},"28":{"start":{"line":131,"column":4},"end":{"line":131,"column":36}},"29":{"start":{"line":132,"column":4},"end":{"line":132,"column":41}},"30":{"start":{"line":133,"column":4},"end":{"line":133,"column":54}},"31":{"start":{"line":137,"column":2},"end":{"line":155,"column":3}},"32":{"start":{"line":138,"column":4},"end":{"line":138,"column":44}},"33":{"start":{"line":139,"column":4},"end":{"line":139,"column":52}},"34":{"start":{"line":140,"column":4},"end":{"line":140,"column":44}},"35":{"start":{"line":143,"column":20},"end":{"line":143,"column":42}},"36":{"start":{"line":144,"column":4},"end":{"line":149,"column":5}},"37":{"start":{"line":145,"column":6},"end":{"line":145,"column":55}},"38":{"start":{"line":148,"column":6},"end":{"line":148,"column":58}},"39":{"start":{"line":152,"column":4},"end":{"line":154,"column":5}},"40":{"start":{"line":153,"column":6},"end":{"line":153,"column":63}},"41":{"start":{"line":163,"column":2},"end":{"line":165,"column":3}},"42":{"start":{"line":164,"column":4},"end":{"line":164,"column":33}},"43":{"start":{"line":168,"column":2},"end":{"line":181,"column":3}},"44":{"start":{"line":169,"column":4},"end":{"line":169,"column":48}},"45":{"start":{"line":170,"column":4},"end":{"line":170,"column":54}},"46":{"start":{"line":171,"column":4},"end":{"line":171,"column":44}},"47":{"start":{"line":172,"column":4},"end":{"line":172,"column":46}},"48":{"start":{"line":173,"column":4},"end":{"line":173,"column":49}},"49":{"start":{"line":174,"column":4},"end":{"line":174,"column":39}},"50":{"start":{"line":175,"column":4},"end":{"line":175,"column":45}},"51":{"start":{"line":178,"column":4},"end":{"line":180,"column":5}},"52":{"start":{"line":179,"column":6},"end":{"line":179,"column":46}},"53":{"start":{"line":184,"column":2},"end":{"line":186,"column":3}},"54":{"start":{"line":185,"column":4},"end":{"line":185,"column":39}},"55":{"start":{"line":194,"column":2},"end":{"line":194,"column":58}},"56":{"start":{"line":194,"column":21},"end":{"line":194,"column":58}},"57":{"start":{"line":195,"column":2},"end":{"line":195,"column":49}},"58":{"start":{"line":195,"column":18},"end":{"line":195,"column":49}},"59":{"start":{"line":196,"column":2},"end":{"line":198,"column":3}},"60":{"start":{"line":197,"column":4},"end":{"line":197,"column":55}},"61":{"start":{"line":201,"column":2},"end":{"line":201,"column":38}},"62":{"start":{"line":204,"column":2},"end":{"line":213,"column":3}},"63":{"start":{"line":205,"column":21},"end":{"line":205,"column":35}},"64":{"start":{"line":206,"column":4},"end":{"line":206,"column":59}},"65":{"start":{"line":206,"column":25},"end":{"line":206,"column":59}},"66":{"start":{"line":207,"column":4},"end":{"line":207,"column":71}},"67":{"start":{"line":207,"column":29},"end":{"line":207,"column":71}},"68":{"start":{"line":208,"column":4},"end":{"line":208,"column":57}},"69":{"start":{"line":208,"column":23},"end":{"line":208,"column":57}},"70":{"start":{"line":209,"column":4},"end":{"line":212,"column":5}},"71":{"start":{"line":210,"column":6},"end":{"line":210,"column":64}},"72":{"start":{"line":211,"column":6},"end":{"line":211,"column":58}},"73":{"start":{"line":220,"column":2},"end":{"line":220,"column":61}},"74":{"start":{"line":220,"column":23},"end":{"line":220,"column":61}},"75":{"start":{"line":221,"column":2},"end":{"line":227,"column":3}},"76":{"start":{"line":222,"column":4},"end":{"line":222,"column":48}},"77":{"start":{"line":224,"column":4},"end":{"line":226,"column":5}},"78":{"start":{"line":225,"column":6},"end":{"line":225,"column":40}},"79":{"start":{"line":228,"column":2},"end":{"line":228,"column":55}},"80":{"start":{"line":228,"column":21},"end":{"line":228,"column":55}},"81":{"start":{"line":229,"column":2},"end":{"line":229,"column":58}},"82":{"start":{"line":229,"column":22},"end":{"line":229,"column":58}},"83":{"start":{"line":230,"column":2},"end":{"line":230,"column":65}},"84":{"start":{"line":230,"column":26},"end":{"line":230,"column":65}},"85":{"start":{"line":231,"column":2},"end":{"line":231,"column":47}},"86":{"start":{"line":231,"column":18},"end":{"line":231,"column":47}},"87":{"start":{"line":232,"column":2},"end":{"line":232,"column":59}},"88":{"start":{"line":232,"column":24},"end":{"line":232,"column":59}},"89":{"start":{"line":239,"column":45},"end":{"line":239,"column":47}},"90":{"start":{"line":240,"column":2},"end":{"line":244,"column":3}},"91":{"start":{"line":241,"column":4},"end":{"line":243,"column":5}},"92":{"start":{"line":242,"column":6},"end":{"line":242,"column":52}},"93":{"start":{"line":245,"column":2},"end":{"line":245,"column":20}},"94":{"start":{"line":258,"column":22},"end":{"line":258,"column":50}},"95":{"start":{"line":259,"column":22},"end":{"line":259,"column":50}},"96":{"start":{"line":260,"column":26},"end":{"line":260,"column":58}},"97":{"start":{"line":262,"column":2},"end":{"line":267,"column":3}},"98":{"start":{"line":263,"column":18},"end":{"line":263,"column":43}},"99":{"start":{"line":264,"column":4},"end":{"line":266,"column":5}},"100":{"start":{"line":265,"column":6},"end":{"line":265,"column":34}},"101":{"start":{"line":269,"column":2},"end":{"line":274,"column":3}},"102":{"start":{"line":270,"column":18},"end":{"line":270,"column":43}},"103":{"start":{"line":271,"column":4},"end":{"line":273,"column":5}},"104":{"start":{"line":272,"column":6},"end":{"line":272,"column":34}},"105":{"start":{"line":276,"column":2},"end":{"line":281,"column":3}},"106":{"start":{"line":277,"column":22},"end":{"line":277,"column":51}},"107":{"start":{"line":278,"column":4},"end":{"line":280,"column":5}},"108":{"start":{"line":279,"column":6},"end":{"line":279,"column":42}},"109":{"start":{"line":284,"column":21},"end":{"line":284,"column":43}},"110":{"start":{"line":285,"column":2},"end":{"line":293,"column":3}},"111":{"start":{"line":287,"column":20},"end":{"line":287,"column":44}},"112":{"start":{"line":288,"column":4},"end":{"line":292,"column":5}},"113":{"start":{"line":289,"column":6},"end":{"line":289,"column":32}},"114":{"start":{"line":291,"column":6},"end":{"line":291,"column":35}},"115":{"start":{"line":300,"column":2},"end":{"line":302,"column":44}},"116":{"start":{"line":299,"column":0},"end":{"line":299,"column":16}},"117":{"start":{"line":310,"column":2},"end":{"line":314,"column":3}},"118":{"start":{"line":311,"column":24},"end":{"line":311,"column":53}},"119":{"start":{"line":312,"column":21},"end":{"line":312,"column":76}},"120":{"start":{"line":313,"column":4},"end":{"line":313,"column":20}},"121":{"start":{"line":317,"column":2},"end":{"line":335,"column":3}},"122":{"start":{"line":319,"column":4},"end":{"line":321,"column":5}},"123":{"start":{"line":320,"column":6},"end":{"line":320,"column":34}},"124":{"start":{"line":324,"column":20},"end":{"line":324,"column":64}},"125":{"start":{"line":325,"column":4},"end":{"line":327,"column":5}},"126":{"start":{"line":326,"column":6},"end":{"line":326,"column":21}},"127":{"start":{"line":330,"column":22},"end":{"line":330,"column":62}},"128":{"start":{"line":331,"column":4},"end":{"line":334,"column":5}},"129":{"start":{"line":332,"column":23},"end":{"line":332,"column":77}},"130":{"start":{"line":333,"column":6},"end":{"line":333,"column":22}},"131":{"start":{"line":337,"column":2},"end":{"line":337,"column":21}},"132":{"start":{"line":308,"column":0},"end":{"line":308,"column":16}},"133":{"start":{"line":344,"column":26},"end":{"line":344,"column":45}},"134":{"start":{"line":346,"column":2},"end":{"line":348,"column":3}},"135":{"start":{"line":347,"column":4},"end":{"line":347,"column":114}},"136":{"start":{"line":350,"column":2},"end":{"line":352,"column":3}},"137":{"start":{"line":351,"column":4},"end":{"line":351,"column":65}},"138":{"start":{"line":354,"column":2},"end":{"line":356,"column":3}},"139":{"start":{"line":355,"column":4},"end":{"line":355,"column":56}},"140":{"start":{"line":358,"column":2},"end":{"line":360,"column":3}},"141":{"start":{"line":359,"column":4},"end":{"line":359,"column":44}},"142":{"start":{"line":362,"column":2},"end":{"line":367,"column":3}},"143":{"start":{"line":363,"column":4},"end":{"line":363,"column":33}},"144":{"start":{"line":364,"column":4},"end":{"line":366,"column":5}},"145":{"start":{"line":365,"column":6},"end":{"line":365,"column":92}},"146":{"start":{"line":369,"column":2},"end":{"line":369,"column":25}},"147":{"start":{"line":343,"column":0},"end":{"line":343,"column":16}}},"fnMap":{"0":{"name":"extractErrorInfo","decl":{"start":{"line":50,"column":16},"end":{"line":50,"column":32}},"loc":{"start":{"line":50,"column":47},"end":{"line":94,"column":1}}},"1":{"name":"isAxiosError","decl":{"start":{"line":99,"column":9},"end":{"line":99,"column":21}},"loc":{"start":{"line":99,"column":36},"end":{"line":106,"column":1}}},"2":{"name":"isPutioError","decl":{"start":{"line":111,"column":9},"end":{"line":111,"column":21}},"loc":{"start":{"line":111,"column":36},"end":{"line":119,"column":1}}},"3":{"name":"extractAxiosErrorInfo","decl":{"start":{"line":124,"column":9},"end":{"line":124,"column":30}},"loc":{"start":{"line":124,"column":74},"end":{"line":156,"column":1}}},"4":{"name":"extractPutioErrorInfo","decl":{"start":{"line":161,"column":9},"end":{"line":161,"column":30}},"loc":{"start":{"line":161,"column":84},"end":{"line":187,"column":1}}},"5":{"name":"extractObjectErrorInfo","decl":{"start":{"line":192,"column":9},"end":{"line":192,"column":31}},"loc":{"start":{"line":192,"column":84},"end":{"line":214,"column":1}}},"6":{"name":"extractPutioDataFields","decl":{"start":{"line":219,"column":9},"end":{"line":219,"column":31}},"loc":{"start":{"line":219,"column":83},"end":{"line":233,"column":1}}},"7":{"name":"normalizeHeaders","decl":{"start":{"line":238,"column":9},"end":{"line":238,"column":25}},"loc":{"start":{"line":238,"column":38},"end":{"line":246,"column":1}}},"8":{"name":"extractRateLimitHeaders","decl":{"start":{"line":256,"column":9},"end":{"line":256,"column":32}},"loc":{"start":{"line":256,"column":90},"end":{"line":294,"column":1}}},"9":{"name":"isRateLimitError","decl":{"start":{"line":299,"column":16},"end":{"line":299,"column":32}},"loc":{"start":{"line":299,"column":62},"end":{"line":303,"column":1}}},"10":{"name":"calculateWaitTimeFromError","decl":{"start":{"line":308,"column":16},"end":{"line":308,"column":42}},"loc":{"start":{"line":308,"column":98},"end":{"line":338,"column":1}}},"11":{"name":"formatErrorForLogging","decl":{"start":{"line":343,"column":16},"end":{"line":343,"column":37}},"loc":{"start":{"line":343,"column":67},"end":{"line":370,"column":1}}}},"branchMap":{"0":{"loc":{"start":{"line":58,"column":2},"end":{"line":61,"column":3}},"type":"if","locations":[{"start":{"line":58,"column":2},"end":{"line":61,"column":3}}]},"1":{"loc":{"start":{"line":64,"column":2},"end":{"line":66,"column":3}},"type":"if","locations":[{"start":{"line":64,"column":2},"end":{"line":66,"column":3}}]},"2":{"loc":{"start":{"line":69,"column":2},"end":{"line":91,"column":3}},"type":"if","locations":[{"start":{"line":69,"column":2},"end":{"line":91,"column":3}},{"start":{"line":74,"column":7},"end":{"line":91,"column":3}}]},"3":{"loc":{"start":{"line":74,"column":7},"end":{"line":91,"column":3}},"type":"if","locations":[{"start":{"line":74,"column":7},"end":{"line":91,"column":3}},{"start":{"line":79,"column":7},"end":{"line":91,"column":3}}]},"4":{"loc":{"start":{"line":79,"column":7},"end":{"line":91,"column":3}},"type":"if","locations":[{"start":{"line":79,"column":7},"end":{"line":91,"column":3}},{"start":{"line":85,"column":7},"end":{"line":91,"column":3}}]},"5":{"loc":{"start":{"line":85,"column":7},"end":{"line":91,"column":3}},"type":"if","locations":[{"start":{"line":85,"column":7},"end":{"line":91,"column":3}},{"start":{"line":89,"column":7},"end":{"line":91,"column":3}}]},"6":{"loc":{"start":{"line":89,"column":7},"end":{"line":91,"column":3}},"type":"if","locations":[{"start":{"line":89,"column":7},"end":{"line":91,"column":3}}]},"7":{"loc":{"start":{"line":101,"column":4},"end":{"line":104,"column":40}},"type":"binary-expr","locations":[{"start":{"line":101,"column":4},"end":{"line":101,"column":29}},{"start":{"line":102,"column":4},"end":{"line":102,"column":18}},{"start":{"line":103,"column":4},"end":{"line":103,"column":27}},{"start":{"line":104,"column":5},"end":{"line":104,"column":40}}]},"8":{"loc":{"start":{"line":113,"column":4},"end":{"line":117,"column":39}},"type":"binary-expr","locations":[{"start":{"line":113,"column":4},"end":{"line":113,"column":29}},{"start":{"line":114,"column":4},"end":{"line":114,"column":18}},{"start":{"line":115,"column":4},"end":{"line":115,"column":19}},{"start":{"line":116,"column":4},"end":{"line":116,"column":43}},{"start":{"line":117,"column":4},"end":{"line":117,"column":39}}]},"9":{"loc":{"start":{"line":129,"column":2},"end":{"line":134,"column":3}},"type":"if","locations":[{"start":{"line":129,"column":2},"end":{"line":134,"column":3}}]},"10":{"loc":{"start":{"line":137,"column":2},"end":{"line":155,"column":3}},"type":"if","locations":[{"start":{"line":137,"column":2},"end":{"line":155,"column":3}}]},"11":{"loc":{"start":{"line":144,"column":4},"end":{"line":149,"column":5}},"type":"if","locations":[{"start":{"line":144,"column":4},"end":{"line":149,"column":5}}]},"12":{"loc":{"start":{"line":152,"column":4},"end":{"line":154,"column":5}},"type":"if","locations":[{"start":{"line":152,"column":4},"end":{"line":154,"column":5}}]},"13":{"loc":{"start":{"line":152,"column":8},"end":{"line":152,"column":70}},"type":"binary-expr","locations":[{"start":{"line":152,"column":8},"end":{"line":152,"column":27}},{"start":{"line":152,"column":31},"end":{"line":152,"column":70}}]},"14":{"loc":{"start":{"line":163,"column":2},"end":{"line":165,"column":3}},"type":"if","locations":[{"start":{"line":163,"column":2},"end":{"line":165,"column":3}}]},"15":{"loc":{"start":{"line":168,"column":2},"end":{"line":181,"column":3}},"type":"if","locations":[{"start":{"line":168,"column":2},"end":{"line":181,"column":3}}]},"16":{"loc":{"start":{"line":178,"column":4},"end":{"line":180,"column":5}},"type":"if","locations":[{"start":{"line":178,"column":4},"end":{"line":180,"column":5}}]},"17":{"loc":{"start":{"line":184,"column":2},"end":{"line":186,"column":3}},"type":"if","locations":[{"start":{"line":184,"column":2},"end":{"line":186,"column":3}}]},"18":{"loc":{"start":{"line":194,"column":2},"end":{"line":194,"column":58}},"type":"if","locations":[{"start":{"line":194,"column":2},"end":{"line":194,"column":58}}]},"19":{"loc":{"start":{"line":195,"column":2},"end":{"line":195,"column":49}},"type":"if","locations":[{"start":{"line":195,"column":2},"end":{"line":195,"column":49}}]},"20":{"loc":{"start":{"line":196,"column":2},"end":{"line":198,"column":3}},"type":"if","locations":[{"start":{"line":196,"column":2},"end":{"line":198,"column":3}}]},"21":{"loc":{"start":{"line":196,"column":6},"end":{"line":196,"column":38}},"type":"binary-expr","locations":[{"start":{"line":196,"column":6},"end":{"line":196,"column":18}},{"start":{"line":196,"column":22},"end":{"line":196,"column":38}}]},"22":{"loc":{"start":{"line":197,"column":22},"end":{"line":197,"column":54}},"type":"binary-expr","locations":[{"start":{"line":197,"column":22},"end":{"line":197,"column":34}},{"start":{"line":197,"column":38},"end":{"line":197,"column":54}}]},"23":{"loc":{"start":{"line":204,"column":2},"end":{"line":213,"column":3}},"type":"if","locations":[{"start":{"line":204,"column":2},"end":{"line":213,"column":3}}]},"24":{"loc":{"start":{"line":204,"column":6},"end":{"line":204,"column":58}},"type":"binary-expr","locations":[{"start":{"line":204,"column":6},"end":{"line":204,"column":20}},{"start":{"line":204,"column":24},"end":{"line":204,"column":58}}]},"25":{"loc":{"start":{"line":206,"column":4},"end":{"line":206,"column":59}},"type":"if","locations":[{"start":{"line":206,"column":4},"end":{"line":206,"column":59}}]},"26":{"loc":{"start":{"line":207,"column":4},"end":{"line":207,"column":71}},"type":"if","locations":[{"start":{"line":207,"column":4},"end":{"line":207,"column":71}}]},"27":{"loc":{"start":{"line":208,"column":4},"end":{"line":208,"column":57}},"type":"if","locations":[{"start":{"line":208,"column":4},"end":{"line":208,"column":57}}]},"28":{"loc":{"start":{"line":209,"column":4},"end":{"line":212,"column":5}},"type":"if","locations":[{"start":{"line":209,"column":4},"end":{"line":212,"column":5}}]},"29":{"loc":{"start":{"line":220,"column":2},"end":{"line":220,"column":61}},"type":"if","locations":[{"start":{"line":220,"column":2},"end":{"line":220,"column":61}}]},"30":{"loc":{"start":{"line":221,"column":2},"end":{"line":227,"column":3}},"type":"if","locations":[{"start":{"line":221,"column":2},"end":{"line":227,"column":3}}]},"31":{"loc":{"start":{"line":224,"column":4},"end":{"line":226,"column":5}},"type":"if","locations":[{"start":{"line":224,"column":4},"end":{"line":226,"column":5}}]},"32":{"loc":{"start":{"line":228,"column":2},"end":{"line":228,"column":55}},"type":"if","locations":[{"start":{"line":228,"column":2},"end":{"line":228,"column":55}}]},"33":{"loc":{"start":{"line":229,"column":2},"end":{"line":229,"column":58}},"type":"if","locations":[{"start":{"line":229,"column":2},"end":{"line":229,"column":58}}]},"34":{"loc":{"start":{"line":230,"column":2},"end":{"line":230,"column":65}},"type":"if","locations":[{"start":{"line":230,"column":2},"end":{"line":230,"column":65}}]},"35":{"loc":{"start":{"line":231,"column":2},"end":{"line":231,"column":47}},"type":"if","locations":[{"start":{"line":231,"column":2},"end":{"line":231,"column":47}}]},"36":{"loc":{"start":{"line":232,"column":2},"end":{"line":232,"column":59}},"type":"if","locations":[{"start":{"line":232,"column":2},"end":{"line":232,"column":59}}]},"37":{"loc":{"start":{"line":240,"column":2},"end":{"line":244,"column":3}},"type":"if","locations":[{"start":{"line":240,"column":2},"end":{"line":244,"column":3}}]},"38":{"loc":{"start":{"line":240,"column":6},"end":{"line":240,"column":44}},"type":"binary-expr","locations":[{"start":{"line":240,"column":6},"end":{"line":240,"column":13}},{"start":{"line":240,"column":17},"end":{"line":240,"column":44}}]},"39":{"loc":{"start":{"line":262,"column":2},"end":{"line":267,"column":3}},"type":"if","locations":[{"start":{"line":262,"column":2},"end":{"line":267,"column":3}}]},"40":{"loc":{"start":{"line":264,"column":4},"end":{"line":266,"column":5}},"type":"if","locations":[{"start":{"line":264,"column":4},"end":{"line":266,"column":5}}]},"41":{"loc":{"start":{"line":269,"column":2},"end":{"line":274,"column":3}},"type":"if","locations":[{"start":{"line":269,"column":2},"end":{"line":274,"column":3}}]},"42":{"loc":{"start":{"line":271,"column":4},"end":{"line":273,"column":5}},"type":"if","locations":[{"start":{"line":271,"column":4},"end":{"line":273,"column":5}}]},"43":{"loc":{"start":{"line":276,"column":2},"end":{"line":281,"column":3}},"type":"if","locations":[{"start":{"line":276,"column":2},"end":{"line":281,"column":3}}]},"44":{"loc":{"start":{"line":278,"column":4},"end":{"line":280,"column":5}},"type":"if","locations":[{"start":{"line":278,"column":4},"end":{"line":280,"column":5}}]},"45":{"loc":{"start":{"line":285,"column":2},"end":{"line":293,"column":3}},"type":"if","locations":[{"start":{"line":285,"column":2},"end":{"line":293,"column":3}}]},"46":{"loc":{"start":{"line":288,"column":4},"end":{"line":292,"column":5}},"type":"if","locations":[{"start":{"line":288,"column":4},"end":{"line":292,"column":5}},{"start":{"line":290,"column":11},"end":{"line":292,"column":5}}]},"47":{"loc":{"start":{"line":300,"column":9},"end":{"line":302,"column":43}},"type":"binary-expr","locations":[{"start":{"line":300,"column":9},"end":{"line":300,"column":37}},{"start":{"line":301,"column":9},"end":{"line":301,"column":47}},{"start":{"line":302,"column":9},"end":{"line":302,"column":43}}]},"48":{"loc":{"start":{"line":308,"column":74},"end":{"line":308,"column":98}},"type":"default-arg","locations":[{"start":{"line":308,"column":96},"end":{"line":308,"column":98}}]},"49":{"loc":{"start":{"line":310,"column":2},"end":{"line":314,"column":3}},"type":"if","locations":[{"start":{"line":310,"column":2},"end":{"line":314,"column":3}}]},"50":{"loc":{"start":{"line":317,"column":2},"end":{"line":335,"column":3}},"type":"if","locations":[{"start":{"line":317,"column":2},"end":{"line":335,"column":3}}]},"51":{"loc":{"start":{"line":319,"column":4},"end":{"line":321,"column":5}},"type":"if","locations":[{"start":{"line":319,"column":4},"end":{"line":321,"column":5}}]},"52":{"loc":{"start":{"line":325,"column":4},"end":{"line":327,"column":5}},"type":"if","locations":[{"start":{"line":325,"column":4},"end":{"line":327,"column":5}}]},"53":{"loc":{"start":{"line":331,"column":4},"end":{"line":334,"column":5}},"type":"if","locations":[{"start":{"line":331,"column":4},"end":{"line":334,"column":5}}]},"54":{"loc":{"start":{"line":346,"column":2},"end":{"line":348,"column":3}},"type":"if","locations":[{"start":{"line":346,"column":2},"end":{"line":348,"column":3}}]},"55":{"loc":{"start":{"line":347,"column":47},"end":{"line":347,"column":109}},"type":"cond-expr","locations":[{"start":{"line":347,"column":74},"end":{"line":347,"column":104}},{"start":{"line":347,"column":107},"end":{"line":347,"column":109}}]},"56":{"loc":{"start":{"line":350,"column":2},"end":{"line":352,"column":3}},"type":"if","locations":[{"start":{"line":350,"column":2},"end":{"line":352,"column":3}}]},"57":{"loc":{"start":{"line":350,"column":6},"end":{"line":350,"column":47}},"type":"binary-expr","locations":[{"start":{"line":350,"column":6},"end":{"line":350,"column":26}},{"start":{"line":350,"column":30},"end":{"line":350,"column":47}}]},"58":{"loc":{"start":{"line":354,"column":2},"end":{"line":356,"column":3}},"type":"if","locations":[{"start":{"line":354,"column":2},"end":{"line":356,"column":3}}]},"59":{"loc":{"start":{"line":358,"column":2},"end":{"line":360,"column":3}},"type":"if","locations":[{"start":{"line":358,"column":2},"end":{"line":360,"column":3}}]},"60":{"loc":{"start":{"line":362,"column":2},"end":{"line":367,"column":3}},"type":"if","locations":[{"start":{"line":362,"column":2},"end":{"line":367,"column":3}}]},"61":{"loc":{"start":{"line":364,"column":4},"end":{"line":366,"column":5}},"type":"if","locations":[{"start":{"line":364,"column":4},"end":{"line":366,"column":5}}]},"62":{"loc":{"start":{"line":364,"column":8},"end":{"line":364,"column":92}},"type":"binary-expr","locations":[{"start":{"line":364,"column":8},"end":{"line":364,"column":50}},{"start":{"line":364,"column":54},"end":{"line":364,"column":92}}]}},"s":{"0":8,"1":8,"2":2,"3":2,"4":6,"5":3,"6":6,"7":2,"8":2,"9":4,"10":1,"11":1,"12":3,"13":1,"14":1,"15":1,"16":2,"17":1,"18":1,"19":1,"20":6,"21":1,"22":7,"23":4,"24":2,"25":2,"26":2,"27":1,"28":1,"29":1,"30":1,"31":2,"32":2,"33":2,"34":2,"35":2,"36":2,"37":2,"38":2,"39":2,"40":2,"41":1,"42":1,"43":1,"44":1,"45":1,"46":1,"47":1,"48":1,"49":1,"50":1,"51":1,"52":1,"53":1,"54":0,"55":1,"56":1,"57":1,"58":1,"59":1,"60":1,"61":1,"62":1,"63":1,"64":1,"65":1,"66":1,"67":1,"68":1,"69":1,"70":1,"71":1,"72":1,"73":3,"74":1,"75":3,"76":1,"77":1,"78":0,"79":3,"80":0,"81":3,"82":0,"83":3,"84":0,"85":3,"86":0,"87":3,"88":0,"89":3,"90":3,"91":3,"92":9,"93":3,"94":3,"95":3,"96":3,"97":3,"98":2,"99":2,"100":2,"101":3,"102":2,"103":2,"104":2,"105":3,"106":2,"107":2,"108":2,"109":3,"110":3,"111":2,"112":2,"113":2,"114":0,"115":8,"116":1,"117":5,"118":1,"119":1,"120":1,"121":4,"122":3,"123":1,"124":2,"125":2,"126":1,"127":1,"128":1,"129":1,"130":1,"131":1,"132":1,"133":4,"134":4,"135":3,"136":4,"137":1,"138":4,"139":1,"140":4,"141":2,"142":4,"143":1,"144":1,"145":1,"146":4,"147":1},"f":{"0":8,"1":7,"2":4,"3":2,"4":1,"5":1,"6":3,"7":3,"8":3,"9":8,"10":5,"11":4},"b":{"0":[2],"1":[3],"2":[2,4],"3":[1,3],"4":[1,2],"5":[1,1],"6":[1],"7":[7,6,6,2],"8":[4,3,3,1,1],"9":[1],"10":[2],"11":[2],"12":[2],"13":[2,2],"14":[1],"15":[1],"16":[1],"17":[0],"18":[1],"19":[1],"20":[1],"21":[1,0],"22":[1,0],"23":[1],"24":[1,1],"25":[1],"26":[1],"27":[1],"28":[1],"29":[1],"30":[1],"31":[0],"32":[0],"33":[0],"34":[0],"35":[0],"36":[0],"37":[3],"38":[3,3],"39":[2],"40":[2],"41":[2],"42":[2],"43":[2],"44":[2],"45":[2],"46":[2,0],"47":[8,6,5],"48":[4],"49":[1],"50":[3],"51":[1],"52":[1],"53":[1],"54":[3],"55":[1,2],"56":[1],"57":[4,1],"58":[1],"59":[2],"60":[1],"61":[1],"62":[1,1]}}
,"/Users/pt/work/purr/backend/src/app/helpers/file.helper.ts": {"path":"/Users/pt/work/purr/backend/src/app/helpers/file.helper.ts","statementMap":{"0":{"start":{"line":1,"column":0},"end":{"line":1,"column":29}},"1":{"start":{"line":2,"column":0},"end":{"line":2,"column":38}},"2":{"start":{"line":11,"column":19},"end":{"line":11,"column":33}},"3":{"start":{"line":13,"column":2},"end":{"line":39,"column":5}},"4":{"start":{"line":15,"column":14},"end":{"line":15,"column":24}},"5":{"start":{"line":17,"column":19},"end":{"line":19,"column":6}},"6":{"start":{"line":21,"column":4},"end":{"line":27,"column":7}},"7":{"start":{"line":23,"column":6},"end":{"line":26,"column":7}},"8":{"start":{"line":23,"column":19},"end":{"line":23,"column":20}},"9":{"start":{"line":24,"column":21},"end":{"line":24,"column":39}},"10":{"start":{"line":25,"column":8},"end":{"line":25,"column":58}},"11":{"start":{"line":29,"column":4},"end":{"line":34,"column":7}},"12":{"start":{"line":31,"column":6},"end":{"line":31,"column":37}},"13":{"start":{"line":33,"column":6},"end":{"line":33,"column":49}},"14":{"start":{"line":36,"column":4},"end":{"line":38,"column":7}},"15":{"start":{"line":37,"column":6},"end":{"line":37,"column":87}},"16":{"start":{"line":9,"column":0},"end":{"line":9,"column":7}},"17":{"start":{"line":47,"column":16},"end":{"line":47,"column":30}},"18":{"start":{"line":50,"column":2},"end":{"line":56,"column":3}},"19":{"start":{"line":50,"column":15},"end":{"line":50,"column":16}},"20":{"start":{"line":51,"column":4},"end":{"line":51,"column":10}},"21":{"start":{"line":52,"column":4},"end":{"line":54,"column":5}},"22":{"start":{"line":52,"column":17},"end":{"line":52,"column":18}},"23":{"start":{"line":53,"column":6},"end":{"line":53,"column":59}},"24":{"start":{"line":55,"column":4},"end":{"line":55,"column":17}},"25":{"start":{"line":58,"column":2},"end":{"line":58,"column":15}},"26":{"start":{"line":69,"column":13},"end":{"line":69,"column":23}},"27":{"start":{"line":70,"column":2},"end":{"line":73,"column":3}},"28":{"start":{"line":72,"column":4},"end":{"line":72,"column":39}},"29":{"start":{"line":76,"column":2},"end":{"line":76,"column":28}},"30":{"start":{"line":78,"column":2},"end":{"line":80,"column":3}},"31":{"start":{"line":79,"column":4},"end":{"line":79,"column":78}},"32":{"start":{"line":82,"column":2},"end":{"line":82,"column":14}},"33":{"start":{"line":68,"column":0},"end":{"line":68,"column":16}}},"fnMap":{"0":{"name":"crc32File","decl":{"start":{"line":9,"column":22},"end":{"line":9,"column":31}},"loc":{"start":{"line":9,"column":48},"end":{"line":40,"column":1}}},"1":{"name":"(anonymous_7)","decl":{"start":{"line":13,"column":21},"end":{"line":13,"column":22}},"loc":{"start":{"line":13,"column":41},"end":{"line":39,"column":3}}},"2":{"name":"(anonymous_8)","decl":{"start":{"line":21,"column":22},"end":{"line":21,"column":23}},"loc":{"start":{"line":21,"column":32},"end":{"line":27,"column":5}}},"3":{"name":"(anonymous_9)","decl":{"start":{"line":29,"column":21},"end":{"line":29,"column":24}},"loc":{"start":{"line":29,"column":26},"end":{"line":34,"column":5}}},"4":{"name":"(anonymous_10)","decl":{"start":{"line":36,"column":23},"end":{"line":36,"column":24}},"loc":{"start":{"line":36,"column":33},"end":{"line":38,"column":5}}},"5":{"name":"makeCRCTable","decl":{"start":{"line":46,"column":9},"end":{"line":46,"column":21}},"loc":{"start":{"line":46,"column":21},"end":{"line":59,"column":1}}},"6":{"name":"restrictFolderToRoot","decl":{"start":{"line":68,"column":16},"end":{"line":68,"column":36}},"loc":{"start":{"line":68,"column":69},"end":{"line":83,"column":1}}}},"branchMap":{"0":{"loc":{"start":{"line":53,"column":11},"end":{"line":53,"column":57}},"type":"cond-expr","locations":[{"start":{"line":53,"column":22},"end":{"line":53,"column":44}},{"start":{"line":53,"column":49},"end":{"line":53,"column":56}}]},"1":{"loc":{"start":{"line":70,"column":2},"end":{"line":73,"column":3}},"type":"if","locations":[{"start":{"line":70,"column":2},"end":{"line":73,"column":3}}]},"2":{"loc":{"start":{"line":78,"column":2},"end":{"line":80,"column":3}},"type":"if","locations":[{"start":{"line":78,"column":2},"end":{"line":80,"column":3}}]}},"s":{"0":1,"1":1,"2":10,"3":10,"4":10,"5":10,"6":10,"7":7,"8":7,"9":1048658,"10":1048658,"11":10,"12":8,"13":8,"14":10,"15":2,"16":1,"17":10,"18":10,"19":10,"20":2560,"21":2560,"22":2560,"23":20480,"24":2560,"25":10,"26":3,"27":3,"28":1,"29":3,"30":3,"31":1,"32":2,"33":1},"f":{"0":10,"1":10,"2":7,"3":8,"4":2,"5":10,"6":3},"b":{"0":[10240,10240],"1":[1],"2":[1]}}
,"/Users/pt/work/purr/backend/src/app/helpers/index.ts": {"path":"/Users/pt/work/purr/backend/src/app/helpers/index.ts","statementMap":{"0":{"start":{"line":1,"column":0},"end":{"line":1,"column":32}},"1":{"start":{"line":2,"column":0},"end":{"line":2,"column":32}},"2":{"start":{"line":3,"column":0},"end":{"line":3,"column":32}},"3":{"start":{"line":4,"column":0},"end":{"line":4,"column":29}},"4":{"start":{"line":5,"column":0},"end":{"line":5,"column":30}},"5":{"start":{"line":6,"column":0},"end":{"line":6,"column":41}}},"fnMap":{},"branchMap":{},"s":{"0":0,"1":0,"2":0,"3":0,"4":0,"5":0},"f":{},"b":{}}
,"/Users/pt/work/purr/backend/src/app/helpers/pretty.helper.ts": {"path":"/Users/pt/work/purr/backend/src/app/helpers/pretty.helper.ts","statementMap":{"0":{"start":{"line":7,"column":2},"end":{"line":9,"column":3}},"1":{"start":{"line":8,"column":4},"end":{"line":8,"column":17}},"2":{"start":{"line":11,"column":16},"end":{"line":11,"column":69}},"3":{"start":{"line":12,"column":13},"end":{"line":12,"column":18}},"4":{"start":{"line":13,"column":18},"end":{"line":13,"column":19}},"5":{"start":{"line":15,"column":2},"end":{"line":18,"column":3}},"6":{"start":{"line":16,"column":4},"end":{"line":16,"column":17}},"7":{"start":{"line":17,"column":4},"end":{"line":17,"column":16}},"8":{"start":{"line":21,"column":20},"end":{"line":21,"column":56}},"9":{"start":{"line":22,"column":24},"end":{"line":22,"column":47}},"10":{"start":{"line":24,"column":20},"end":{"line":24,"column":56}},"11":{"start":{"line":25,"column":2},"end":{"line":25,"column":44}},"12":{"start":{"line":6,"column":0},"end":{"line":6,"column":16}},"13":{"start":{"line":34,"column":2},"end":{"line":36,"column":3}},"14":{"start":{"line":35,"column":4},"end":{"line":35,"column":18}},"15":{"start":{"line":38,"column":22},"end":{"line":43,"column":4}},"16":{"start":{"line":45,"column":13},"end":{"line":45,"column":15}},"17":{"start":{"line":46,"column":13},"end":{"line":46,"column":17}},"18":{"start":{"line":48,"column":2},"end":{"line":55,"column":3}},"19":{"start":{"line":49,"column":4},"end":{"line":54,"column":5}},"20":{"start":{"line":50,"column":6},"end":{"line":50,"column":33}},"21":{"start":{"line":51,"column":6},"end":{"line":51,"column":29}},"22":{"start":{"line":53,"column":6},"end":{"line":53,"column":12}},"23":{"start":{"line":58,"column":20},"end":{"line":58,"column":56}},"24":{"start":{"line":59,"column":24},"end":{"line":59,"column":47}},"25":{"start":{"line":61,"column":20},"end":{"line":61,"column":56}},"26":{"start":{"line":62,"column":2},"end":{"line":62,"column":32}},"27":{"start":{"line":33,"column":0},"end":{"line":33,"column":16}},"28":{"start":{"line":71,"column":2},"end":{"line":73,"column":3}},"29":{"start":{"line":72,"column":4},"end":{"line":72,"column":26}},"30":{"start":{"line":75,"column":15},"end":{"line":75,"column":27}},"31":{"start":{"line":78,"column":2},"end":{"line":80,"column":3}},"32":{"start":{"line":79,"column":4},"end":{"line":79,"column":26}},"33":{"start":{"line":82,"column":2},"end":{"line":82,"column":35}},"34":{"start":{"line":70,"column":0},"end":{"line":70,"column":16}}},"fnMap":{"0":{"name":"prettyBytes","decl":{"start":{"line":6,"column":16},"end":{"line":6,"column":27}},"loc":{"start":{"line":6,"column":41},"end":{"line":26,"column":1}}},"1":{"name":"prettyTime","decl":{"start":{"line":33,"column":16},"end":{"line":33,"column":26}},"loc":{"start":{"line":33,"column":37},"end":{"line":63,"column":1}}},"2":{"name":"prettyTimeOfDay","decl":{"start":{"line":70,"column":16},"end":{"line":70,"column":31}},"loc":{"start":{"line":70,"column":42},"end":{"line":83,"column":1}}}},"branchMap":{"0":{"loc":{"start":{"line":7,"column":2},"end":{"line":9,"column":3}},"type":"if","locations":[{"start":{"line":7,"column":2},"end":{"line":9,"column":3}}]},"1":{"loc":{"start":{"line":7,"column":6},"end":{"line":7,"column":42}},"type":"binary-expr","locations":[{"start":{"line":7,"column":6},"end":{"line":7,"column":29}},{"start":{"line":7,"column":33},"end":{"line":7,"column":42}}]},"2":{"loc":{"start":{"line":15,"column":9},"end":{"line":15,"column":53}},"type":"binary-expr","locations":[{"start":{"line":15,"column":9},"end":{"line":15,"column":21}},{"start":{"line":15,"column":25},"end":{"line":15,"column":53}}]},"3":{"loc":{"start":{"line":21,"column":20},"end":{"line":21,"column":56}},"type":"cond-expr","locations":[{"start":{"line":21,"column":34},"end":{"line":21,"column":35}},{"start":{"line":21,"column":38},"end":{"line":21,"column":56}}]},"4":{"loc":{"start":{"line":21,"column":38},"end":{"line":21,"column":56}},"type":"cond-expr","locations":[{"start":{"line":21,"column":51},"end":{"line":21,"column":52}},{"start":{"line":21,"column":55},"end":{"line":21,"column":56}}]},"5":{"loc":{"start":{"line":34,"column":2},"end":{"line":36,"column":3}},"type":"if","locations":[{"start":{"line":34,"column":2},"end":{"line":36,"column":3}}]},"6":{"loc":{"start":{"line":34,"column":6},"end":{"line":34,"column":36}},"type":"binary-expr","locations":[{"start":{"line":34,"column":6},"end":{"line":34,"column":26}},{"start":{"line":34,"column":30},"end":{"line":34,"column":36}}]},"7":{"loc":{"start":{"line":49,"column":4},"end":{"line":54,"column":5}},"type":"if","locations":[{"start":{"line":49,"column":4},"end":{"line":54,"column":5}},{"start":{"line":52,"column":11},"end":{"line":54,"column":5}}]},"8":{"loc":{"start":{"line":58,"column":20},"end":{"line":58,"column":56}},"type":"cond-expr","locations":[{"start":{"line":58,"column":34},"end":{"line":58,"column":35}},{"start":{"line":58,"column":38},"end":{"line":58,"column":56}}]},"9":{"loc":{"start":{"line":58,"column":38},"end":{"line":58,"column":56}},"type":"cond-expr","locations":[{"start":{"line":58,"column":51},"end":{"line":58,"column":52}},{"start":{"line":58,"column":55},"end":{"line":58,"column":56}}]},"10":{"loc":{"start":{"line":71,"column":2},"end":{"line":73,"column":3}},"type":"if","locations":[{"start":{"line":71,"column":2},"end":{"line":73,"column":3}}]},"11":{"loc":{"start":{"line":78,"column":2},"end":{"line":80,"column":3}},"type":"if","locations":[{"start":{"line":78,"column":2},"end":{"line":80,"column":3}}]}},"s":{"0":24,"1":4,"2":20,"3":20,"4":20,"5":20,"6":31,"7":31,"8":20,"9":20,"10":20,"11":20,"12":1,"13":30,"14":4,"15":26,"16":26,"17":26,"18":26,"19":72,"20":50,"21":50,"22":22,"23":26,"24":26,"25":26,"26":26,"27":1,"28":7,"29":4,"30":3,"31":3,"32":0,"33":3,"34":1},"f":{"0":24,"1":30,"2":7},"b":{"0":[4],"1":[24,21],"2":[51,31],"3":[5,15],"4":[3,12],"5":[4],"6":[30,27],"7":[50,22],"8":[2,24],"9":[8,16],"10":[4],"11":[0]}}
,"/Users/pt/work/purr/backend/src/app/helpers/promises.helper.ts": {"path":"/Users/pt/work/purr/backend/src/app/helpers/promises.helper.ts","statementMap":{"0":{"start":{"line":11,"column":23},"end":{"line":27,"column":1}},"1":{"start":{"line":14,"column":2},"end":{"line":20,"column":3}},"2":{"start":{"line":15,"column":4},"end":{"line":15,"column":17}},"3":{"start":{"line":16,"column":9},"end":{"line":20,"column":3}},"4":{"start":{"line":17,"column":4},"end":{"line":17,"column":25}},"5":{"start":{"line":19,"column":4},"end":{"line":19,"column":26}},"6":{"start":{"line":22,"column":2},"end":{"line":24,"column":3}},"7":{"start":{"line":23,"column":4},"end":{"line":23,"column":52}},"8":{"start":{"line":26,"column":2},"end":{"line":26,"column":59}},"9":{"start":{"line":26,"column":34},"end":{"line":26,"column":57}},"10":{"start":{"line":11,"column":13},"end":{"line":11,"column":23}}},"fnMap":{"0":{"name":"(anonymous_0)","decl":{"start":{"line":11,"column":23},"end":{"line":11,"column":24}},"loc":{"start":{"line":11,"column":64},"end":{"line":27,"column":1}}},"1":{"name":"(anonymous_1)","decl":{"start":{"line":26,"column":21},"end":{"line":26,"column":22}},"loc":{"start":{"line":26,"column":34},"end":{"line":26,"column":57}}}},"branchMap":{"0":{"loc":{"start":{"line":14,"column":2},"end":{"line":20,"column":3}},"type":"if","locations":[{"start":{"line":14,"column":2},"end":{"line":20,"column":3}},{"start":{"line":16,"column":9},"end":{"line":20,"column":3}}]},"1":{"loc":{"start":{"line":16,"column":9},"end":{"line":20,"column":3}},"type":"if","locations":[{"start":{"line":16,"column":9},"end":{"line":20,"column":3}},{"start":{"line":18,"column":9},"end":{"line":20,"column":3}}]},"2":{"loc":{"start":{"line":22,"column":2},"end":{"line":24,"column":3}},"type":"if","locations":[{"start":{"line":22,"column":2},"end":{"line":24,"column":3}}]}},"s":{"0":1,"1":12,"2":4,"3":8,"4":4,"5":4,"6":12,"7":3,"8":9,"9":9,"10":1},"f":{"0":12,"1":9},"b":{"0":[4,8],"1":[4,4],"2":[3]}}
,"/Users/pt/work/purr/backend/src/app/helpers/server.helper.ts": {"path":"/Users/pt/work/purr/backend/src/app/helpers/server.helper.ts","statementMap":{"0":{"start":{"line":1,"column":0},"end":{"line":1,"column":65}},"1":{"start":{"line":10,"column":2},"end":{"line":24,"column":3}},"2":{"start":{"line":11,"column":36},"end":{"line":11,"column":68}},"3":{"start":{"line":13,"column":26},"end":{"line":13,"column":62}},"4":{"start":{"line":14,"column":4},"end":{"line":17,"column":5}},"5":{"start":{"line":15,"column":19},"end":{"line":15,"column":40}},"6":{"start":{"line":16,"column":6},"end":{"line":16,"column":44}},"7":{"start":{"line":19,"column":4},"end":{"line":19,"column":21}},"8":{"start":{"line":22,"column":4},"end":{"line":22,"column":65}},"9":{"start":{"line":23,"column":4},"end":{"line":23,"column":21}},"10":{"start":{"line":9,"column":0},"end":{"line":9,"column":7}},"11":{"start":{"line":34,"column":2},"end":{"line":47,"column":3}},"12":{"start":{"line":35,"column":36},"end":{"line":41,"column":6}},"13":{"start":{"line":43,"column":4},"end":{"line":43,"column":35}},"14":{"start":{"line":46,"column":4},"end":{"line":46,"column":17}},"15":{"start":{"line":33,"column":0},"end":{"line":33,"column":7}}},"fnMap":{"0":{"name":"queryFileSize","decl":{"start":{"line":9,"column":22},"end":{"line":9,"column":35}},"loc":{"start":{"line":9,"column":79},"end":{"line":25,"column":1}}},"1":{"name":"queryRangesSupport","decl":{"start":{"line":33,"column":22},"end":{"line":33,"column":40}},"loc":{"start":{"line":33,"column":84},"end":{"line":48,"column":1}}}},"branchMap":{"0":{"loc":{"start":{"line":14,"column":4},"end":{"line":17,"column":5}},"type":"if","locations":[{"start":{"line":14,"column":4},"end":{"line":17,"column":5}}]},"1":{"loc":{"start":{"line":16,"column":13},"end":{"line":16,"column":43}},"type":"cond-expr","locations":[{"start":{"line":16,"column":27},"end":{"line":16,"column":36}},{"start":{"line":16,"column":39},"end":{"line":16,"column":43}}]}},"s":{"0":1,"1":8,"2":8,"3":6,"4":6,"5":5,"6":5,"7":1,"8":2,"9":2,"10":1,"11":8,"12":8,"13":4,"14":4,"15":1},"f":{"0":8,"1":8},"b":{"0":[5],"1":[1,4]}}
,"/Users/pt/work/purr/backend/src/app/helpers/url.helper.ts": {"path":"/Users/pt/work/purr/backend/src/app/helpers/url.helper.ts","statementMap":{"0":{"start":{"line":21,"column":20},"end":{"line":21,"column":33}},"1":{"start":{"line":22,"column":33},"end":{"line":22,"column":42}},"2":{"start":{"line":23,"column":60},"end":{"line":23,"column":69}},"3":{"start":{"line":26,"column":2},"end":{"line":28,"column":3}},"4":{"start":{"line":27,"column":4},"end":{"line":27,"column":18}},"5":{"start":{"line":31,"column":2},"end":{"line":35,"column":3}},"6":{"start":{"line":32,"column":48},"end":{"line":32,"column":65}},"7":{"start":{"line":33,"column":4},"end":{"line":33,"column":28}},"8":{"start":{"line":34,"column":4},"end":{"line":34,"column":31}},"9":{"start":{"line":38,"column":2},"end":{"line":48,"column":3}},"10":{"start":{"line":39,"column":27},"end":{"line":39,"column":48}},"11":{"start":{"line":40,"column":28},"end":{"line":40,"column":61}},"12":{"start":{"line":41,"column":23},"end":{"line":41,"column":57}},"13":{"start":{"line":42,"column":23},"end":{"line":42,"column":47}},"14":{"start":{"line":44,"column":4},"end":{"line":47,"column":5}},"15":{"start":{"line":45,"column":6},"end":{"line":45,"column":29}},"16":{"start":{"line":46,"column":6},"end":{"line":46,"column":24}},"17":{"start":{"line":51,"column":2},"end":{"line":57,"column":3}},"18":{"start":{"line":52,"column":4},"end":{"line":56,"column":5}},"19":{"start":{"line":53,"column":6},"end":{"line":53,"column":16}},"20":{"start":{"line":54,"column":11},"end":{"line":56,"column":5}},"21":{"start":{"line":55,"column":6},"end":{"line":55,"column":17}},"22":{"start":{"line":60,"column":2},"end":{"line":68,"column":3}},"23":{"start":{"line":61,"column":4},"end":{"line":67,"column":5}},"24":{"start":{"line":62,"column":6},"end":{"line":62,"column":26}},"25":{"start":{"line":63,"column":11},"end":{"line":67,"column":5}},"26":{"start":{"line":64,"column":6},"end":{"line":64,"column":25}},"27":{"start":{"line":66,"column":6},"end":{"line":66,"column":25}},"28":{"start":{"line":71,"column":2},"end":{"line":73,"column":3}},"29":{"start":{"line":72,"column":4},"end":{"line":72,"column":20}},"30":{"start":{"line":76,"column":29},"end":{"line":76,"column":31}},"31":{"start":{"line":78,"column":2},"end":{"line":80,"column":3}},"32":{"start":{"line":79,"column":4},"end":{"line":79,"column":35}},"33":{"start":{"line":82,"column":2},"end":{"line":88,"column":3}},"34":{"start":{"line":83,"column":4},"end":{"line":83,"column":28}},"35":{"start":{"line":84,"column":4},"end":{"line":86,"column":5}},"36":{"start":{"line":85,"column":6},"end":{"line":85,"column":36}},"37":{"start":{"line":87,"column":4},"end":{"line":87,"column":23}},"38":{"start":{"line":90,"column":2},"end":{"line":92,"column":3}},"39":{"start":{"line":91,"column":4},"end":{"line":91,"column":24}},"40":{"start":{"line":95,"column":2},"end":{"line":103,"column":3}},"41":{"start":{"line":96,"column":26},"end":{"line":97,"column":64}},"42":{"start":{"line":98,"column":4},"end":{"line":100,"column":5}},"43":{"start":{"line":99,"column":6},"end":{"line":99,"column":32}},"44":{"start":{"line":101,"column":9},"end":{"line":103,"column":3}},"45":{"start":{"line":102,"column":4},"end":{"line":102,"column":30}},"46":{"start":{"line":105,"column":2},"end":{"line":109,"column":3}},"47":{"start":{"line":107,"column":27},"end":{"line":107,"column":67}},"48":{"start":{"line":108,"column":4},"end":{"line":108,"column":34}},"49":{"start":{"line":111,"column":2},"end":{"line":115,"column":3}},"50":{"start":{"line":113,"column":28},"end":{"line":113,"column":78}},"51":{"start":{"line":114,"column":4},"end":{"line":114,"column":41}},"52":{"start":{"line":117,"column":2},"end":{"line":121,"column":3}},"53":{"start":{"line":119,"column":27},"end":{"line":119,"column":74}},"54":{"start":{"line":120,"column":4},"end":{"line":120,"column":40}},"55":{"start":{"line":123,"column":2},"end":{"line":123,"column":27}},"56":{"start":{"line":19,"column":0},"end":{"line":19,"column":16}}},"fnMap":{"0":{"name":"createUrl","decl":{"start":{"line":19,"column":16},"end":{"line":19,"column":25}},"loc":{"start":{"line":19,"column":47},"end":{"line":124,"column":1}}}},"branchMap":{"0":{"loc":{"start":{"line":26,"column":2},"end":{"line":28,"column":3}},"type":"if","locations":[{"start":{"line":26,"column":2},"end":{"line":28,"column":3}}]},"1":{"loc":{"start":{"line":31,"column":2},"end":{"line":35,"column":3}},"type":"if","locations":[{"start":{"line":31,"column":2},"end":{"line":35,"column":3}}]},"2":{"loc":{"start":{"line":31,"column":6},"end":{"line":31,"column":34}},"type":"binary-expr","locations":[{"start":{"line":31,"column":6},"end":{"line":31,"column":10}},{"start":{"line":31,"column":14},"end":{"line":31,"column":34}}]},"3":{"loc":{"start":{"line":38,"column":2},"end":{"line":48,"column":3}},"type":"if","locations":[{"start":{"line":38,"column":2},"end":{"line":48,"column":3}}]},"4":{"loc":{"start":{"line":38,"column":6},"end":{"line":38,"column":32}},"type":"binary-expr","locations":[{"start":{"line":38,"column":6},"end":{"line":38,"column":10}},{"start":{"line":38,"column":14},"end":{"line":38,"column":32}}]},"5":{"loc":{"start":{"line":44,"column":4},"end":{"line":47,"column":5}},"type":"if","locations":[{"start":{"line":44,"column":4},"end":{"line":47,"column":5}}]},"6":{"loc":{"start":{"line":44,"column":8},"end":{"line":44,"column":67}},"type":"binary-expr","locations":[{"start":{"line":44,"column":8},"end":{"line":44,"column":26}},{"start":{"line":44,"column":30},"end":{"line":44,"column":44}},{"start":{"line":44,"column":48},"end":{"line":44,"column":67}}]},"7":{"loc":{"start":{"line":51,"column":2},"end":{"line":57,"column":3}},"type":"if","locations":[{"start":{"line":51,"column":2},"end":{"line":57,"column":3}}]},"8":{"loc":{"start":{"line":51,"column":6},"end":{"line":51,"column":23}},"type":"binary-expr","locations":[{"start":{"line":51,"column":6},"end":{"line":51,"column":11}},{"start":{"line":51,"column":15},"end":{"line":51,"column":23}}]},"9":{"loc":{"start":{"line":52,"column":4},"end":{"line":56,"column":5}},"type":"if","locations":[{"start":{"line":52,"column":4},"end":{"line":56,"column":5}},{"start":{"line":54,"column":11},"end":{"line":56,"column":5}}]},"10":{"loc":{"start":{"line":54,"column":11},"end":{"line":56,"column":5}},"type":"if","locations":[{"start":{"line":54,"column":11},"end":{"line":56,"column":5}}]},"11":{"loc":{"start":{"line":60,"column":2},"end":{"line":68,"column":3}},"type":"if","locations":[{"start":{"line":60,"column":2},"end":{"line":68,"column":3}}]},"12":{"loc":{"start":{"line":60,"column":6},"end":{"line":60,"column":23}},"type":"binary-expr","locations":[{"start":{"line":60,"column":6},"end":{"line":60,"column":10}},{"start":{"line":60,"column":14},"end":{"line":60,"column":23}}]},"13":{"loc":{"start":{"line":61,"column":4},"end":{"line":67,"column":5}},"type":"if","locations":[{"start":{"line":61,"column":4},"end":{"line":67,"column":5}},{"start":{"line":63,"column":11},"end":{"line":67,"column":5}}]},"14":{"loc":{"start":{"line":63,"column":11},"end":{"line":67,"column":5}},"type":"if","locations":[{"start":{"line":63,"column":11},"end":{"line":67,"column":5}},{"start":{"line":65,"column":11},"end":{"line":67,"column":5}}]},"15":{"loc":{"start":{"line":71,"column":2},"end":{"line":73,"column":3}},"type":"if","locations":[{"start":{"line":71,"column":2},"end":{"line":73,"column":3}}]},"16":{"loc":{"start":{"line":71,"column":6},"end":{"line":71,"column":41}},"type":"binary-expr","locations":[{"start":{"line":71,"column":6},"end":{"line":71,"column":14}},{"start":{"line":71,"column":18},"end":{"line":71,"column":41}}]},"17":{"loc":{"start":{"line":78,"column":2},"end":{"line":80,"column":3}},"type":"if","locations":[{"start":{"line":78,"column":2},"end":{"line":80,"column":3}}]},"18":{"loc":{"start":{"line":82,"column":2},"end":{"line":88,"column":3}},"type":"if","locations":[{"start":{"line":82,"column":2},"end":{"line":88,"column":3}}]},"19":{"loc":{"start":{"line":84,"column":4},"end":{"line":86,"column":5}},"type":"if","locations":[{"start":{"line":84,"column":4},"end":{"line":86,"column":5}}]},"20":{"loc":{"start":{"line":90,"column":2},"end":{"line":92,"column":3}},"type":"if","locations":[{"start":{"line":90,"column":2},"end":{"line":92,"column":3}}]},"21":{"loc":{"start":{"line":95,"column":2},"end":{"line":103,"column":3}},"type":"if","locations":[{"start":{"line":95,"column":2},"end":{"line":103,"column":3}},{"start":{"line":101,"column":9},"end":{"line":103,"column":3}}]},"22":{"loc":{"start":{"line":95,"column":6},"end":{"line":95,"column":22}},"type":"binary-expr","locations":[{"start":{"line":95,"column":6},"end":{"line":95,"column":10}},{"start":{"line":95,"column":14},"end":{"line":95,"column":22}}]},"23":{"loc":{"start":{"line":96,"column":26},"end":{"line":97,"column":64}},"type":"binary-expr","locations":[{"start":{"line":96,"column":27},"end":{"line":96,"column":47}},{"start":{"line":96,"column":51},"end":{"line":96,"column":62}},{"start":{"line":97,"column":26},"end":{"line":97,"column":47}},{"start":{"line":97,"column":51},"end":{"line":97,"column":63}}]},"24":{"loc":{"start":{"line":98,"column":4},"end":{"line":100,"column":5}},"type":"if","locations":[{"start":{"line":98,"column":4},"end":{"line":100,"column":5}}]},"25":{"loc":{"start":{"line":101,"column":9},"end":{"line":103,"column":3}},"type":"if","locations":[{"start":{"line":101,"column":9},"end":{"line":103,"column":3}}]},"26":{"loc":{"start":{"line":101,"column":13},"end":{"line":101,"column":30}},"type":"binary-expr","locations":[{"start":{"line":101,"column":13},"end":{"line":101,"column":17}},{"start":{"line":101,"column":21},"end":{"line":101,"column":30}}]},"27":{"loc":{"start":{"line":105,"column":2},"end":{"line":109,"column":3}},"type":"if","locations":[{"start":{"line":105,"column":2},"end":{"line":109,"column":3}}]},"28":{"loc":{"start":{"line":107,"column":27},"end":{"line":107,"column":67}},"type":"cond-expr","locations":[{"start":{"line":107,"column":50},"end":{"line":107,"column":54}},{"start":{"line":107,"column":57},"end":{"line":107,"column":67}}]},"29":{"loc":{"start":{"line":111,"column":2},"end":{"line":115,"column":3}},"type":"if","locations":[{"start":{"line":111,"column":2},"end":{"line":115,"column":3}}]},"30":{"loc":{"start":{"line":113,"column":28},"end":{"line":113,"column":78}},"type":"cond-expr","locations":[{"start":{"line":113,"column":52},"end":{"line":113,"column":70}},{"start":{"line":113,"column":73},"end":{"line":113,"column":78}}]},"31":{"loc":{"start":{"line":117,"column":2},"end":{"line":121,"column":3}},"type":"if","locations":[{"start":{"line":117,"column":2},"end":{"line":121,"column":3}}]},"32":{"loc":{"start":{"line":119,"column":27},"end":{"line":119,"column":74}},"type":"cond-expr","locations":[{"start":{"line":119,"column":50},"end":{"line":119,"column":67}},{"start":{"line":119,"column":70},"end":{"line":119,"column":74}}]}},"s":{"0":20,"1":20,"2":20,"3":20,"4":1,"5":19,"6":2,"7":2,"8":2,"9":19,"10":4,"11":4,"12":4,"13":4,"14":4,"15":3,"16":3,"17":19,"18":7,"19":5,"20":2,"21":0,"22":19,"23":5,"24":1,"25":4,"26":1,"27":3,"28":19,"29":3,"30":19,"31":19,"32":16,"33":19,"34":1,"35":1,"36":1,"37":1,"38":19,"39":17,"40":19,"41":14,"42":14,"43":5,"44":5,"45":0,"46":19,"47":3,"48":3,"49":19,"50":2,"51":2,"52":19,"53":2,"54":2,"55":19,"56":1},"f":{"0":20},"b":{"0":[1],"1":[2],"2":[19,17],"3":[4],"4":[19,17],"5":[3],"6":[4,4,4],"7":[7],"8":[19,10],"9":[5,2],"10":[0],"11":[5],"12":[19,14],"13":[1,4],"14":[1,3],"15":[3],"16":[19,16],"17":[16],"18":[1],"19":[1],"20":[17],"21":[14,5],"22":[19,14],"23":[14,12,7,2],"24":[5],"25":[0],"26":[5,0],"27":[3],"28":[2,1],"29":[2],"30":[1,1],"31":[2],"32":[1,1]}}
,"/Users/pt/work/purr/backend/src/app/helpers/volume.helper.ts": {"path":"/Users/pt/work/purr/backend/src/app/helpers/volume.helper.ts","statementMap":{"0":{"start":{"line":3,"column":0},"end":{"line":3,"column":24}},"1":{"start":{"line":11,"column":26},"end":{"line":11,"column":49}},"2":{"start":{"line":12,"column":2},"end":{"line":12,"column":85}},"3":{"start":{"line":10,"column":0},"end":{"line":10,"column":16}},"4":{"start":{"line":24,"column":2},"end":{"line":32,"column":3}},"5":{"start":{"line":25,"column":24},"end":{"line":25,"column":63}},"6":{"start":{"line":26,"column":21},"end":{"line":26,"column":65}},"7":{"start":{"line":27,"column":17},"end":{"line":27,"column":54}},"8":{"start":{"line":29,"column":4},"end":{"line":29,"column":47}},"9":{"start":{"line":31,"column":4},"end":{"line":31,"column":124}},"10":{"start":{"line":23,"column":0},"end":{"line":23,"column":16}},"11":{"start":{"line":42,"column":2},"end":{"line":42,"column":83}},"12":{"start":{"line":59,"column":26},"end":{"line":59,"column":57}},"13":{"start":{"line":61,"column":2},"end":{"line":81,"column":3}},"14":{"start":{"line":62,"column":21},"end":{"line":62,"column":67}},"15":{"start":{"line":63,"column":17},"end":{"line":63,"column":42}},"16":{"start":{"line":66,"column":4},"end":{"line":68,"column":5}},"17":{"start":{"line":67,"column":6},"end":{"line":67,"column":22}},"18":{"start":{"line":70,"column":4},"end":{"line":72,"column":5}},"19":{"start":{"line":71,"column":6},"end":{"line":71,"column":22}},"20":{"start":{"line":75,"column":4},"end":{"line":80,"column":5}},"21":{"start":{"line":76,"column":21},"end":{"line":76,"column":70}},"22":{"start":{"line":77,"column":6},"end":{"line":79,"column":7}},"23":{"start":{"line":78,"column":8},"end":{"line":78,"column":22}},"24":{"start":{"line":83,"column":2},"end":{"line":83,"column":19}},"25":{"start":{"line":53,"column":0},"end":{"line":53,"column":16}}},"fnMap":{"0":{"name":"getFirstFileOrFolder","decl":{"start":{"line":10,"column":16},"end":{"line":10,"column":36}},"loc":{"start":{"line":10,"column":51},"end":{"line":13,"column":1}}},"1":{"name":"getMeta","decl":{"start":{"line":23,"column":16},"end":{"line":23,"column":23}},"loc":{"start":{"line":23,"column":56},"end":{"line":33,"column":1}}},"2":{"name":"matchesPattern","decl":{"start":{"line":41,"column":9},"end":{"line":41,"column":23}},"loc":{"start":{"line":41,"column":66},"end":{"line":43,"column":1}}},"3":{"name":"findFileOrFolder","decl":{"start":{"line":53,"column":16},"end":{"line":53,"column":32}},"loc":{"start":{"line":57,"column":27},"end":{"line":84,"column":1}}}},"branchMap":{"0":{"loc":{"start":{"line":12,"column":9},"end":{"line":12,"column":84}},"type":"cond-expr","locations":[{"start":{"line":12,"column":38},"end":{"line":12,"column":72}},{"start":{"line":12,"column":75},"end":{"line":12,"column":84}}]},"1":{"loc":{"start":{"line":26,"column":21},"end":{"line":26,"column":65}},"type":"cond-expr","locations":[{"start":{"line":26,"column":35},"end":{"line":26,"column":54}},{"start":{"line":26,"column":57},"end":{"line":26,"column":65}}]},"2":{"loc":{"start":{"line":31,"column":64},"end":{"line":31,"column":120}},"type":"cond-expr","locations":[{"start":{"line":31,"column":89},"end":{"line":31,"column":102}},{"start":{"line":31,"column":105},"end":{"line":31,"column":120}}]},"3":{"loc":{"start":{"line":42,"column":9},"end":{"line":42,"column":82}},"type":"cond-expr","locations":[{"start":{"line":42,"column":37},"end":{"line":42,"column":59}},{"start":{"line":42,"column":62},"end":{"line":42,"column":82}}]},"4":{"loc":{"start":{"line":57,"column":2},"end":{"line":57,"column":27}},"type":"default-arg","locations":[{"start":{"line":57,"column":24},"end":{"line":57,"column":27}}]},"5":{"loc":{"start":{"line":66,"column":4},"end":{"line":68,"column":5}},"type":"if","locations":[{"start":{"line":66,"column":4},"end":{"line":68,"column":5}}]},"6":{"loc":{"start":{"line":66,"column":8},"end":{"line":66,"column":91}},"type":"binary-expr","locations":[{"start":{"line":66,"column":8},"end":{"line":66,"column":23}},{"start":{"line":66,"column":27},"end":{"line":66,"column":40}},{"start":{"line":66,"column":44},"end":{"line":66,"column":91}}]},"7":{"loc":{"start":{"line":70,"column":4},"end":{"line":72,"column":5}},"type":"if","locations":[{"start":{"line":70,"column":4},"end":{"line":72,"column":5}}]},"8":{"loc":{"start":{"line":70,"column":8},"end":{"line":70,"column":98}},"type":"binary-expr","locations":[{"start":{"line":70,"column":8},"end":{"line":70,"column":25}},{"start":{"line":70,"column":29},"end":{"line":70,"column":47}},{"start":{"line":70,"column":51},"end":{"line":70,"column":98}}]},"9":{"loc":{"start":{"line":75,"column":4},"end":{"line":80,"column":5}},"type":"if","locations":[{"start":{"line":75,"column":4},"end":{"line":80,"column":5}}]},"10":{"loc":{"start":{"line":77,"column":6},"end":{"line":79,"column":7}},"type":"if","locations":[{"start":{"line":77,"column":6},"end":{"line":79,"column":7}}]}},"s":{"0":1,"1":2,"2":2,"3":1,"4":4,"5":4,"6":3,"7":3,"8":3,"9":2,"10":1,"11":17,"12":14,"13":14,"14":33,"15":33,"16":33,"17":2,"18":31,"19":1,"20":30,"21":10,"22":10,"23":6,"24":5,"25":1},"f":{"0":2,"1":4,"2":17,"3":14},"b":{"0":[1,1],"1":[1,2],"2":[2,0],"3":[10,7],"4":[4],"5":[2],"6":[33,14,10],"7":[1],"8":[31,19,7],"9":[10],"10":[6]}}
,"/Users/pt/work/purr/backend/src/app/modules/index.ts": {"path":"/Users/pt/work/purr/backend/src/app/modules/index.ts","statementMap":{"0":{"start":{"line":1,"column":0},"end":{"line":1,"column":35}},"1":{"start":{"line":2,"column":0},"end":{"line":2,"column":24}},"2":{"start":{"line":3,"column":0},"end":{"line":3,"column":27}}},"fnMap":{},"branchMap":{},"s":{"0":0,"1":0,"2":0},"f":{},"b":{}}
[...]
,"/Users/pt/work/purr/backend/src/app/modules/uploader/services/index.ts": {"path":"/Users/pt/work/purr/backend/src/app/modules/uploader/services/index.ts","statementMap":{"0":{"start":{"line":1,"column":0},"end":{"line":1,"column":34}},"1":{"start":{"line":2,"column":0},"end":{"line":2,"column":33}}},"fnMap":{},"branchMap":{},"s":{"0":0,"1":0},"f":{},"b":{}}
,"/Users/pt/work/purr/backend/src/app/modules/uploader/services/uploader.service.ts": {"path":"/Users/pt/work/purr/backend/src/app/modules/uploader/services/uploader.service.ts","statementMap":{"0":{"start":{"line":1,"column":0},"end":{"line":1,"column":52}},"1":{"start":{"line":2,"column":0},"end":{"line":2,"column":25}},"2":{"start":{"line":3,"column":0},"end":{"line":3,"column":33}},"3":{"start":{"line":4,"column":0},"end":{"line":4,"column":42}},"4":{"start":{"line":7,"column":0},"end":{"line":7,"column":43}},"5":{"start":{"line":9,"column":28},"end":{"line":9,"column":67}},"6":{"start":{"line":24,"column":28},"end":{"line":85,"column":null}},"7":{"start":{"line":28,"column":21},"end":{"line":28,"column":35}},"8":{"start":{"line":25,"column":19},"end":{"line":25,"column":61}},"9":{"start":{"line":33,"column":4},"end":{"line":35,"column":5}},"10":{"start":{"line":34,"column":6},"end":{"line":34,"column":18}},"11":{"start":{"line":37,"column":4},"end":{"line":37,"column":17}},"12":{"start":{"line":41,"column":4},"end":{"line":41,"column":70}},"13":{"start":{"line":49,"column":4},"end":{"line":83,"column":5}},"14":{"start":{"line":50,"column":25},"end":{"line":50,"column":54}},"15":{"start":{"line":51,"column":23},"end":{"line":51,"column":37}},"16":{"start":{"line":52,"column":23},"end":{"line":52,"column":64}},"17":{"start":{"line":53,"column":6},"end":{"line":53,"column":52}},"18":{"start":{"line":54,"column":16},"end":{"line":63,"column":8}},"19":{"start":{"line":65,"column":6},"end":{"line":65,"column":41}},"20":{"start":{"line":67,"column":20},"end":{"line":67,"column":37}},"21":{"start":{"line":68,"column":6},"end":{"line":80,"column":7}},"22":{"start":{"line":69,"column":39},"end":{"line":69,"column":72}},"23":{"start":{"line":70,"column":8},"end":{"line":73,"column":9}},"24":{"start":{"line":71,"column":10},"end":{"line":71,"column":112}},"25":{"start":{"line":72,"column":10},"end":{"line":72,"column":83}},"26":{"start":{"line":75,"column":8},"end":{"line":75,"column":99}},"27":{"start":{"line":76,"column":13},"end":{"line":80,"column":7}},"28":{"start":{"line":77,"column":8},"end":{"line":77,"column":108}},"29":{"start":{"line":79,"column":8},"end":{"line":79,"column":69}},"30":{"start":{"line":82,"column":6},"end":{"line":82,"column":18}},"31":{"start":{"line":24,"column":13},"end":{"line":24,"column":28}},"32":{"start":{"line":24,"column":13},"end":{"line":85,"column":null}}},"fnMap":{"0":{"name":"(anonymous_9)","decl":{"start":{"line":27,"column":2},"end":{"line":27,"column":null}},"loc":{"start":{"line":28,"column":47},"end":{"line":29,"column":6}}},"1":{"name":"(anonymous_10)","decl":{"start":{"line":31,"column":2},"end":{"line":31,"column":24}},"loc":{"start":{"line":31,"column":37},"end":{"line":38,"column":3}}},"2":{"name":"(anonymous_11)","decl":{"start":{"line":40,"column":2},"end":{"line":40,"column":14}},"loc":{"start":{"line":40,"column":30},"end":{"line":42,"column":3}}},"3":{"name":"(anonymous_12)","decl":{"start":{"line":48,"column":2},"end":{"line":48,"column":7}},"loc":{"start":{"line":48,"column":41},"end":{"line":84,"column":3}}}},"branchMap":{"0":{"loc":{"start":{"line":33,"column":4},"end":{"line":35,"column":5}},"type":"if","locations":[{"start":{"line":33,"column":4},"end":{"line":35,"column":5}}]},"1":{"loc":{"start":{"line":33,"column":8},"end":{"line":33,"column":91}},"type":"binary-expr","locations":[{"start":{"line":33,"column":8},"end":{"line":33,"column":33}},{"start":{"line":33,"column":37},"end":{"line":33,"column":61}},{"start":{"line":33,"column":65},"end":{"line":33,"column":91}}]},"2":{"loc":{"start":{"line":52,"column":23},"end":{"line":52,"column":64}},"type":"binary-expr","locations":[{"start":{"line":52,"column":23},"end":{"line":52,"column":35}},{"start":{"line":52,"column":39},"end":{"line":52,"column":64}}]},"3":{"loc":{"start":{"line":68,"column":6},"end":{"line":80,"column":7}},"type":"if","locations":[{"start":{"line":68,"column":6},"end":{"line":80,"column":7}},{"start":{"line":76,"column":13},"end":{"line":80,"column":7}}]},"4":{"loc":{"start":{"line":70,"column":8},"end":{"line":73,"column":9}},"type":"if","locations":[{"start":{"line":70,"column":8},"end":{"line":73,"column":9}}]},"5":{"loc":{"start":{"line":76,"column":13},"end":{"line":80,"column":7}},"type":"if","locations":[{"start":{"line":76,"column":13},"end":{"line":80,"column":7}},{"start":{"line":78,"column":13},"end":{"line":80,"column":7}}]}},"s":{"0":0,"1":0,"2":0,"3":0,"4":0,"5":0,"6":0,"7":0,"8":0,"9":0,"10":0,"11":0,"12":0,"13":0,"14":0,"15":0,"16":0,"17":0,"18":0,"19":0,"20":0,"21":0,"22":0,"23":0,"24":0,"25":0,"26":0,"27":0,"28":0,"29":0,"30":0,"31":0,"32":0},"f":{"0":0,"1":0,"2":0,"3":0},"b":{"0":[0],"1":[0,0,0],"2":[0,0],"3":[0,0],"4":[0],"5":[0,0]}}
,"/Users/pt/work/purr/backend/src/app/modules/uploader/services/watcher.service.ts": {"path":"/Users/pt/work/purr/backend/src/app/modules/uploader/services/watcher.service.ts","statementMap":{"0":{"start":{"line":1,"column":0},"end":{"line":1,"column":52}},"1":{"start":{"line":2,"column":0},"end":{"line":2,"column":37}},"2":{"start":{"line":3,"column":0},"end":{"line":3,"column":60}},"3":{"start":{"line":4,"column":0},"end":{"line":4,"column":53}},"4":{"start":{"line":5,"column":0},"end":{"line":5,"column":43}},"5":{"start":{"line":6,"column":0},"end":{"line":6,"column":25}},"6":{"start":{"line":7,"column":0},"end":{"line":7,"column":29}},"7":{"start":{"line":10,"column":27},"end":{"line":72,"column":null}},"8":{"start":{"line":13,"column":21},"end":{"line":13,"column":28}},"9":{"start":{"line":14,"column":21},"end":{"line":14,"column":29}},"10":{"start":{"line":11,"column":19},"end":{"line":11,"column":60}},"11":{"start":{"line":22,"column":17},"end":{"line":22,"column":55}},"12":{"start":{"line":23,"column":25},"end":{"line":23,"column":47}},"13":{"start":{"line":25,"column":4},"end":{"line":27,"column":5}},"14":{"start":{"line":26,"column":6},"end":{"line":26,"column":82}},"15":{"start":{"line":30,"column":4},"end":{"line":30,"column":50}},"16":{"start":{"line":33,"column":4},"end":{"line":35,"column":6}},"17":{"start":{"line":37,"column":4},"end":{"line":51,"column":7}},"18":{"start":{"line":38,"column":6},"end":{"line":50,"column":7}},"19":{"start":{"line":39,"column":8},"end":{"line":49,"column":9}},"20":{"start":{"line":40,"column":10},"end":{"line":48,"column":31}},"21":{"start":{"line":41,"column":30},"end":{"line":41,"column":51}},"22":{"start":{"line":42,"column":12},"end":{"line":42,"column":34}},"23":{"start":{"line":43,"column":12},"end":{"line":43,"column":46}},"24":{"start":{"line":44,"column":12},"end":{"line":44,"column":54}},"25":{"start":{"line":46,"column":12},"end":{"line":46,"column":32}},"26":{"start":{"line":47,"column":12},"end":{"line":47,"column":65}},"27":{"start":{"line":55,"column":4},"end":{"line":70,"column":5}},"28":{"start":{"line":57,"column":20},"end":{"line":57,"column":47}},"29":{"start":{"line":58,"column":6},"end":{"line":66,"column":7}},"30":{"start":{"line":59,"column":29},"end":{"line":59,"column":60}},"31":{"start":{"line":60,"column":8},"end":{"line":65,"column":9}},"32":{"start":{"line":61,"column":28},"end":{"line":61,"column":49}},"33":{"start":{"line":62,"column":10},"end":{"line":62,"column":39}},"34":{"start":{"line":63,"column":10},"end":{"line":63,"column":40}},"35":{"start":{"line":64,"column":10},"end":{"line":64,"column":52}},"36":{"start":{"line":69,"column":6},"end":{"line":69,"column":112}},"37":{"start":{"line":10,"column":13},"end":{"line":10,"column":27}},"38":{"start":{"line":10,"column":13},"end":{"line":72,"column":null}}},"fnMap":{"0":{"name":"(anonymous_8)","decl":{"start":{"line":12,"column":2},"end":{"line":12,"column":null}},"loc":{"start":{"line":14,"column":44},"end":{"line":15,"column":6}}},"1":{"name":"(anonymous_9)","decl":{"start":{"line":21,"column":2},"end":{"line":21,"column":7}},"loc":{"start":{"line":21,"column":43},"end":{"line":52,"column":3}}},"2":{"name":"(anonymous_10)","decl":{"start":{"line":37,"column":39},"end":{"line":37,"column":44}},"loc":{"start":{"line":37,"column":61},"end":{"line":51,"column":5}}},"3":{"name":"(anonymous_11)","decl":{"start":{"line":54,"column":12},"end":{"line":54,"column":17}},"loc":{"start":{"line":54,"column":66},"end":{"line":71,"column":3}}}},"branchMap":{"0":{"loc":{"start":{"line":25,"column":4},"end":{"line":27,"column":5}},"type":"if","locations":[{"start":{"line":25,"column":4},"end":{"line":27,"column":5}}]},"1":{"loc":{"start":{"line":38,"column":6},"end":{"line":50,"column":7}},"type":"if","locations":[{"start":{"line":38,"column":6},"end":{"line":50,"column":7}}]},"2":{"loc":{"start":{"line":38,"column":10},"end":{"line":38,"column":47}},"type":"binary-expr","locations":[{"start":{"line":38,"column":10},"end":{"line":38,"column":25}},{"start":{"line":38,"column":29},"end":{"line":38,"column":47}}]},"3":{"loc":{"start":{"line":39,"column":8},"end":{"line":49,"column":9}},"type":"if","locations":[{"start":{"line":39,"column":8},"end":{"line":49,"column":9}}]},"4":{"loc":{"start":{"line":60,"column":8},"end":{"line":65,"column":9}},"type":"if","locations":[{"start":{"line":60,"column":8},"end":{"line":65,"column":9}}]},"5":{"loc":{"start":{"line":69,"column":68},"end":{"line":69,"column":108}},"type":"cond-expr","locations":[{"start":{"line":69,"column":91},"end":{"line":69,"column":102}},{"start":{"line":69,"column":105},"end":{"line":69,"column":108}}]}},"s":{"0":0,"1":0,"2":0,"3":0,"4":0,"5":0,"6":0,"7":0,"8":0,"9":0,"10":0,"11":0,"12":0,"13":0,"14":0,"15":0,"16":0,"17":0,"18":0,"19":0,"20":0,"21":0,"22":0,"23":0,"24":0,"25":0,"26":0,"27":0,"28":0,"29":0,"30":0,"31":0,"32":0,"33":0,"34":0,"35":0,"36":0,"37":0,"38":0},"f":{"0":0,"1":0,"2":0,"3":0},"b":{"0":[0],"1":[0],"2":[0,0],"3":[0],"4":[0],"5":[0,0]}}
,"/Users/pt/work/purr/backend/src/app/stats/index.ts": {"path":"/Users/pt/work/purr/backend/src/app/stats/index.ts","statementMap":{"0":{"start":{"line":1,"column":0},"end":{"line":1,"column":32}}},"fnMap":{},"branchMap":{},"s":{"0":0},"f":{},"b":{}}
,"/Users/pt/work/purr/backend/src/app/stats/speed-tracker.ts": {"path":"/Users/pt/work/purr/backend/src/app/stats/speed-tracker.ts","statementMap":{"0":{"start":{"line":22,"column":21},"end":{"line":22,"column":45}},"1":{"start":{"line":24,"column":21},"end":{"line":24,"column":52}},"2":{"start":{"line":16,"column":19},"end":{"line":16,"column":57}},"3":{"start":{"line":17,"column":10},"end":{"line":17,"column":24}},"4":{"start":{"line":18,"column":10},"end":{"line":18,"column":38}},"5":{"start":{"line":26,"column":4},"end":{"line":26,"column":35}},"6":{"start":{"line":27,"column":4},"end":{"line":27,"column":27}},"7":{"start":{"line":31,"column":18},"end":{"line":31,"column":46}},"8":{"start":{"line":35,"column":4},"end":{"line":41,"column":5}},"9":{"start":{"line":37,"column":6},"end":{"line":37,"column":35}},"10":{"start":{"line":40,"column":6},"end":{"line":40,"column":52}},"11":{"start":{"line":43,"column":4},"end":{"line":43,"column":38}},"12":{"start":{"line":46,"column":25},"end":{"line":46,"column":50}},"13":{"start":{"line":47,"column":4},"end":{"line":47,"column":57}},"14":{"start":{"line":50,"column":4},"end":{"line":53,"column":5}},"15":{"start":{"line":51,"column":6},"end":{"line":51,"column":36}},"16":{"start":{"line":52,"column":6},"end":{"line":52,"column":46}},"17":{"start":{"line":52,"column":39},"end":{"line":52,"column":44}},"18":{"start":{"line":63,"column":4},"end":{"line":65,"column":5}},"19":{"start":{"line":64,"column":6},"end":{"line":64,"column":15}},"20":{"start":{"line":67,"column":38},"end":{"line":67,"column":73}},"21":{"start":{"line":68,"column":21},"end":{"line":68,"column":47}},"22":{"start":{"line":71,"column":4},"end":{"line":73,"column":5}},"23":{"start":{"line":72,"column":6},"end":{"line":72,"column":15}},"24":{"start":{"line":76,"column":14},"end":{"line":76,"column":15}},"25":{"start":{"line":77,"column":4},"end":{"line":79,"column":5}},"26":{"start":{"line":77,"column":21},"end":{"line":77,"column":31}},"27":{"start":{"line":78,"column":6},"end":{"line":78,"column":39}},"28":{"start":{"line":81,"column":4},"end":{"line":81,"column":26}},"29":{"start":{"line":92,"column":38},"end":{"line":92,"column":73}},"30":{"start":{"line":94,"column":4},"end":{"line":96,"column":5}},"31":{"start":{"line":95,"column":6},"end":{"line":95,"column":73}},"32":{"start":{"line":99,"column":27},"end":{"line":99,"column":29}},"33":{"start":{"line":100,"column":31},"end":{"line":100,"column":67}},"34":{"start":{"line":101,"column":29},"end":{"line":101,"column":64}},"35":{"start":{"line":104,"column":4},"end":{"line":106,"column":5}},"36":{"start":{"line":104,"column":17},"end":{"line":104,"column":18}},"37":{"start":{"line":105,"column":6},"end":{"line":105,"column":18}},"38":{"start":{"line":108,"column":4},"end":{"line":113,"column":5}},"39":{"start":{"line":108,"column":21},"end":{"line":108,"column":31}},"40":{"start":{"line":109,"column":28},"end":{"line":109,"column":59}},"41":{"start":{"line":110,"column":25},"end":{"line":110,"column":59}},"42":{"start":{"line":112,"column":6},"end":{"line":112,"column":52}},"43":{"start":{"line":115,"column":4},"end":{"line":115,"column":73}},"44":{"start":{"line":119,"column":4},"end":{"line":121,"column":5}},"45":{"start":{"line":120,"column":6},"end":{"line":120,"column":45}},"46":{"start":{"line":123,"column":23},"end":{"line":123,"column":43}},"47":{"start":{"line":124,"column":22},"end":{"line":124,"column":69}},"48":{"start":{"line":127,"column":4},"end":{"line":130,"column":6}},"49":{"start":{"line":138,"column":37},"end":{"line":138,"column":39}},"50":{"start":{"line":140,"column":4},"end":{"line":148,"column":5}},"51":{"start":{"line":141,"column":6},"end":{"line":147,"column":7}},"52":{"start":{"line":142,"column":8},"end":{"line":142,"column":32}},"53":{"start":{"line":143,"column":8},"end":{"line":143,"column":35}},"54":{"start":{"line":146,"column":8},"end":{"line":146,"column":14}},"55":{"start":{"line":151,"column":4},"end":{"line":151,"column":83}},"56":{"start":{"line":151,"column":58},"end":{"line":151,"column":81}},"57":{"start":{"line":159,"column":4},"end":{"line":159,"column":22}},"58":{"start":{"line":160,"column":4},"end":{"line":160,"column":27}},"59":{"start":{"line":161,"column":4},"end":{"line":161,"column":40}},"60":{"start":{"line":15,"column":0},"end":{"line":15,"column":13}}},"fnMap":{"0":{"name":"(anonymous_0)","decl":{"start":{"line":20,"column":2},"end":{"line":20,"column":null}},"loc":{"start":{"line":24,"column":56},"end":{"line":28,"column":3}}},"1":{"name":"(anonymous_1)","decl":{"start":{"line":30,"column":2},"end":{"line":30,"column":8}},"loc":{"start":{"line":30,"column":46},"end":{"line":54,"column":3}}},"2":{"name":"(anonymous_2)","decl":{"start":{"line":52,"column":29},"end":{"line":52,"column":30}},"loc":{"start":{"line":52,"column":39},"end":{"line":52,"column":44}}},"3":{"name":"(anonymous_3)","decl":{"start":{"line":62,"column":2},"end":{"line":62,"column":7}},"loc":{"start":{"line":62,"column":33},"end":{"line":82,"column":3}}},"4":{"name":"(anonymous_4)","decl":{"start":{"line":91,"column":2},"end":{"line":91,"column":11}},"loc":{"start":{"line":91,"column":62},"end":{"line":116,"column":3}}},"5":{"name":"(anonymous_5)","decl":{"start":{"line":118,"column":10},"end":{"line":118,"column":27}},"loc":{"start":{"line":118,"column":53},"end":{"line":131,"column":3}}},"6":{"name":"(anonymous_6)","decl":{"start":{"line":137,"column":2},"end":{"line":137,"column":17}},"loc":{"start":{"line":137,"column":40},"end":{"line":152,"column":3}}},"7":{"name":"(anonymous_7)","decl":{"start":{"line":151,"column":49},"end":{"line":151,"column":54}},"loc":{"start":{"line":151,"column":58},"end":{"line":151,"column":81}}},"8":{"name":"(anonymous_8)","decl":{"start":{"line":158,"column":2},"end":{"line":158,"column":8}},"loc":{"start":{"line":158,"column":8},"end":{"line":162,"column":3}}}},"branchMap":{"0":{"loc":{"start":{"line":22,"column":21},"end":{"line":22,"column":46}},"type":"default-arg","locations":[{"start":{"line":22,"column":45},"end":{"line":22,"column":46}}]},"1":{"loc":{"start":{"line":24,"column":21},"end":{"line":24,"column":56}},"type":"default-arg","locations":[{"start":{"line":24,"column":52},"end":{"line":24,"column":56}}]},"2":{"loc":{"start":{"line":35,"column":4},"end":{"line":41,"column":5}},"type":"if","locations":[{"start":{"line":35,"column":4},"end":{"line":41,"column":5}},{"start":{"line":38,"column":11},"end":{"line":41,"column":5}}]},"3":{"loc":{"start":{"line":46,"column":25},"end":{"line":46,"column":50}},"type":"binary-expr","locations":[{"start":{"line":46,"column":25},"end":{"line":46,"column":45}},{"start":{"line":46,"column":49},"end":{"line":46,"column":50}}]},"4":{"loc":{"start":{"line":50,"column":4},"end":{"line":53,"column":5}},"type":"if","locations":[{"start":{"line":50,"column":4},"end":{"line":53,"column":5}}]},"5":{"loc":{"start":{"line":63,"column":4},"end":{"line":65,"column":5}},"type":"if","locations":[{"start":{"line":63,"column":4},"end":{"line":65,"column":5}}]},"6":{"loc":{"start":{"line":71,"column":4},"end":{"line":73,"column":5}},"type":"if","locations":[{"start":{"line":71,"column":4},"end":{"line":73,"column":5}}]},"7":{"loc":{"start":{"line":78,"column":13},"end":{"line":78,"column":38}},"type":"binary-expr","locations":[{"start":{"line":78,"column":13},"end":{"line":78,"column":33}},{"start":{"line":78,"column":37},"end":{"line":78,"column":38}}]},"8":{"loc":{"start":{"line":91,"column":39},"end":{"line":91,"column":62}},"type":"default-arg","locations":[{"start":{"line":91,"column":61},"end":{"line":91,"column":62}}]},"9":{"loc":{"start":{"line":94,"column":4},"end":{"line":96,"column":5}},"type":"if","locations":[{"start":{"line":94,"column":4},"end":{"line":96,"column":5}}]},"10":{"loc":{"start":{"line":112,"column":26},"end":{"line":112,"column":51}},"type":"binary-expr","locations":[{"start":{"line":112,"column":26},"end":{"line":112,"column":46}},{"start":{"line":112,"column":50},"end":{"line":112,"column":51}}]},"11":{"loc":{"start":{"line":119,"column":4},"end":{"line":121,"column":5}},"type":"if","locations":[{"start":{"line":119,"column":4},"end":{"line":121,"column":5}}]},"12":{"loc":{"start":{"line":128,"column":18},"end":{"line":128,"column":93}},"type":"cond-expr","locations":[{"start":{"line":128,"column":25},"end":{"line":128,"column":80}},{"start":{"line":128,"column":83},"end":{"line":128,"column":93}}]},"13":{"loc":{"start":{"line":129,"column":17},"end":{"line":129,"column":92}},"type":"cond-expr","locations":[{"start":{"line":129,"column":25},"end":{"line":129,"column":80}},{"start":{"line":129,"column":83},"end":{"line":129,"column":92}}]},"14":{"loc":{"start":{"line":141,"column":6},"end":{"line":147,"column":7}},"type":"if","locations":[{"start":{"line":141,"column":6},"end":{"line":147,"column":7}},{"start":{"line":144,"column":13},"end":{"line":147,"column":7}}]}},"s":{"0":0,"1":0,"2":0,"3":0,"4":0,"5":0,"6":0,"7":0,"8":0,"9":0,"10":0,"11":0,"12":0,"13":0,"14":0,"15":0,"16":0,"17":0,"18":0,"19":0,"20":0,"21":0,"22":0,"23":0,"24":0,"25":0,"26":0,"27":0,"28":0,"29":0,"30":0,"31":0,"32":0,"33":0,"34":0,"35":0,"36":0,"37":0,"38":0,"39":0,"40":0,"41":0,"42":0,"43":0,"44":0,"45":0,"46":0,"47":0,"48":0,"49":0,"50":0,"51":0,"52":0,"53":0,"54":0,"55":0,"56":0,"57":0,"58":0,"59":0,"60":0},"f":{"0":0,"1":0,"2":0,"3":0,"4":0,"5":0,"6":0,"7":0,"8":0},"b":{"0":[0],"1":[0],"2":[0,0],"3":[0,0],"4":[0],"5":[0],"6":[0],"7":[0,0],"8":[0],"9":[0],"10":[0,0],"11":[0],"12":[0,0],"13":[0,0],"14":[0,0]}}
}
