TN:
SF:src/main.ts
FN:7,bootstrap
FNF:1
FNH:0
FNDA:0,bootstrap
DA:1,0
DA:2,0
DA:4,0
DA:5,0
DA:8,0
DA:9,0
DA:10,0
DA:11,0
DA:12,0
DA:15,0
LF:10
LH:0
BRF:0
BRH:0
end_of_record
TN:
SF:src/app/app.module.ts
FNF:0
FNH:0
DA:1,0
DA:2,0
DA:3,0
DA:4,0
DA:5,0
DA:6,0
DA:7,0
DA:8,0
DA:9,0
DA:10,0
DA:11,0
DA:52,0
LF:12
LH:0
BRF:0
BRH:0
end_of_record
TN:
SF:src/app/generics/index.ts
FNF:0
FNH:0
DA:1,0
DA:2,0
LF:2
LH:0
BRF:0
BRH:0
end_of_record
TN:
SF:src/app/generics/repository.ts
FN:3,(anonymous_0)
FN:35,(anonymous_1)
FN:40,(anonymous_2)
FN:41,(anonymous_3)
FN:90,(anonymous_4)
FN:91,(anonymous_5)
FN:114,(anonymous_6)
FN:115,(anonymous_7)
FN:140,(anonymous_8)
FN:141,(anonymous_9)
FN:143,(anonymous_10)
FN:152,(anonymous_11)
FN:153,(anonymous_12)
FN:164,(anonymous_13)
FN:165,(anonymous_14)
FN:167,(anonymous_15)
FN:176,(anonymous_16)
FN:177,(anonymous_17)
FN:189,(anonymous_18)
FN:190,(anonymous_19)
FN:208,(anonymous_20)
FN:209,(anonymous_21)
FN:236,(anonymous_22)
FN:237,(anonymous_23)
FN:268,(anonymous_24)
FN:269,(anonymous_25)
FN:280,(anonymous_26)
FN:281,(anonymous_27)
FN:290,(anonymous_28)
FN:291,(anonymous_29)
FN:300,(anonymous_30)
FN:301,(anonymous_31)
FN:311,(anonymous_32)
FN:312,(anonymous_33)
FN:333,(anonymous_34)
FN:334,(anonymous_35)
FN:349,(anonymous_36)
FNF:37
FNH:0
FNDA:0,(anonymous_0)
FNDA:0,(anonymous_1)
FNDA:0,(anonymous_2)
FNDA:0,(anonymous_3)
FNDA:0,(anonymous_4)
FNDA:0,(anonymous_5)
FNDA:0,(anonymous_6)
FNDA:0,(anonymous_7)
FNDA:0,(anonymous_8)
FNDA:0,(anonymous_9)
FNDA:0,(anonymous_10)
FNDA:0,(anonymous_11)
FNDA:0,(anonymous_12)
FNDA:0,(anonymous_13)
FNDA:0,(anonymous_14)
FNDA:0,(anonymous_15)
FNDA:0,(anonymous_16)
FNDA:0,(anonymous_17)
FNDA:0,(anonymous_18)
FNDA:0,(anonymous_19)
FNDA:0,(anonymous_20)
FNDA:0,(anonymous_21)
FNDA:0,(anonymous_22)
FNDA:0,(anonymous_23)
FNDA:0,(anonymous_24)
FNDA:0,(anonymous_25)
FNDA:0,(anonymous_26)
FNDA:0,(anonymous_27)
FNDA:0,(anonymous_28)
FNDA:0,(anonymous_29)
FNDA:0,(anonymous_30)
FNDA:0,(anonymous_31)
FNDA:0,(anonymous_32)
FNDA:0,(anonymous_33)
FNDA:0,(anonymous_34)
FNDA:0,(anonymous_35)
FNDA:0,(anonymous_36)
DA:3,0
DA:8,0
DA:14,0
DA:21,0
DA:27,0
DA:36,0
DA:37,0
DA:40,0
DA:41,0
DA:42,0
DA:43,0
DA:44,0
DA:46,0
DA:91,0
DA:92,0
DA:93,0
DA:96,0
DA:98,0
DA:100,0
DA:103,0
DA:104,0
DA:105,0
DA:115,0
DA:116,0
DA:117,0
DA:118,0
DA:121,0
DA:123,0
DA:125,0
DA:128,0
DA:129,0
DA:130,0
DA:141,0
DA:143,0
DA:153,0
DA:154,0
DA:155,0
DA:165,0
DA:167,0
DA:177,0
DA:178,0
DA:179,0
DA:190,0
DA:191,0
DA:192,0
DA:193,0
DA:196,0
DA:198,0
DA:199,0
DA:209,0
DA:210,0
DA:211,0
DA:212,0
DA:216,0
DA:219,0
DA:222,0
DA:223,0
DA:224,0
DA:227,0
DA:237,0
DA:238,0
DA:239,0
DA:242,0
DA:243,0
DA:244,0
DA:245,0
DA:250,0
DA:251,0
DA:255,0
DA:256,0
DA:257,0
DA:258,0
DA:261,0
DA:269,0
DA:270,0
DA:271,0
DA:281,0
DA:282,0
DA:291,0
DA:292,0
DA:301,0
DA:302,0
DA:312,0
DA:313,0
DA:315,0
DA:316,0
DA:317,0
DA:318,0
DA:319,0
DA:320,0
DA:324,0
DA:334,0
DA:335,0
DA:336,0
DA:339,0
DA:340,0
DA:341,0
DA:342,0
DA:343,0
DA:344,0
DA:349,0
DA:350,0
DA:351,0
DA:355,0
DA:356,0
DA:357,0
DA:358,0
DA:361,0
LF:108
LH:0
BRDA:36,0,0,0
BRDA:98,1,0,0
BRDA:98,1,1,0
BRDA:123,2,0,0
BRDA:123,2,1,0
BRDA:155,3,0,0
BRDA:155,3,1,0
BRDA:179,4,0,0
BRDA:179,4,1,0
BRDA:192,5,0,0
BRDA:211,6,0,0
BRDA:243,7,0,0
BRDA:317,8,0,0
BRDA:341,9,0,0
BRF:14
BRH:0
end_of_record
TN:
SF:src/app/helpers/error-extractor.helper.ts
FN:50,extractErrorInfo
FN:99,isAxiosError
FN:111,isPutioError
FN:124,extractAxiosErrorInfo
FN:161,extractPutioErrorInfo
FN:192,extractObjectErrorInfo
FN:219,extractPutioDataFields
FN:238,normalizeHeaders
FN:256,extractRateLimitHeaders
FN:299,isRateLimitError
FN:308,calculateWaitTimeFromError
FN:343,formatErrorForLogging
FNF:12
FNH:12
FNDA:8,extractErrorInfo
FNDA:7,isAxiosError
FNDA:4,isPutioError
FNDA:2,extractAxiosErrorInfo
FNDA:1,extractPutioErrorInfo
FNDA:1,extractObjectErrorInfo
FNDA:3,extractPutioDataFields
FNDA:3,normalizeHeaders
FNDA:3,extractRateLimitHeaders
FNDA:8,isRateLimitError
FNDA:5,calculateWaitTimeFromError
FNDA:4,formatErrorForLogging
DA:50,1
DA:51,8
DA:58,8
DA:59,2
DA:60,2
DA:64,6
DA:65,3
DA:69,6
DA:70,2
DA:71,2
DA:74,4
DA:75,1
DA:76,1
DA:79,3
DA:80,1
DA:81,1
DA:82,1
DA:85,2
DA:86,1
DA:89,1
DA:90,1
DA:93,6
DA:100,7
DA:112,4
DA:125,2
DA:126,2
DA:129,2
DA:130,1
DA:131,1
DA:132,1
DA:133,1
DA:137,2
DA:138,2
DA:139,2
DA:140,2
DA:143,2
DA:144,2
DA:145,2
DA:148,2
DA:152,2
DA:153,2
DA:163,1
DA:164,1
DA:168,1
DA:169,1
DA:170,1
DA:171,1
DA:172,1
DA:173,1
DA:174,1
DA:175,1
DA:178,1
DA:179,1
DA:184,1
DA:185,0
DA:194,1
DA:195,1
DA:196,1
DA:197,1
DA:201,1
DA:204,1
DA:205,1
DA:206,1
DA:207,1
DA:208,1
DA:209,1
DA:210,1
DA:211,1
DA:220,3
DA:221,3
DA:222,1
DA:224,1
DA:225,0
DA:228,3
DA:229,3
DA:230,3
DA:231,3
DA:232,3
DA:239,3
DA:240,3
DA:241,3
DA:242,9
DA:245,3
DA:258,3
DA:259,3
DA:260,3
DA:262,3
DA:263,2
DA:264,2
DA:265,2
DA:269,3
DA:270,2
DA:271,2
DA:272,2
DA:276,3
DA:277,2
DA:278,2
DA:279,2
DA:284,3
DA:285,3
DA:287,2
DA:288,2
DA:289,2
DA:291,0
DA:299,1
DA:300,8
DA:308,1
DA:310,5
DA:311,1
DA:312,1
DA:313,1
DA:317,4
DA:319,3
DA:320,1
DA:324,2
DA:325,2
DA:326,1
DA:330,1
DA:331,1
DA:332,1
DA:333,1
DA:337,1
DA:343,1
DA:344,4
DA:346,4
DA:347,3
DA:350,4
DA:351,1
DA:354,4
DA:355,1
DA:358,4
DA:359,2
DA:362,4
DA:363,1
DA:364,1
DA:365,1
DA:369,4
LF:137
LH:134
BRDA:58,0,0,2
BRDA:64,1,0,3
BRDA:69,2,0,2
BRDA:69,2,1,4
BRDA:74,3,0,1
BRDA:74,3,1,3
BRDA:79,4,0,1
BRDA:79,4,1,2
BRDA:85,5,0,1
BRDA:85,5,1,1
BRDA:89,6,0,1
BRDA:101,7,0,7
BRDA:101,7,1,6
BRDA:101,7,2,6
BRDA:101,7,3,2
BRDA:113,8,0,4
BRDA:113,8,1,3
BRDA:113,8,2,3
BRDA:113,8,3,1
BRDA:113,8,4,1
BRDA:129,9,0,1
BRDA:137,10,0,2
BRDA:144,11,0,2
BRDA:152,12,0,2
BRDA:152,13,0,2
BRDA:152,13,1,2
BRDA:163,14,0,1
BRDA:168,15,0,1
BRDA:178,16,0,1
BRDA:184,17,0,0
BRDA:194,18,0,1
BRDA:195,19,0,1
BRDA:196,20,0,1
BRDA:196,21,0,1
BRDA:196,21,1,0
BRDA:197,22,0,1
BRDA:197,22,1,0
BRDA:204,23,0,1
BRDA:204,24,0,1
BRDA:204,24,1,1
BRDA:206,25,0,1
BRDA:207,26,0,1
BRDA:208,27,0,1
BRDA:209,28,0,1
BRDA:220,29,0,1
BRDA:221,30,0,1
BRDA:224,31,0,0
BRDA:228,32,0,0
BRDA:229,33,0,0
BRDA:230,34,0,0
BRDA:231,35,0,0
BRDA:232,36,0,0
BRDA:240,37,0,3
BRDA:240,38,0,3
BRDA:240,38,1,3
BRDA:262,39,0,2
BRDA:264,40,0,2
BRDA:269,41,0,2
BRDA:271,42,0,2
BRDA:276,43,0,2
BRDA:278,44,0,2
BRDA:285,45,0,2
BRDA:288,46,0,2
BRDA:288,46,1,0
BRDA:300,47,0,8
BRDA:300,47,1,6
BRDA:300,47,2,5
BRDA:308,48,0,4
BRDA:310,49,0,1
BRDA:317,50,0,3
BRDA:319,51,0,1
BRDA:325,52,0,1
BRDA:331,53,0,1
BRDA:346,54,0,3
BRDA:347,55,0,1
BRDA:347,55,1,2
BRDA:350,56,0,1
BRDA:350,57,0,4
BRDA:350,57,1,1
BRDA:354,58,0,1
BRDA:358,59,0,2
BRDA:362,60,0,1
BRDA:364,61,0,1
BRDA:364,62,0,1
BRDA:364,62,1,1
BRF:85
BRH:75
end_of_record
TN:
SF:src/app/helpers/file.helper.ts
FN:9,crc32File
FN:13,(anonymous_7)
FN:21,(anonymous_8)
FN:29,(anonymous_9)
FN:36,(anonymous_10)
FN:46,makeCRCTable
FN:68,restrictFolderToRoot
FNF:7
FNH:7
FNDA:10,crc32File
FNDA:10,(anonymous_7)
FNDA:7,(anonymous_8)
FNDA:8,(anonymous_9)
FNDA:2,(anonymous_10)
FNDA:10,makeCRCTable
FNDA:3,restrictFolderToRoot
DA:1,1
DA:2,1
DA:9,1
DA:11,10
DA:13,10
DA:15,10
DA:17,10
DA:21,10
DA:23,7
DA:24,1048658
DA:25,1048658
DA:29,10
DA:31,8
DA:33,8
DA:36,10
DA:37,2
DA:47,10
DA:50,10
DA:51,2560
DA:52,2560
DA:53,20480
DA:55,2560
DA:58,10
DA:68,1
DA:69,3
DA:70,3
DA:72,1
DA:76,3
DA:78,3
DA:79,1
DA:82,2
LF:31
LH:31
BRDA:53,0,0,10240
BRDA:53,0,1,10240
BRDA:70,1,0,1
BRDA:78,2,0,1
BRF:4
BRH:4
end_of_record
TN:
SF:src/app/helpers/index.ts
FNF:0
FNH:0
DA:1,0
DA:2,0
DA:3,0
DA:4,0
DA:5,0
DA:6,0
LF:6
LH:0
BRF:0
BRH:0
end_of_record
TN:
SF:src/app/helpers/pretty.helper.ts
FN:6,prettyBytes
FN:33,prettyTime
FN:70,prettyTimeOfDay
FNF:3
FNH:3
FNDA:24,prettyBytes
FNDA:30,prettyTime
FNDA:7,prettyTimeOfDay
DA:6,1
DA:7,24
DA:8,4
DA:11,20
DA:12,20
DA:13,20
DA:15,20
DA:16,31
DA:17,31
DA:21,20
DA:22,20
DA:24,20
DA:25,20
DA:33,1
DA:34,30
DA:35,4
DA:38,26
DA:45,26
DA:46,26
DA:48,26
DA:49,72
DA:50,50
DA:51,50
DA:53,22
DA:58,26
DA:59,26
DA:61,26
DA:62,26
DA:70,1
DA:71,7
DA:72,4
DA:75,3
DA:78,3
DA:79,0
DA:82,3
LF:35
LH:34
BRDA:7,0,0,4
BRDA:7,1,0,24
BRDA:7,1,1,21
BRDA:15,2,0,51
BRDA:15,2,1,31
BRDA:21,3,0,5
BRDA:21,3,1,15
BRDA:21,4,0,3
BRDA:21,4,1,12
BRDA:34,5,0,4
BRDA:34,6,0,30
BRDA:34,6,1,27
BRDA:49,7,0,50
BRDA:49,7,1,22
BRDA:58,8,0,2
BRDA:58,8,1,24
BRDA:58,9,0,8
BRDA:58,9,1,16
BRDA:71,10,0,4
BRDA:78,11,0,0
BRF:20
BRH:19
end_of_record
TN:
SF:src/app/helpers/promises.helper.ts
FN:11,(anonymous_0)
FN:26,(anonymous_1)
FNF:2
FNH:2
FNDA:12,(anonymous_0)
FNDA:9,(anonymous_1)
DA:11,1
DA:14,12
DA:15,4
DA:16,8
DA:17,4
DA:19,4
DA:22,12
DA:23,3
DA:26,9
LF:9
LH:9
BRDA:14,0,0,4
BRDA:14,0,1,8
BRDA:16,1,0,4
BRDA:16,1,1,4
BRDA:22,2,0,3
BRF:5
BRH:5
end_of_record
TN:
SF:src/app/helpers/server.helper.ts
FN:9,queryFileSize
FN:33,queryRangesSupport
FNF:2
FNH:2
FNDA:8,queryFileSize
FNDA:8,queryRangesSupport
DA:1,1
DA:9,1
DA:10,8
DA:11,8
DA:13,6
DA:14,6
DA:15,5
DA:16,5
DA:19,1
DA:22,2
DA:23,2
DA:33,1
DA:34,8
DA:35,8
DA:43,4
DA:46,4
LF:16
LH:16
BRDA:14,0,0,5
BRDA:16,1,0,1
BRDA:16,1,1,4
BRF:3
BRH:3
end_of_record
TN:
SF:src/app/helpers/url.helper.ts
FN:19,createUrl
FNF:1
FNH:1
FNDA:20,createUrl
DA:19,1
DA:21,20
DA:22,20
DA:23,20
DA:26,20
DA:27,1
DA:31,19
DA:32,2
DA:33,2
DA:34,2
DA:38,19
DA:39,4
DA:40,4
DA:41,4
DA:42,4
DA:44,4
DA:45,3
DA:46,3
DA:51,19
DA:52,7
DA:53,5
DA:54,2
DA:55,0
DA:60,19
DA:61,5
DA:62,1
DA:63,4
DA:64,1
DA:66,3
DA:71,19
DA:72,3
DA:76,19
DA:78,19
DA:79,16
DA:82,19
DA:83,1
DA:84,1
DA:85,1
DA:87,1
DA:90,19
DA:91,17
DA:95,19
DA:96,14
DA:98,14
DA:99,5
DA:101,5
DA:102,0
DA:105,19
DA:107,3
DA:108,3
DA:111,19
DA:113,2
DA:114,2
DA:117,19
DA:119,2
DA:120,2
DA:123,19
LF:57
LH:55
BRDA:26,0,0,1
BRDA:31,1,0,2
BRDA:31,2,0,19
BRDA:31,2,1,17
BRDA:38,3,0,4
BRDA:38,4,0,19
BRDA:38,4,1,17
BRDA:44,5,0,3
BRDA:44,6,0,4
BRDA:44,6,1,4
BRDA:44,6,2,4
BRDA:51,7,0,7
BRDA:51,8,0,19
BRDA:51,8,1,10
BRDA:52,9,0,5
BRDA:52,9,1,2
BRDA:54,10,0,0
BRDA:60,11,0,5
BRDA:60,12,0,19
BRDA:60,12,1,14
BRDA:61,13,0,1
BRDA:61,13,1,4
BRDA:63,14,0,1
BRDA:63,14,1,3
BRDA:71,15,0,3
BRDA:71,16,0,19
BRDA:71,16,1,16
BRDA:78,17,0,16
BRDA:82,18,0,1
BRDA:84,19,0,1
BRDA:90,20,0,17
BRDA:95,21,0,14
BRDA:95,21,1,5
BRDA:95,22,0,19
BRDA:95,22,1,14
BRDA:96,23,0,14
BRDA:96,23,1,12
BRDA:96,23,2,7
BRDA:96,23,3,2
BRDA:98,24,0,5
BRDA:101,25,0,0
BRDA:101,26,0,5
BRDA:101,26,1,0
BRDA:105,27,0,3
BRDA:107,28,0,2
BRDA:107,28,1,1
BRDA:111,29,0,2
BRDA:113,30,0,1
BRDA:113,30,1,1
BRDA:117,31,0,2
BRDA:119,32,0,1
BRDA:119,32,1,1
BRF:52
BRH:49
end_of_record
TN:
SF:src/app/helpers/volume.helper.ts
FN:10,getFirstFileOrFolder
FN:23,getMeta
FN:41,matchesPattern
FN:53,findFileOrFolder
FNF:4
FNH:4
FNDA:2,getFirstFileOrFolder
FNDA:4,getMeta
FNDA:17,matchesPattern
FNDA:14,findFileOrFolder
DA:3,1
DA:10,1
DA:11,2
DA:12,2
DA:23,1
DA:24,4
DA:25,4
DA:26,3
DA:27,3
DA:29,3
DA:31,2
DA:42,17
DA:53,1
DA:59,14
DA:61,14
DA:62,33
DA:63,33
DA:66,33
DA:67,2
DA:70,31
DA:71,1
DA:75,30
DA:76,10
DA:77,10
DA:78,6
DA:83,5
LF:26
LH:26
BRDA:12,0,0,1
BRDA:12,0,1,1
BRDA:26,1,0,1
BRDA:26,1,1,2
BRDA:31,2,0,2
BRDA:31,2,1,0
BRDA:42,3,0,10
BRDA:42,3,1,7
BRDA:57,4,0,4
BRDA:66,5,0,2
BRDA:66,6,0,33
BRDA:66,6,1,14
BRDA:66,6,2,10
BRDA:70,7,0,1
BRDA:70,8,0,31
BRDA:70,8,1,19
BRDA:70,8,2,7
BRDA:75,9,0,10
BRDA:77,10,0,6
BRF:19
BRH:18
end_of_record
TN:
SF:src/app/modules/index.ts
FNF:0
FNH:0
DA:1,0
DA:2,0
DA:3,0
LF:3
LH:0
BRF:0
BRH:0
end_of_record
TN:
SF:src/app/modules/configuration/configuration.module.ts
FNF:0
FNH:0
DA:1,0
DA:2,0
DA:3,0
DA:4,0
DA:16,0
LF:5
LH:0
BRF:0
BRH:0
end_of_record
TN:
SF:src/app/modules/configuration/index.ts
FNF:0
FNH:0
DA:1,0
DA:2,0
LF:2
LH:0
BRF:0
BRH:0
end_of_record
TN:
SF:src/app/modules/configuration/services/app-config.service.ts
FN:75,(anonymous_9)
FN:100,(anonymous_10)
FN:102,(anonymous_11)
FN:112,(anonymous_12)
FN:129,(anonymous_13)
FN:158,(anonymous_14)
FN:163,(anonymous_15)
FN:168,(anonymous_16)
FN:170,(anonymous_17)
FN:173,(anonymous_18)
FN:178,(anonymous_19)
FN:200,(anonymous_20)
FN:209,(anonymous_21)
FN:215,(anonymous_22)
FN:230,(anonymous_23)
FN:234,(anonymous_24)
FN:238,(anonymous_25)
FN:243,(anonymous_26)
FN:247,(anonymous_27)
FN:251,(anonymous_28)
FN:255,(anonymous_29)
FN:259,(anonymous_30)
FN:263,(anonymous_31)
FN:267,(anonymous_32)
FN:271,(anonymous_33)
FN:275,(anonymous_34)
FN:279,(anonymous_35)
FN:283,(anonymous_36)
FN:287,(anonymous_37)
FN:291,(anonymous_38)
FN:295,(anonymous_39)
FN:299,(anonymous_40)
FN:303,(anonymous_41)
FN:307,(anonymous_42)
FN:311,(anonymous_43)
FN:315,(anonymous_44)
FN:319,(anonymous_45)
FN:323,(anonymous_46)
FN:327,(anonymous_47)
FN:335,(anonymous_48)
FN:339,(anonymous_49)
FNF:41
FNH:0
FNDA:0,(anonymous_9)
FNDA:0,(anonymous_10)
FNDA:0,(anonymous_11)
FNDA:0,(anonymous_12)
FNDA:0,(anonymous_13)
FNDA:0,(anonymous_14)
FNDA:0,(anonymous_15)
FNDA:0,(anonymous_16)
FNDA:0,(anonymous_17)
FNDA:0,(anonymous_18)
FNDA:0,(anonymous_19)
FNDA:0,(anonymous_20)
FNDA:0,(anonymous_21)
FNDA:0,(anonymous_22)
FNDA:0,(anonymous_23)
FNDA:0,(anonymous_24)
FNDA:0,(anonymous_25)
FNDA:0,(anonymous_26)
FNDA:0,(anonymous_27)
FNDA:0,(anonymous_28)
FNDA:0,(anonymous_29)
FNDA:0,(anonymous_30)
FNDA:0,(anonymous_31)
FNDA:0,(anonymous_32)
FNDA:0,(anonymous_33)
FNDA:0,(anonymous_34)
FNDA:0,(anonymous_35)
FNDA:0,(anonymous_36)
FNDA:0,(anonymous_37)
FNDA:0,(anonymous_38)
FNDA:0,(anonymous_39)
FNDA:0,(anonymous_40)
FNDA:0,(anonymous_41)
FNDA:0,(anonymous_42)
FNDA:0,(anonymous_43)
FNDA:0,(anonymous_44)
FNDA:0,(anonymous_45)
FNDA:0,(anonymous_46)
FNDA:0,(anonymous_47)
FNDA:0,(anonymous_48)
FNDA:0,(anonymous_49)
DA:1,0
DA:2,0
DA:3,0
DA:4,0
DA:6,0
DA:7,0
DA:8,0
DA:13,0
DA:44,0
DA:77,0
DA:78,0
DA:79,0
DA:96,0
DA:97,0
DA:100,0
DA:101,0
DA:102,0
DA:103,0
DA:107,0
DA:108,0
DA:110,0
DA:111,0
DA:112,0
DA:113,0
DA:117,0
DA:118,0
DA:120,0
DA:123,0
DA:126,0
DA:130,0
DA:159,0
DA:160,0
DA:164,0
DA:165,0
DA:169,0
DA:170,0
DA:174,0
DA:175,0
DA:179,0
DA:180,0
DA:181,0
DA:184,0
DA:185,0
DA:187,0
DA:188,0
DA:189,0
DA:190,0
DA:197,0
DA:202,0
DA:203,0
DA:204,0
DA:205,0
DA:206,0
DA:207,0
DA:208,0
DA:209,0
DA:210,0
DA:211,0
DA:212,0
DA:213,0
DA:214,0
DA:215,0
DA:216,0
DA:217,0
DA:218,0
DA:219,0
DA:220,0
DA:221,0
DA:222,0
DA:223,0
DA:224,0
DA:225,0
DA:226,0
DA:231,0
DA:235,0
DA:239,0
DA:244,0
DA:248,0
DA:252,0
DA:256,0
DA:260,0
DA:264,0
DA:268,0
DA:272,0
DA:276,0
DA:280,0
DA:284,0
DA:288,0
DA:292,0
DA:296,0
DA:300,0
DA:304,0
DA:308,0
DA:312,0
DA:316,0
DA:320,0
DA:324,0
DA:329,0
DA:330,0
DA:332,0
DA:336,0
DA:340,0
LF:102
LH:0
BRDA:77,0,0,0
BRDA:78,1,0,0
BRDA:110,2,0,0
BRDA:117,3,0,0
BRDA:160,4,0,0
BRDA:160,4,1,0
BRDA:165,5,0,0
BRDA:165,5,1,0
BRDA:170,6,0,0
BRDA:170,6,1,0
BRDA:175,7,0,0
BRDA:175,7,1,0
BRDA:180,8,0,0
BRDA:189,9,0,0
BRDA:189,10,0,0
BRDA:189,10,1,0
BRDA:329,11,0,0
BRF:17
BRH:0
end_of_record
TN:
SF:src/app/modules/configuration/services/index.ts
FNF:0
FNH:0
DA:1,0
LF:1
LH:0
BRF:0
BRH:0
end_of_record
TN:
SF:src/app/modules/configuration/utils/env-paths.util.ts
FN:11,isMonorepoRoot
FN:35,getEnvFilePaths
FNF:2
FNH:0
FNDA:0,isMonorepoRoot
FNDA:0,getEnvFilePaths
DA:1,0
DA:2,0
DA:3,0
DA:6,0
DA:12,0
DA:13,0
DA:14,0
DA:15,0
DA:18,0
DA:21,0
DA:26,0
DA:27,0
DA:35,0
DA:36,0
DA:37,0
DA:40,0
DA:41,0
DA:42,0
DA:43,0
DA:45,0
DA:48,0
DA:49,0
DA:50,0
DA:54,0
DA:55,0
DA:56,0
DA:57,0
DA:58,0
DA:62,0
LF:29
LH:0
BRDA:6,0,0,0
BRDA:6,0,1,0
BRDA:14,1,0,0
BRDA:22,2,0,0
BRDA:22,2,1,0
BRDA:22,2,2,0
BRDA:41,3,0,0
BRDA:48,4,0,0
BRDA:57,5,0,0
BRF:9
BRH:0
end_of_record
TN:
SF:src/app/modules/download-manager/download-manager.module.ts
FN:15,(anonymous_1)
FNF:1
FNH:0
FNDA:0,(anonymous_1)
DA:1,0
DA:2,0
DA:3,0
DA:4,0
DA:5,0
DA:6,0
DA:7,0
DA:8,0
DA:9,0
DA:10,0
DA:15,0
DA:38,0
LF:12
LH:0
BRF:0
BRH:0
end_of_record
TN:
SF:src/app/modules/download-manager/index.ts
FNF:0
FNH:0
DA:1,0
DA:2,0
DA:3,0
DA:4,0
DA:5,0
LF:5
LH:0
BRF:0
BRH:0
end_of_record
TN:
SF:src/app/modules/download-manager/dtos/create-putio-download-result.dto.ts
FN:6,(anonymous_2)
FN:12,(anonymous_3)
FNF:2
FNH:0
FNDA:0,(anonymous_2)
FNDA:0,(anonymous_3)
DA:1,0
DA:2,0
DA:5,0
DA:6,0
DA:7,0
DA:10,0
DA:12,0
DA:13,0
LF:8
LH:0
BRF:0
BRH:0
end_of_record
TN:
SF:src/app/modules/download-manager/dtos/download-manager-stats.dto.ts
FN:7,(anonymous_2)
FN:10,(anonymous_3)
FN:13,(anonymous_4)
FN:16,(anonymous_5)
FNF:4
FNH:0
FNDA:0,(anonymous_2)
FNDA:0,(anonymous_3)
FNDA:0,(anonymous_4)
FNDA:0,(anonymous_5)
DA:1,0
DA:2,0
DA:3,0
DA:6,0
DA:7,0
DA:8,0
DA:10,0
DA:11,0
DA:13,0
DA:14,0
DA:16,0
DA:17,0
LF:12
LH:0
BRF:0
BRH:0
end_of_record
TN:
SF:src/app/modules/download-manager/dtos/group-state-changed.dto.ts
FN:6,(anonymous_2)
FN:9,(anonymous_3)
FNF:2
FNH:0
FNDA:0,(anonymous_2)
FNDA:0,(anonymous_3)
DA:1,0
DA:2,0
DA:5,0
DA:6,0
DA:7,0
DA:9,0
DA:10,0
LF:7
LH:0
BRF:0
BRH:0
end_of_record
TN:
SF:src/app/modules/download-manager/dtos/group-status-changed.dto.ts
FN:6,(anonymous_2)
FN:9,(anonymous_3)
FNF:2
FNH:0
FNDA:0,(anonymous_2)
FNDA:0,(anonymous_3)
DA:1,0
DA:2,0
DA:5,0
DA:6,0
DA:7,0
DA:9,0
DA:10,0
LF:7
LH:0
BRF:0
BRH:0
end_of_record
TN:
SF:src/app/modules/download-manager/dtos/group.dto.ts
FN:9,(anonymous_2)
FN:15,(anonymous_3)
FN:21,(anonymous_4)
FN:24,(anonymous_5)
FN:27,(anonymous_6)
FNF:5
FNH:0
FNDA:0,(anonymous_2)
FNDA:0,(anonymous_3)
FNDA:0,(anonymous_4)
FNDA:0,(anonymous_5)
FNDA:0,(anonymous_6)
DA:1,0
DA:2,0
DA:3,0
DA:4,0
DA:8,0
DA:9,0
DA:10,0
DA:13,0
DA:15,0
DA:16,0
DA:19,0
DA:21,0
DA:22,0
DA:24,0
DA:25,0
DA:27,0
DA:28,0
LF:17
LH:0
BRF:0
BRH:0
end_of_record
TN:
SF:src/app/modules/download-manager/dtos/histogram.dto.ts
FN:5,(anonymous_2)
FN:8,(anonymous_3)
FN:11,(anonymous_4)
FN:14,(anonymous_5)
FNF:4
FNH:0
FNDA:0,(anonymous_2)
FNDA:0,(anonymous_3)
FNDA:0,(anonymous_4)
FNDA:0,(anonymous_5)
DA:1,0
DA:4,0
DA:5,0
DA:6,0
DA:8,0
DA:9,0
DA:11,0
DA:12,0
DA:14,0
DA:15,0
LF:10
LH:0
BRF:0
BRH:0
end_of_record
TN:
SF:src/app/modules/download-manager/dtos/index.ts
FNF:0
FNH:0
DA:1,0
DA:2,0
DA:3,0
DA:4,0
DA:5,0
DA:6,0
DA:7,0
DA:8,0
DA:9,0
LF:9
LH:0
BRF:0
BRH:0
end_of_record
TN:
SF:src/app/modules/download-manager/dtos/item-stats.dto.ts
FN:8,(anonymous_2)
FN:11,(anonymous_3)
FN:14,(anonymous_4)
FN:20,(anonymous_5)
FN:23,(anonymous_6)
FN:26,(anonymous_7)
FN:32,(anonymous_8)
FN:35,(anonymous_9)
FN:38,(anonymous_10)
FN:41,(anonymous_11)
FN:44,(anonymous_12)
FN:47,(anonymous_13)
FN:50,(anonymous_14)
FN:53,(anonymous_15)
FN:56,(anonymous_16)
FNF:15
FNH:0
FNDA:0,(anonymous_2)
FNDA:0,(anonymous_3)
FNDA:0,(anonymous_4)
FNDA:0,(anonymous_5)
FNDA:0,(anonymous_6)
FNDA:0,(anonymous_7)
FNDA:0,(anonymous_8)
FNDA:0,(anonymous_9)
FNDA:0,(anonymous_10)
FNDA:0,(anonymous_11)
FNDA:0,(anonymous_12)
FNDA:0,(anonymous_13)
FNDA:0,(anonymous_14)
FNDA:0,(anonymous_15)
FNDA:0,(anonymous_16)
DA:1,0
DA:2,0
DA:3,0
DA:4,0
DA:7,0
DA:8,0
DA:9,0
DA:11,0
DA:12,0
DA:14,0
DA:15,0
DA:19,0
DA:20,0
DA:21,0
DA:23,0
DA:24,0
DA:26,0
DA:27,0
DA:31,0
DA:32,0
DA:33,0
DA:35,0
DA:36,0
DA:38,0
DA:39,0
DA:41,0
DA:42,0
DA:44,0
DA:45,0
DA:47,0
DA:48,0
DA:50,0
DA:51,0
DA:53,0
DA:54,0
DA:56,0
DA:57,0
LF:37
LH:0
BRF:0
BRH:0
end_of_record
TN:
SF:src/app/modules/download-manager/dtos/item-status-changed.dto.ts
FN:6,(anonymous_2)
FN:9,(anonymous_3)
FNF:2
FNH:0
FNDA:0,(anonymous_2)
FNDA:0,(anonymous_3)
DA:1,0
DA:2,0
DA:5,0
DA:6,0
DA:7,0
DA:9,0
DA:10,0
LF:7
LH:0
BRF:0
BRH:0
end_of_record
TN:
SF:src/app/modules/download-manager/dtos/item.dto.ts
FN:7,(anonymous_2)
FN:10,(anonymous_3)
FN:16,(anonymous_4)
FN:28,(anonymous_5)
FNF:4
FNH:0
FNDA:0,(anonymous_2)
FNDA:0,(anonymous_3)
FNDA:0,(anonymous_4)
FNDA:0,(anonymous_5)
DA:1,0
DA:2,0
DA:3,0
DA:6,0
DA:7,0
DA:8,0
DA:10,0
DA:11,0
DA:14,0
DA:16,0
DA:17,0
DA:20,0
DA:23,0
DA:26,0
DA:28,0
DA:29,0
DA:32,0
LF:17
LH:0
BRF:0
BRH:0
end_of_record
TN:
SF:src/app/modules/download-manager/entities/group.entity.ts
FN:8,(anonymous_0)
FNF:1
FNH:0
FNDA:0,(anonymous_0)
DA:1,0
DA:8,0
DA:24,0
DA:30,0
LF:4
LH:0
BRF:0
BRH:0
end_of_record
TN:
SF:src/app/modules/download-manager/entities/index.ts
FNF:0
FNH:0
DA:1,0
DA:2,0
LF:2
LH:0
BRF:0
BRH:0
end_of_record
TN:
SF:src/app/modules/download-manager/entities/item.entity.ts
FN:3,(anonymous_0)
FNF:1
FNH:0
FNDA:0,(anonymous_0)
DA:1,0
DA:3,0
DA:27,0
LF:3
LH:0
BRF:0
BRH:0
end_of_record
TN:
SF:src/app/modules/download-manager/enums/download-status.enum.ts
FN:3,(anonymous_0)
FNF:1
FNH:0
FNDA:0,(anonymous_0)
DA:1,0
DA:3,0
DA:4,0
DA:5,0
DA:6,0
DA:7,0
DA:8,0
DA:11,0
LF:8
LH:0
BRDA:3,0,0,0
BRDA:3,0,1,0
BRF:2
BRH:0
end_of_record
TN:
SF:src/app/modules/download-manager/enums/group-state.enum.ts
FN:3,(anonymous_0)
FNF:1
FNH:0
FNDA:0,(anonymous_0)
DA:1,0
DA:3,0
DA:4,0
DA:5,0
DA:8,0
LF:5
LH:0
BRDA:3,0,0,0
BRDA:3,0,1,0
BRF:2
BRH:0
end_of_record
TN:
SF:src/app/modules/download-manager/enums/index.ts
FNF:0
FNH:0
DA:1,0
DA:2,0
DA:3,0
LF:3
LH:0
BRF:0
BRH:0
end_of_record
TN:
SF:src/app/modules/download-manager/enums/triggers.enum.ts
FN:1,(anonymous_0)
FNF:1
FNH:0
FNDA:0,(anonymous_0)
DA:1,0
DA:2,0
DA:3,0
DA:4,0
DA:5,0
DA:6,0
DA:7,0
LF:7
LH:0
BRDA:1,0,0,0
BRDA:1,0,1,0
BRF:2
BRH:0
end_of_record
TN:
SF:src/app/modules/download-manager/mappers/group.mapper.ts
FN:17,(anonymous_1)
FNF:1
FNH:0
FNDA:0,(anonymous_1)
DA:1,0
DA:10,0
DA:18,0
DA:19,0
DA:22,0
LF:5
LH:0
BRDA:18,0,0,0
BRF:1
BRH:0
end_of_record
TN:
SF:src/app/modules/download-manager/mappers/index.ts
FNF:0
FNH:0
DA:1,0
DA:2,0
LF:2
LH:0
BRF:0
BRH:0
end_of_record
TN:
SF:src/app/modules/download-manager/mappers/item.mapper.ts
FN:17,(anonymous_1)
FNF:1
FNH:0
FNDA:0,(anonymous_1)
DA:1,0
DA:10,0
DA:18,0
LF:3
LH:0
BRF:0
BRH:0
end_of_record
TN:
SF:src/app/modules/download-manager/repositories/download-groups.repository.ts
FN:22,(anonymous_1)
FN:31,(anonymous_2)
FN:40,(anonymous_3)
FN:53,(anonymous_4)
FN:54,(anonymous_5)
FNF:5
FNH:0
FNDA:0,(anonymous_1)
FNDA:0,(anonymous_2)
FNDA:0,(anonymous_3)
FNDA:0,(anonymous_4)
FNDA:0,(anonymous_5)
DA:1,0
DA:3,0
DA:15,0
DA:23,0
DA:32,0
DA:41,0
DA:54,0
DA:55,0
DA:56,0
LF:9
LH:0
BRDA:56,0,0,0
BRDA:56,0,1,0
BRF:2
BRH:0
end_of_record
TN:
SF:src/app/modules/download-manager/repositories/download-items.repository.ts
FN:20,(anonymous_1)
FN:29,(anonymous_2)
FN:38,(anonymous_3)
FNF:3
FNH:0
FNDA:0,(anonymous_1)
FNDA:0,(anonymous_2)
FNDA:0,(anonymous_3)
DA:1,0
DA:3,0
DA:13,0
DA:21,0
DA:30,0
DA:39,0
LF:6
LH:0
BRF:0
BRH:0
end_of_record
TN:
SF:src/app/modules/download-manager/repositories/index.ts
FNF:0
FNH:0
DA:1,0
DA:2,0
LF:2
LH:0
BRF:0
BRH:0
end_of_record
TN:
SF:src/app/modules/download-manager/resolvers/download-manager.resolver.ts
FN:17,(anonymous_4)
FN:29,(anonymous_5)
FN:64,(anonymous_6)
FN:68,(anonymous_7)
FN:69,(anonymous_8)
FN:90,(anonymous_9)
FN:28,(anonymous_10)
FN:30,(anonymous_11)
FN:31,(anonymous_12)
FN:89,(anonymous_13)
FNF:10
FNH:0
FNDA:0,(anonymous_4)
FNDA:0,(anonymous_5)
FNDA:0,(anonymous_6)
FNDA:0,(anonymous_7)
FNDA:0,(anonymous_8)
FNDA:0,(anonymous_9)
FNDA:0,(anonymous_10)
FNDA:0,(anonymous_11)
FNDA:0,(anonymous_12)
FNDA:0,(anonymous_13)
DA:1,0
DA:2,0
DA:3,0
DA:4,0
DA:5,0
DA:6,0
DA:7,0
DA:8,0
DA:9,0
DA:10,0
DA:11,0
DA:12,0
DA:13,0
DA:16,0
DA:18,0
DA:19,0
DA:20,0
DA:21,0
DA:22,0
DA:23,0
DA:24,0
DA:28,0
DA:29,0
DA:30,0
DA:31,0
DA:34,0
DA:35,0
DA:43,0
DA:44,0
DA:46,0
DA:53,0
DA:54,0
DA:56,0
DA:57,0
DA:64,0
DA:67,0
DA:68,0
DA:69,0
DA:70,0
DA:71,0
DA:75,0
DA:81,0
DA:83,0
DA:89,0
DA:90,0
DA:92,0
LF:46
LH:0
BRDA:34,0,0,0
BRDA:56,1,0,0
BRDA:67,2,0,0
BRDA:70,3,0,0
BRF:4
BRH:0
end_of_record
TN:
SF:src/app/modules/download-manager/resolvers/group.resolver.ts
FN:15,(anonymous_4)
FN:26,(anonymous_5)
FN:36,(anonymous_6)
FN:37,(anonymous_7)
FN:47,(anonymous_8)
FN:48,(anonymous_9)
FN:56,(anonymous_10)
FN:65,(anonymous_11)
FN:74,(anonymous_12)
FN:25,(anonymous_13)
FN:35,(anonymous_14)
FN:36,(anonymous_15)
FN:46,(anonymous_16)
FN:55,(anonymous_17)
FN:64,(anonymous_18)
FN:73,(anonymous_19)
FN:13,(anonymous_20)
FNF:17
FNH:0
FNDA:0,(anonymous_4)
FNDA:0,(anonymous_5)
FNDA:0,(anonymous_6)
FNDA:0,(anonymous_7)
FNDA:0,(anonymous_8)
FNDA:0,(anonymous_9)
FNDA:0,(anonymous_10)
FNDA:0,(anonymous_11)
FNDA:0,(anonymous_12)
FNDA:0,(anonymous_13)
FNDA:0,(anonymous_14)
FNDA:0,(anonymous_15)
FNDA:0,(anonymous_16)
FNDA:0,(anonymous_17)
FNDA:0,(anonymous_18)
FNDA:0,(anonymous_19)
FNDA:0,(anonymous_20)
DA:1,0
DA:2,0
DA:3,0
DA:4,0
DA:5,0
DA:6,0
DA:7,0
DA:13,0
DA:14,0
DA:16,0
DA:17,0
DA:18,0
DA:25,0
DA:26,0
DA:27,0
DA:35,0
DA:36,0
DA:37,0
DA:38,0
DA:46,0
DA:47,0
DA:48,0
DA:55,0
DA:56,0
DA:57,0
DA:64,0
DA:65,0
DA:66,0
DA:73,0
DA:74,0
DA:75,0
LF:31
LH:0
BRDA:38,0,0,0
BRDA:38,0,1,0
BRF:2
BRH:0
end_of_record
TN:
SF:src/app/modules/download-manager/resolvers/index.ts
FNF:0
FNH:0
DA:1,0
DA:2,0
DA:3,0
LF:3
LH:0
BRF:0
BRH:0
end_of_record
TN:
SF:src/app/modules/download-manager/resolvers/item.resolver.ts
FN:15,(anonymous_4)
FN:25,(anonymous_5)
FN:36,(anonymous_6)
FN:37,(anonymous_7)
FN:51,(anonymous_8)
FN:60,(anonymous_9)
FN:24,(anonymous_10)
FN:35,(anonymous_11)
FN:36,(anonymous_12)
FN:50,(anonymous_13)
FN:59,(anonymous_14)
FN:13,(anonymous_15)
FNF:12
FNH:0
FNDA:0,(anonymous_4)
FNDA:0,(anonymous_5)
FNDA:0,(anonymous_6)
FNDA:0,(anonymous_7)
FNDA:0,(anonymous_8)
FNDA:0,(anonymous_9)
FNDA:0,(anonymous_10)
FNDA:0,(anonymous_11)
FNDA:0,(anonymous_12)
FNDA:0,(anonymous_13)
FNDA:0,(anonymous_14)
FNDA:0,(anonymous_15)
DA:1,0
DA:2,0
DA:3,0
DA:4,0
DA:5,0
DA:6,0
DA:7,0
DA:13,0
DA:14,0
DA:16,0
DA:17,0
DA:24,0
DA:25,0
DA:26,0
DA:35,0
DA:36,0
DA:37,0
DA:39,0
DA:40,0
DA:43,0
DA:50,0
DA:51,0
DA:52,0
DA:59,0
DA:60,0
DA:61,0
LF:26
LH:0
BRDA:39,0,0,0
BRF:1
BRH:0
end_of_record
TN:
SF:src/app/modules/download-manager/services/download-manager.service.ts
FN:58,(anonymous_8)
FN:82,(anonymous_9)
FN:91,(anonymous_10)
FN:97,(anonymous_11)
FN:121,(anonymous_12)
FN:128,(anonymous_13)
FN:142,(anonymous_14)
FN:157,(anonymous_15)
FN:197,(anonymous_16)
FN:200,(anonymous_17)
FN:201,(anonymous_18)
FN:206,(anonymous_19)
FN:207,(anonymous_20)
FN:230,(anonymous_21)
FN:231,(anonymous_22)
FN:232,(anonymous_23)
FN:271,(anonymous_24)
FN:279,(anonymous_25)
FN:282,(anonymous_26)
FN:287,(anonymous_27)
FN:297,(anonymous_28)
FN:318,(anonymous_29)
FN:320,(anonymous_30)
FN:342,(anonymous_31)
FN:347,(anonymous_32)
FN:348,(anonymous_33)
FN:384,(anonymous_34)
FN:386,(anonymous_35)
FN:404,(anonymous_36)
FN:412,(anonymous_37)
FN:414,(anonymous_38)
FN:433,(anonymous_39)
FN:462,(anonymous_40)
FN:468,(anonymous_41)
FN:483,(anonymous_42)
FN:488,(anonymous_43)
FN:489,(anonymous_44)
FN:500,(anonymous_45)
FN:501,(anonymous_46)
FN:512,(anonymous_47)
FN:513,(anonymous_48)
FN:522,(anonymous_49)
FN:532,(anonymous_50)
FN:533,(anonymous_51)
FN:547,(anonymous_52)
FN:548,(anonymous_53)
FN:555,(anonymous_54)
FN:586,(anonymous_55)
FN:610,(anonymous_56)
FN:622,(anonymous_57)
FN:640,(anonymous_58)
FN:654,(anonymous_59)
FNF:52
FNH:0
FNDA:0,(anonymous_8)
FNDA:0,(anonymous_9)
FNDA:0,(anonymous_10)
FNDA:0,(anonymous_11)
FNDA:0,(anonymous_12)
FNDA:0,(anonymous_13)
FNDA:0,(anonymous_14)
FNDA:0,(anonymous_15)
FNDA:0,(anonymous_16)
FNDA:0,(anonymous_17)
FNDA:0,(anonymous_18)
FNDA:0,(anonymous_19)
FNDA:0,(anonymous_20)
FNDA:0,(anonymous_21)
FNDA:0,(anonymous_22)
FNDA:0,(anonymous_23)
FNDA:0,(anonymous_24)
FNDA:0,(anonymous_25)
FNDA:0,(anonymous_26)
FNDA:0,(anonymous_27)
FNDA:0,(anonymous_28)
FNDA:0,(anonymous_29)
FNDA:0,(anonymous_30)
FNDA:0,(anonymous_31)
FNDA:0,(anonymous_32)
FNDA:0,(anonymous_33)
FNDA:0,(anonymous_34)
FNDA:0,(anonymous_35)
FNDA:0,(anonymous_36)
FNDA:0,(anonymous_37)
FNDA:0,(anonymous_38)
FNDA:0,(anonymous_39)
FNDA:0,(anonymous_40)
FNDA:0,(anonymous_41)
FNDA:0,(anonymous_42)
FNDA:0,(anonymous_43)
FNDA:0,(anonymous_44)
FNDA:0,(anonymous_45)
FNDA:0,(anonymous_46)
FNDA:0,(anonymous_47)
FNDA:0,(anonymous_48)
FNDA:0,(anonymous_49)
FNDA:0,(anonymous_50)
FNDA:0,(anonymous_51)
FNDA:0,(anonymous_52)
FNDA:0,(anonymous_53)
FNDA:0,(anonymous_54)
FNDA:0,(anonymous_55)
FNDA:0,(anonymous_56)
FNDA:0,(anonymous_57)
FNDA:0,(anonymous_58)
FNDA:0,(anonymous_59)
DA:1,0
DA:3,0
DA:4,0
DA:5,0
DA:6,0
DA:7,0
DA:8,0
DA:9,0
DA:10,0
DA:11,0
DA:12,0
DA:13,0
DA:14,0
DA:15,0
DA:32,0
DA:33,0
DA:34,0
DA:35,0
DA:37,0
DA:45,0
DA:46,0
DA:50,0
DA:51,0
DA:52,0
DA:56,0
DA:59,0
DA:60,0
DA:61,0
DA:62,0
DA:63,0
DA:64,0
DA:66,0
DA:70,0
DA:71,0
DA:72,0
DA:73,0
DA:74,0
DA:83,0
DA:84,0
DA:87,0
DA:88,0
DA:91,0
DA:92,0
DA:93,0
DA:98,0
DA:99,0
DA:100,0
DA:104,0
DA:106,0
DA:113,0
DA:122,0
DA:123,0
DA:124,0
DA:125,0
DA:129,0
DA:143,0
DA:144,0
DA:145,0
DA:153,0
DA:154,0
DA:157,0
DA:158,0
DA:164,0
DA:165,0
DA:166,0
DA:167,0
DA:168,0
DA:169,0
DA:171,0
DA:172,0
DA:173,0
DA:174,0
DA:177,0
DA:178,0
DA:181,0
DA:182,0
DA:184,0
DA:197,0
DA:200,0
DA:201,0
DA:203,0
DA:206,0
DA:207,0
DA:208,0
DA:209,0
DA:214,0
DA:216,0
DA:231,0
DA:232,0
DA:233,0
DA:234,0
DA:235,0
DA:236,0
DA:239,0
DA:240,0
DA:241,0
DA:242,0
DA:245,0
DA:246,0
DA:248,0
DA:249,0
DA:250,0
DA:251,0
DA:256,0
DA:257,0
DA:258,0
DA:263,0
DA:266,0
DA:268,0
DA:272,0
DA:281,0
DA:282,0
DA:283,0
DA:287,0
DA:288,0
DA:292,0
DA:293,0
DA:297,0
DA:298,0
DA:301,0
DA:302,0
DA:307,0
DA:308,0
DA:311,0
DA:320,0
DA:321,0
DA:322,0
DA:323,0
DA:325,0
DA:328,0
DA:332,0
DA:334,0
DA:337,0
DA:338,0
DA:339,0
DA:341,0
DA:342,0
DA:343,0
DA:347,0
DA:348,0
DA:351,0
DA:352,0
DA:353,0
DA:354,0
DA:356,0
DA:361,0
DA:362,0
DA:363,0
DA:364,0
DA:366,0
DA:371,0
DA:373,0
DA:377,0
DA:385,0
DA:386,0
DA:387,0
DA:388,0
DA:389,0
DA:390,0
DA:391,0
DA:392,0
DA:395,0
DA:396,0
DA:397,0
DA:398,0
DA:402,0
DA:403,0
DA:404,0
DA:406,0
DA:407,0
DA:411,0
DA:412,0
DA:413,0
DA:414,0
DA:415,0
DA:416,0
DA:418,0
DA:419,0
DA:422,0
DA:425,0
DA:434,0
DA:435,0
DA:438,0
DA:439,0
DA:442,0
DA:444,0
DA:445,0
DA:459,0
DA:461,0
DA:463,0
DA:464,0
DA:465,0
DA:466,0
DA:469,0
DA:470,0
DA:471,0
DA:472,0
DA:473,0
DA:476,0
DA:477,0
DA:478,0
DA:479,0
DA:484,0
DA:485,0
DA:489,0
DA:490,0
DA:491,0
DA:494,0
DA:495,0
DA:496,0
DA:501,0
DA:502,0
DA:503,0
DA:506,0
DA:507,0
DA:508,0
DA:513,0
DA:514,0
DA:515,0
DA:518,0
DA:519,0
DA:522,0
DA:523,0
DA:524,0
DA:527,0
DA:528,0
DA:531,0
DA:532,0
DA:533,0
DA:534,0
DA:536,0
DA:537,0
DA:539,0
DA:541,0
DA:542,0
DA:548,0
DA:556,0
DA:557,0
DA:560,0
DA:561,0
DA:562,0
DA:565,0
DA:566,0
DA:567,0
DA:570,0
DA:571,0
DA:572,0
DA:573,0
DA:576,0
DA:579,0
DA:588,0
DA:589,0
DA:591,0
DA:592,0
DA:593,0
DA:596,0
DA:610,0
DA:623,0
DA:626,0
DA:627,0
DA:628,0
DA:631,0
DA:632,0
DA:633,0
DA:637,0
DA:640,0
DA:641,0
DA:642,0
DA:643,0
DA:647,0
DA:655,0
DA:656,0
DA:657,0
DA:660,0
LF:274
LH:0
BRDA:83,0,0,0
BRDA:87,1,0,0
BRDA:106,2,0,0
BRDA:106,2,1,0
BRDA:122,3,0,0
BRDA:122,3,1,0
BRDA:123,4,0,0
BRDA:123,4,1,0
BRDA:124,5,0,0
BRDA:124,5,1,0
BRDA:125,6,0,0
BRDA:125,6,1,0
BRDA:144,7,0,0
BRDA:157,8,0,0
BRDA:177,9,0,0
BRDA:177,10,0,0
BRDA:177,10,1,0
BRDA:190,11,0,0
BRDA:190,11,1,0
BRDA:239,12,0,0
BRDA:241,13,0,0
BRDA:241,13,1,0
BRDA:256,14,0,0
BRDA:263,15,0,0
BRDA:263,15,1,0
BRDA:281,16,0,0
BRDA:283,17,0,0
BRDA:283,17,1,0
BRDA:292,18,0,0
BRDA:298,19,0,0
BRDA:298,19,1,0
BRDA:321,20,0,0
BRDA:322,21,0,0
BRDA:322,21,1,0
BRDA:332,22,0,0
BRDA:332,23,0,0
BRDA:332,23,1,0
BRDA:343,24,0,0
BRDA:343,24,1,0
BRDA:352,25,0,0
BRDA:352,25,1,0
BRDA:362,26,0,0
BRDA:362,26,1,0
BRDA:371,27,0,0
BRDA:371,28,0,0
BRDA:371,28,1,0
BRDA:390,29,0,0
BRDA:396,30,0,0
BRDA:415,31,0,0
BRDA:434,32,0,0
BRDA:438,33,0,0
BRDA:450,34,0,0
BRDA:450,34,1,0
BRDA:477,35,0,0
BRDA:477,35,1,0
BRDA:490,36,0,0
BRDA:494,37,0,0
BRDA:502,38,0,0
BRDA:506,39,0,0
BRDA:514,40,0,0
BRDA:518,41,0,0
BRDA:523,42,0,0
BRDA:531,43,0,0
BRDA:531,43,1,0
BRDA:531,44,0,0
BRDA:531,44,1,0
BRDA:534,45,0,0
BRDA:534,45,1,0
BRDA:536,46,0,0
BRDA:539,47,0,0
BRDA:541,48,0,0
BRDA:541,49,0,0
BRDA:541,49,1,0
BRDA:556,50,0,0
BRDA:561,51,0,0
BRDA:561,52,0,0
BRDA:561,52,1,0
BRDA:566,53,0,0
BRDA:566,53,1,0
BRDA:570,54,0,0
BRDA:627,55,0,0
BRDA:641,56,0,0
BRF:82
BRH:0
end_of_record
TN:
SF:src/app/modules/download-manager/services/index.ts
FNF:0
FNH:0
DA:1,0
DA:2,0
LF:2
LH:0
BRF:0
BRH:0
end_of_record
TN:
SF:src/app/modules/download-manager/services/publisher.service.ts
FN:20,(anonymous_4)
FN:27,(anonymous_5)
FN:37,(anonymous_6)
FN:47,(anonymous_7)
FN:57,(anonymous_8)
FN:67,(anonymous_9)
FN:77,(anonymous_10)
FNF:7
FNH:0
FNDA:0,(anonymous_4)
FNDA:0,(anonymous_5)
FNDA:0,(anonymous_6)
FNDA:0,(anonymous_7)
FNDA:0,(anonymous_8)
FNDA:0,(anonymous_9)
FNDA:0,(anonymous_10)
DA:1,0
DA:2,0
DA:3,0
DA:4,0
DA:19,0
DA:21,0
DA:28,0
DA:29,0
DA:31,0
DA:38,0
DA:39,0
DA:41,0
DA:48,0
DA:49,0
DA:51,0
DA:58,0
DA:59,0
DA:61,0
DA:68,0
DA:69,0
DA:71,0
DA:78,0
DA:79,0
DA:81,0
LF:24
LH:0
BRDA:28,0,0,0
BRDA:38,1,0,0
BRDA:48,2,0,0
BRDA:58,3,0,0
BRDA:68,4,0,0
BRDA:78,5,0,0
BRF:6
BRH:0
end_of_record
TN:
SF:src/app/modules/download-manager/services/subtitles.service.ts
FN:26,(anonymous_2)
FN:46,(anonymous_3)
FN:69,(anonymous_4)
FN:74,(anonymous_5)
FN:80,(anonymous_6)
FN:90,(anonymous_7)
FN:98,(anonymous_8)
FN:128,(anonymous_9)
FN:132,(anonymous_10)
FN:144,(anonymous_11)
FN:153,(anonymous_12)
FN:192,(anonymous_13)
FNF:12
FNH:0
FNDA:0,(anonymous_2)
FNDA:0,(anonymous_3)
FNDA:0,(anonymous_4)
FNDA:0,(anonymous_5)
FNDA:0,(anonymous_6)
FNDA:0,(anonymous_7)
FNDA:0,(anonymous_8)
FNDA:0,(anonymous_9)
FNDA:0,(anonymous_10)
FNDA:0,(anonymous_11)
FNDA:0,(anonymous_12)
FNDA:0,(anonymous_13)
DA:1,0
DA:2,0
DA:4,0
DA:26,0
DA:27,0
DA:28,0
DA:50,0
DA:52,0
DA:53,0
DA:55,0
DA:57,0
DA:58,0
DA:60,0
DA:62,0
DA:63,0
DA:66,0
DA:70,0
DA:71,0
DA:72,0
DA:74,0
DA:76,0
DA:86,0
DA:87,0
DA:89,0
DA:90,0
DA:91,0
DA:92,0
DA:95,0
DA:103,0
DA:105,0
DA:106,0
DA:108,0
DA:110,0
DA:111,0
DA:113,0
DA:114,0
DA:120,0
DA:121,0
DA:122,0
DA:125,0
DA:129,0
DA:131,0
DA:132,0
DA:133,0
DA:136,0
DA:137,0
DA:141,0
DA:145,0
DA:146,0
DA:147,0
DA:149,0
DA:158,0
DA:159,0
DA:162,0
DA:163,0
DA:164,0
DA:172,0
DA:173,0
DA:174,0
DA:182,0
DA:183,0
DA:184,0
DA:192,0
DA:193,0
DA:200,0
LF:65
LH:0
BRDA:55,0,0,0
BRDA:60,1,0,0
BRDA:72,2,0,0
BRDA:108,3,0,0
BRDA:111,4,0,0
BRDA:120,5,0,0
BRDA:120,5,1,0
BRDA:136,6,0,0
BRDA:162,7,0,0
BRDA:172,8,0,0
BRDA:182,9,0,0
BRF:11
BRH:0
end_of_record
TN:
SF:src/app/modules/downloader/downloader.module.ts
FNF:0
FNH:0
DA:1,0
DA:2,0
DA:10,0
LF:3
LH:0
BRF:0
BRH:0
end_of_record
TN:
SF:src/app/modules/downloader/index.ts
FNF:0
FNH:0
DA:1,0
DA:2,0
DA:3,0
DA:4,0
LF:4
LH:0
BRF:0
BRH:0
end_of_record
TN:
SF:src/app/modules/downloader/dtos/downloader-options.dto.ts
FNF:0
FNH:0
DA:2,0
LF:1
LH:0
BRF:0
BRH:0
end_of_record
TN:
SF:src/app/modules/downloader/dtos/fragment.dto.ts
FN:3,(anonymous_2)
FN:15,(anonymous_3)
FN:18,(anonymous_4)
FN:21,(anonymous_5)
FNF:4
FNH:0
FNDA:0,(anonymous_2)
FNDA:0,(anonymous_3)
FNDA:0,(anonymous_4)
FNDA:0,(anonymous_5)
DA:1,0
DA:3,0
DA:4,0
DA:5,0
DA:6,0
DA:9,0
DA:14,0
DA:15,0
DA:16,0
DA:18,0
DA:19,0
DA:21,0
DA:22,0
LF:13
LH:0
BRDA:3,0,0,0
BRDA:3,0,1,0
BRF:2
BRH:0
end_of_record
TN:
SF:src/app/modules/downloader/dtos/index.ts
FNF:0
FNH:0
DA:1,0
DA:2,0
LF:2
LH:0
BRF:0
BRH:0
end_of_record
TN:
SF:src/app/modules/downloader/errors/download.errors.ts
FN:5,(anonymous_0)
FN:20,(anonymous_1)
FN:35,(anonymous_2)
FN:50,(anonymous_3)
FN:65,(anonymous_4)
FN:80,(anonymous_5)
FN:92,(anonymous_6)
FN:107,(anonymous_7)
FN:123,(anonymous_8)
FNF:9
FNH:0
FNDA:0,(anonymous_0)
FNDA:0,(anonymous_1)
FNDA:0,(anonymous_2)
FNDA:0,(anonymous_3)
FNDA:0,(anonymous_4)
FNDA:0,(anonymous_5)
FNDA:0,(anonymous_6)
FNDA:0,(anonymous_7)
FNDA:0,(anonymous_8)
DA:1,0
DA:7,0
DA:8,0
DA:10,0
DA:11,0
DA:12,0
DA:16,0
DA:17,0
DA:18,0
DA:22,0
DA:23,0
DA:27,0
DA:31,0
DA:32,0
DA:33,0
DA:37,0
DA:38,0
DA:42,0
DA:46,0
DA:47,0
DA:48,0
DA:52,0
DA:53,0
DA:57,0
DA:61,0
DA:62,0
DA:63,0
DA:67,0
DA:68,0
DA:72,0
DA:76,0
DA:77,0
DA:78,0
DA:82,0
DA:83,0
DA:87,0
DA:91,0
DA:94,0
DA:99,0
DA:103,0
DA:104,0
DA:105,0
DA:109,0
DA:110,0
DA:111,0
DA:115,0
DA:119,0
DA:120,0
DA:121,0
DA:125,0
DA:129,0
LF:51
LH:0
BRDA:68,0,0,0
BRF:1
BRH:0
end_of_record
TN:
SF:src/app/modules/downloader/errors/index.ts
FNF:0
FNH:0
DA:1,0
LF:1
LH:0
BRF:0
BRH:0
end_of_record
TN:
SF:src/app/modules/downloader/events/download.events.ts
FN:4,(anonymous_0)
FNF:1
FNH:0
FNDA:0,(anonymous_0)
DA:4,0
DA:5,0
DA:6,0
DA:7,0
DA:8,0
DA:9,0
DA:10,0
DA:11,0
DA:12,0
DA:13,0
DA:14,0
LF:11
LH:0
BRDA:4,0,0,0
BRDA:4,0,1,0
BRF:2
BRH:0
end_of_record
TN:
SF:src/app/modules/downloader/events/index.ts
FNF:0
FNH:0
DA:1,0
LF:1
LH:0
BRF:0
BRH:0
end_of_record
TN:
SF:src/app/modules/downloader/factories/downloader.factory.ts
FN:17,(anonymous_2)
FN:27,(anonymous_3)
FN:68,(anonymous_4)
FN:73,(anonymous_5)
FN:85,(anonymous_6)
FN:100,(anonymous_7)
FN:132,(anonymous_8)
FN:147,(anonymous_9)
FN:162,(anonymous_10)
FN:169,(anonymous_11)
FN:176,(anonymous_12)
FN:179,(anonymous_13)
FN:195,(anonymous_14)
FN:205,(anonymous_15)
FN:207,(anonymous_16)
FNF:15
FNH:0
FNDA:0,(anonymous_2)
FNDA:0,(anonymous_3)
FNDA:0,(anonymous_4)
FNDA:0,(anonymous_5)
FNDA:0,(anonymous_6)
FNDA:0,(anonymous_7)
FNDA:0,(anonymous_8)
FNDA:0,(anonymous_9)
FNDA:0,(anonymous_10)
FNDA:0,(anonymous_11)
FNDA:0,(anonymous_12)
FNDA:0,(anonymous_13)
FNDA:0,(anonymous_14)
FNDA:0,(anonymous_15)
FNDA:0,(anonymous_16)
DA:1,0
DA:2,0
DA:4,0
DA:5,0
DA:6,0
DA:7,0
DA:8,0
DA:9,0
DA:10,0
DA:13,0
DA:14,0
DA:15,0
DA:18,0
DA:20,0
DA:28,0
DA:31,0
DA:32,0
DA:33,0
DA:34,0
DA:35,0
DA:43,0
DA:47,0
DA:50,0
DA:51,0
DA:54,0
DA:57,0
DA:60,0
DA:61,0
DA:65,0
DA:68,0
DA:69,0
DA:70,0
DA:73,0
DA:74,0
DA:75,0
DA:78,0
DA:79,0
DA:86,0
DA:87,0
DA:89,0
DA:90,0
DA:92,0
DA:93,0
DA:105,0
DA:106,0
DA:110,0
DA:111,0
DA:115,0
DA:116,0
DA:117,0
DA:118,0
DA:120,0
DA:122,0
DA:123,0
DA:125,0
DA:134,0
DA:136,0
DA:137,0
DA:141,0
DA:148,0
DA:152,0
DA:153,0
DA:156,0
DA:163,0
DA:170,0
DA:177,0
DA:179,0
DA:180,0
DA:181,0
DA:183,0
DA:187,0
DA:188,0
DA:189,0
DA:196,0
DA:207,0
DA:209,0
DA:211,0
LF:77
LH:0
BRDA:44,0,0,0
BRDA:44,0,1,0
BRDA:60,1,0,0
BRDA:86,2,0,0
BRDA:89,3,0,0
BRDA:92,4,0,0
BRDA:105,5,0,0
BRDA:110,6,0,0
BRDA:117,7,0,0
BRDA:117,8,0,0
BRDA:117,8,1,0
BRDA:122,9,0,0
BRDA:125,10,0,0
BRDA:125,10,1,0
BRDA:134,11,0,0
BRDA:152,12,0,0
BRDA:183,13,0,0
BRDA:183,13,1,0
BRF:18
BRH:0
end_of_record
TN:
SF:src/app/modules/downloader/factories/index.ts
FNF:0
FNH:0
DA:1,0
LF:1
LH:0
BRF:0
BRH:0
end_of_record
TN:
SF:src/app/modules/downloader/implementation/download-coordinator.ts
FN:37,(anonymous_0)
FN:50,(anonymous_1)
FN:60,(anonymous_2)
FN:149,(anonymous_3)
FN:160,(anonymous_4)
FN:181,(anonymous_5)
FN:200,(anonymous_6)
FN:225,(anonymous_7)
FN:234,(anonymous_8)
FN:245,(anonymous_9)
FN:283,(anonymous_10)
FN:307,(anonymous_11)
FN:311,(anonymous_12)
FN:315,(anonymous_13)
FN:321,(anonymous_14)
FN:337,(anonymous_15)
FN:351,(anonymous_16)
FN:356,(anonymous_17)
FN:361,(anonymous_18)
FN:366,(anonymous_19)
FN:374,(anonymous_20)
FN:382,(anonymous_21)
FN:393,(anonymous_22)
FN:408,(anonymous_23)
FN:420,(anonymous_24)
FN:433,(anonymous_25)
FNF:26
FNH:0
FNDA:0,(anonymous_0)
FNDA:0,(anonymous_1)
FNDA:0,(anonymous_2)
FNDA:0,(anonymous_3)
FNDA:0,(anonymous_4)
FNDA:0,(anonymous_5)
FNDA:0,(anonymous_6)
FNDA:0,(anonymous_7)
FNDA:0,(anonymous_8)
FNDA:0,(anonymous_9)
FNDA:0,(anonymous_10)
FNDA:0,(anonymous_11)
FNDA:0,(anonymous_12)
FNDA:0,(anonymous_13)
FNDA:0,(anonymous_14)
FNDA:0,(anonymous_15)
FNDA:0,(anonymous_16)
FNDA:0,(anonymous_17)
FNDA:0,(anonymous_18)
FNDA:0,(anonymous_19)
FNDA:0,(anonymous_20)
FNDA:0,(anonymous_21)
FNDA:0,(anonymous_22)
FNDA:0,(anonymous_23)
FNDA:0,(anonymous_24)
FNDA:0,(anonymous_25)
DA:2,0
DA:8,0
DA:9,0
DA:11,0
DA:12,0
DA:13,0
DA:14,0
DA:24,0
DA:26,0
DA:27,0
DA:31,0
DA:32,0
DA:33,0
DA:35,0
DA:38,0
DA:39,0
DA:40,0
DA:41,0
DA:43,0
DA:44,0
DA:51,0
DA:52,0
DA:55,0
DA:56,0
DA:57,0
DA:61,0
DA:62,0
DA:64,0
DA:65,0
DA:67,0
DA:68,0
DA:71,0
DA:72,0
DA:73,0
DA:74,0
DA:76,0
DA:77,0
DA:86,0
DA:87,0
DA:88,0
DA:89,0
DA:91,0
DA:92,0
DA:95,0
DA:96,0
DA:99,0
DA:103,0
DA:104,0
DA:105,0
DA:106,0
DA:108,0
DA:111,0
DA:113,0
DA:123,0
DA:126,0
DA:128,0
DA:130,0
DA:139,0
DA:141,0
DA:142,0
DA:144,0
DA:145,0
DA:150,0
DA:151,0
DA:152,0
DA:153,0
DA:155,0
DA:156,0
DA:161,0
DA:163,0
DA:164,0
DA:165,0
DA:167,0
DA:168,0
DA:170,0
DA:172,0
DA:180,0
DA:182,0
DA:183,0
DA:184,0
DA:186,0
DA:187,0
DA:189,0
DA:191,0
DA:201,0
DA:203,0
DA:204,0
DA:206,0
DA:208,0
DA:217,0
DA:227,0
DA:230,0
DA:235,0
DA:236,0
DA:238,0
DA:239,0
DA:240,0
DA:245,0
DA:247,0
DA:250,0
DA:251,0
DA:254,0
DA:256,0
DA:257,0
DA:258,0
DA:261,0
DA:265,0
DA:266,0
DA:267,0
DA:268,0
DA:272,0
DA:277,0
DA:278,0
DA:284,0
DA:285,0
DA:287,0
DA:288,0
DA:289,0
DA:292,0
DA:299,0
DA:308,0
DA:312,0
DA:316,0
DA:322,0
DA:323,0
DA:324,0
DA:326,0
DA:327,0
DA:334,0
DA:338,0
DA:339,0
DA:340,0
DA:342,0
DA:343,0
DA:352,0
DA:353,0
DA:357,0
DA:358,0
DA:362,0
DA:363,0
DA:367,0
DA:368,0
DA:376,0
DA:383,0
DA:384,0
DA:385,0
DA:386,0
DA:387,0
DA:394,0
DA:395,0
DA:396,0
DA:397,0
DA:402,0
DA:410,0
DA:411,0
DA:412,0
DA:414,0
DA:421,0
DA:423,0
DA:424,0
DA:425,0
DA:427,0
DA:428,0
DA:430,0
DA:434,0
LF:165
LH:0
BRDA:51,0,0,0
BRDA:61,1,0,0
BRDA:61,2,0,0
BRDA:61,2,1,0
BRDA:64,3,0,0
BRDA:67,4,0,0
BRDA:82,5,0,0
BRDA:82,5,1,0
BRDA:88,6,0,0
BRDA:88,6,1,0
BRDA:89,7,0,0
BRDA:95,8,0,0
BRDA:95,8,1,0
BRDA:103,9,0,0
BRDA:103,10,0,0
BRDA:103,10,1,0
BRDA:126,11,0,0
BRDA:126,11,1,0
BRDA:150,12,0,0
BRDA:150,12,1,0
BRDA:151,13,0,0
BRDA:155,14,0,0
BRDA:161,15,0,0
BRDA:161,15,1,0
BRDA:164,16,0,0
BRDA:164,16,1,0
BRDA:165,17,0,0
BRDA:183,18,0,0
BRDA:183,18,1,0
BRDA:184,19,0,0
BRDA:184,19,1,0
BRDA:194,20,0,0
BRDA:194,20,1,0
BRDA:201,21,0,0
BRDA:201,21,1,0
BRDA:212,22,0,0
BRDA:212,22,1,0
BRDA:236,23,0,0
BRDA:238,24,0,0
BRDA:238,24,1,0
BRDA:250,25,0,0
BRDA:250,26,0,0
BRDA:250,26,1,0
BRDA:254,27,0,0
BRDA:254,28,0,0
BRDA:254,28,1,0
BRDA:257,29,0,0
BRDA:257,30,0,0
BRDA:257,30,1,0
BRDA:258,31,0,0
BRDA:258,31,1,0
BRDA:261,32,0,0
BRDA:261,32,1,0
BRDA:261,32,2,0
BRDA:261,32,3,0
BRDA:261,32,4,0
BRDA:265,33,0,0
BRDA:266,34,0,0
BRDA:266,34,1,0
BRDA:267,35,0,0
BRDA:274,36,0,0
BRDA:274,36,1,0
BRDA:275,37,0,0
BRDA:275,37,1,0
BRDA:287,38,0,0
BRDA:308,39,0,0
BRDA:308,39,1,0
BRDA:326,40,0,0
BRDA:342,41,0,0
BRDA:352,42,0,0
BRDA:357,43,0,0
BRDA:362,44,0,0
BRDA:367,45,0,0
BRDA:383,46,0,0
BRDA:384,47,0,0
BRDA:385,48,0,0
BRDA:386,49,0,0
BRDA:386,50,0,0
BRDA:386,50,1,0
BRDA:394,51,0,0
BRDA:395,52,0,0
BRDA:396,53,0,0
BRDA:397,54,0,0
BRDA:397,54,1,0
BRDA:397,54,2,0
BRDA:397,54,3,0
BRDA:410,55,0,0
BRDA:421,56,0,0
BRF:88
BRH:0
end_of_record
TN:
SF:src/app/modules/downloader/implementation/file-manager.ts
FN:13,(anonymous_6)
FN:20,(anonymous_7)
FN:30,(anonymous_8)
FN:69,(anonymous_9)
FN:98,(anonymous_10)
FN:123,(anonymous_11)
FN:151,(anonymous_12)
FN:169,(anonymous_13)
FN:180,(anonymous_14)
FN:184,(anonymous_15)
FN:188,(anonymous_16)
FN:195,(anonymous_17)
FNF:12
FNH:0
FNDA:0,(anonymous_6)
FNDA:0,(anonymous_7)
FNDA:0,(anonymous_8)
FNDA:0,(anonymous_9)
FNDA:0,(anonymous_10)
FNDA:0,(anonymous_11)
FNDA:0,(anonymous_12)
FNDA:0,(anonymous_13)
FNDA:0,(anonymous_14)
FNDA:0,(anonymous_15)
FNDA:0,(anonymous_16)
FNDA:0,(anonymous_17)
DA:1,0
DA:2,0
DA:3,0
DA:4,0
DA:5,0
DA:7,0
DA:8,0
DA:11,0
DA:14,0
DA:21,0
DA:22,0
DA:25,0
DA:26,0
DA:27,0
DA:31,0
DA:32,0
DA:34,0
DA:35,0
DA:38,0
DA:39,0
DA:42,0
DA:43,0
DA:46,0
DA:47,0
DA:50,0
DA:51,0
DA:52,0
DA:54,0
DA:56,0
DA:57,0
DA:59,0
DA:70,0
DA:71,0
DA:73,0
DA:74,0
DA:77,0
DA:78,0
DA:79,0
DA:80,0
DA:82,0
DA:83,0
DA:85,0
DA:99,0
DA:100,0
DA:103,0
DA:104,0
DA:105,0
DA:107,0
DA:108,0
DA:110,0
DA:124,0
DA:125,0
DA:127,0
DA:128,0
DA:131,0
DA:132,0
DA:133,0
DA:135,0
DA:136,0
DA:138,0
DA:152,0
DA:153,0
DA:156,0
DA:157,0
DA:158,0
DA:160,0
DA:161,0
DA:170,0
DA:172,0
DA:173,0
DA:176,0
DA:177,0
DA:181,0
DA:185,0
DA:189,0
DA:196,0
LF:76
LH:0
BRDA:21,0,0,0
BRDA:31,1,0,0
BRDA:31,2,0,0
BRDA:31,2,1,0
BRDA:34,3,0,0
BRDA:38,4,0,0
BRDA:56,5,0,0
BRDA:56,5,1,0
BRDA:64,6,0,0
BRDA:64,6,1,0
BRDA:70,7,0,0
BRDA:73,8,0,0
BRDA:82,9,0,0
BRDA:82,9,1,0
BRDA:90,10,0,0
BRDA:90,10,1,0
BRDA:99,11,0,0
BRDA:107,12,0,0
BRDA:124,13,0,0
BRDA:124,14,0,0
BRDA:124,14,1,0
BRDA:127,15,0,0
BRDA:135,16,0,0
BRDA:135,16,1,0
BRDA:143,17,0,0
BRDA:143,17,1,0
BRDA:152,18,0,0
BRDA:160,19,0,0
BRDA:170,20,0,0
BRDA:196,21,0,0
BRDA:196,21,1,0
BRF:31
BRH:0
end_of_record
TN:
SF:src/app/modules/downloader/implementation/index.ts
FNF:0
FNH:0
DA:1,0
DA:2,0
DA:3,0
LF:3
LH:0
BRF:0
BRH:0
end_of_record
TN:
SF:src/app/modules/downloader/implementation/network-manager.ts
FN:15,(anonymous_6)
FN:22,(anonymous_7)
FN:38,(anonymous_8)
FN:60,(anonymous_9)
FN:91,(anonymous_10)
FN:106,(anonymous_11)
FN:120,(anonymous_12)
FN:124,(anonymous_13)
FN:150,(anonymous_14)
FN:154,(anonymous_15)
FN:161,(anonymous_16)
FNF:11
FNH:0
FNDA:0,(anonymous_6)
FNDA:0,(anonymous_7)
FNDA:0,(anonymous_8)
FNDA:0,(anonymous_9)
FNDA:0,(anonymous_10)
FNDA:0,(anonymous_11)
FNDA:0,(anonymous_12)
FNDA:0,(anonymous_13)
FNDA:0,(anonymous_14)
FNDA:0,(anonymous_15)
FNDA:0,(anonymous_16)
DA:1,0
DA:2,0
DA:5,0
DA:6,0
DA:8,0
DA:9,0
DA:12,0
DA:13,0
DA:16,0
DA:27,0
DA:28,0
DA:31,0
DA:32,0
DA:33,0
DA:35,0
DA:39,0
DA:40,0
DA:42,0
DA:43,0
DA:46,0
DA:47,0
DA:51,0
DA:52,0
DA:54,0
DA:55,0
DA:56,0
DA:61,0
DA:62,0
DA:65,0
DA:66,0
DA:67,0
DA:69,0
DA:70,0
DA:71,0
DA:74,0
DA:75,0
DA:77,0
DA:78,0
DA:79,0
DA:87,0
DA:92,0
DA:96,0
DA:97,0
DA:99,0
DA:100,0
DA:107,0
DA:109,0
DA:110,0
DA:113,0
DA:114,0
DA:121,0
DA:131,0
DA:144,0
DA:150,0
DA:151,0
DA:152,0
DA:154,0
DA:155,0
DA:156,0
DA:159,0
DA:161,0
DA:164,0
DA:165,0
DA:167,0
DA:168,0
DA:170,0
DA:174,0
DA:175,0
LF:68
LH:0
BRDA:25,0,0,0
BRDA:27,1,0,0
BRDA:39,2,0,0
BRDA:42,3,0,0
BRDA:49,4,0,0
BRDA:49,4,1,0
BRDA:54,5,0,0
BRDA:54,5,1,0
BRDA:61,6,0,0
BRDA:69,7,0,0
BRDA:77,8,0,0
BRDA:107,9,0,0
BRDA:137,10,0,0
BRDA:137,10,1,0
BRDA:141,11,0,0
BRDA:141,11,1,0
BRDA:167,12,0,0
BRDA:167,12,1,0
BRF:18
BRH:0
end_of_record
TN:
SF:src/app/modules/downloader/implementation/progress-tracker.ts
FN:21,(anonymous_0)
FN:30,(anonymous_1)
FN:37,(anonymous_2)
FN:44,(anonymous_3)
FN:71,(anonymous_4)
FN:78,(anonymous_5)
FN:92,(anonymous_6)
FN:108,(anonymous_7)
FN:119,(anonymous_8)
FN:128,(anonymous_9)
FN:137,(anonymous_10)
FN:146,(anonymous_11)
FN:154,(anonymous_12)
FN:166,(anonymous_13)
FNF:14
FNH:0
FNDA:0,(anonymous_0)
FNDA:0,(anonymous_1)
FNDA:0,(anonymous_2)
FNDA:0,(anonymous_3)
FNDA:0,(anonymous_4)
FNDA:0,(anonymous_5)
FNDA:0,(anonymous_6)
FNDA:0,(anonymous_7)
FNDA:0,(anonymous_8)
FNDA:0,(anonymous_9)
FNDA:0,(anonymous_10)
FNDA:0,(anonymous_11)
FNDA:0,(anonymous_12)
FNDA:0,(anonymous_13)
DA:1,0
DA:4,0
DA:5,0
DA:6,0
DA:12,0
DA:13,0
DA:14,0
DA:15,0
DA:19,0
DA:22,0
DA:23,0
DA:24,0
DA:31,0
DA:38,0
DA:45,0
DA:46,0
DA:47,0
DA:50,0
DA:51,0
DA:52,0
DA:55,0
DA:56,0
DA:57,0
DA:60,0
DA:63,0
DA:64,0
DA:72,0
DA:79,0
DA:80,0
DA:81,0
DA:84,0
DA:86,0
DA:93,0
DA:94,0
DA:95,0
DA:96,0
DA:98,0
DA:108,0
DA:120,0
DA:129,0
DA:130,0
DA:131,0
DA:138,0
DA:139,0
DA:140,0
DA:148,0
DA:155,0
DA:157,0
DA:158,0
DA:160,0
DA:167,0
LF:51
LH:0
BRDA:21,0,0,0
BRDA:45,1,0,0
BRDA:50,2,0,0
BRDA:63,3,0,0
BRDA:103,4,0,0
BRDA:103,4,1,0
BRDA:148,5,0,0
BRDA:148,5,1,0
BRDA:155,6,0,0
BRF:9
BRH:0
end_of_record
TN:
SF:src/app/modules/downloader/implementation/ranges.ts
FN:28,(anonymous_0)
FN:30,(anonymous_1)
FN:33,(anonymous_2)
FN:66,(anonymous_3)
FN:70,(anonymous_4)
FN:112,(anonymous_5)
FN:137,(anonymous_6)
FN:138,(anonymous_7)
FN:141,(anonymous_8)
FN:145,(anonymous_9)
FN:151,(anonymous_10)
FN:152,(anonymous_11)
FN:159,(anonymous_12)
FN:161,(anonymous_13)
FN:169,(anonymous_14)
FN:176,(anonymous_15)
FN:179,(anonymous_16)
FNF:17
FNH:0
FNDA:0,(anonymous_0)
FNDA:0,(anonymous_1)
FNDA:0,(anonymous_2)
FNDA:0,(anonymous_3)
FNDA:0,(anonymous_4)
FNDA:0,(anonymous_5)
FNDA:0,(anonymous_6)
FNDA:0,(anonymous_7)
FNDA:0,(anonymous_8)
FNDA:0,(anonymous_9)
FNDA:0,(anonymous_10)
FNDA:0,(anonymous_11)
FNDA:0,(anonymous_12)
FNDA:0,(anonymous_13)
FNDA:0,(anonymous_14)
FNDA:0,(anonymous_15)
FNDA:0,(anonymous_16)
DA:1,0
DA:25,0
DA:26,0
DA:30,0
DA:34,0
DA:35,0
DA:36,0
DA:38,0
DA:40,0
DA:43,0
DA:45,0
DA:47,0
DA:48,0
DA:56,0
DA:57,0
DA:66,0
DA:67,0
DA:72,0
DA:73,0
DA:74,0
DA:78,0
DA:79,0
DA:81,0
DA:82,0
DA:84,0
DA:87,0
DA:88,0
DA:94,0
DA:95,0
DA:104,0
DA:105,0
DA:113,0
DA:114,0
DA:116,0
DA:117,0
DA:118,0
DA:120,0
DA:122,0
DA:125,0
DA:127,0
DA:128,0
DA:134,0
DA:138,0
DA:142,0
DA:146,0
DA:147,0
DA:148,0
DA:152,0
DA:153,0
DA:161,0
DA:166,0
DA:170,0
DA:177,0
DA:179,0
DA:180,0
DA:182,0
DA:183,0
DA:184,0
DA:186,0
DA:188,0
DA:190,0
DA:194,0
LF:62
LH:0
BRDA:34,0,0,0
BRDA:35,1,0,0
BRDA:35,1,1,0
BRDA:45,2,0,0
BRDA:45,2,1,0
BRDA:47,3,0,0
BRDA:56,4,0,0
BRDA:66,5,0,0
BRDA:72,6,0,0
BRDA:73,7,0,0
BRDA:73,8,0,0
BRDA:73,8,1,0
BRDA:73,8,2,0
BRDA:82,9,0,0
BRDA:82,9,1,0
BRDA:82,10,0,0
BRDA:82,10,1,0
BRDA:87,11,0,0
BRDA:94,12,0,0
BRDA:117,13,0,0
BRDA:120,14,0,0
BRDA:125,15,0,0
BRDA:134,16,0,0
BRDA:134,16,1,0
BRDA:153,17,0,0
BRDA:153,17,1,0
BRDA:163,18,0,0
BRDA:163,18,1,0
BRDA:177,19,0,0
BRDA:186,20,0,0
BRDA:186,20,1,0
BRDA:186,21,0,0
BRDA:186,21,1,0
BRF:33
BRH:0
end_of_record
TN:
SF:src/app/modules/downloader/implementation/worker-manager.ts
FN:18,(anonymous_0)
FN:22,(anonymous_1)
FN:26,(anonymous_2)
FN:33,(anonymous_3)
FN:54,(anonymous_4)
FN:76,(anonymous_5)
FN:87,(anonymous_6)
FN:94,(anonymous_7)
FN:109,(anonymous_8)
FN:120,(anonymous_9)
FN:123,(anonymous_10)
FN:127,(anonymous_11)
FN:138,(anonymous_12)
FN:154,(anonymous_13)
FN:161,(anonymous_14)
FN:163,(anonymous_15)
FN:172,(anonymous_16)
FNF:17
FNH:0
FNDA:0,(anonymous_0)
FNDA:0,(anonymous_1)
FNDA:0,(anonymous_2)
FNDA:0,(anonymous_3)
FNDA:0,(anonymous_4)
FNDA:0,(anonymous_5)
FNDA:0,(anonymous_6)
FNDA:0,(anonymous_7)
FNDA:0,(anonymous_8)
FNDA:0,(anonymous_9)
FNDA:0,(anonymous_10)
FNDA:0,(anonymous_11)
FNDA:0,(anonymous_12)
FNDA:0,(anonymous_13)
FNDA:0,(anonymous_14)
FNDA:0,(anonymous_15)
FNDA:0,(anonymous_16)
DA:2,0
DA:3,0
DA:8,0
DA:9,0
DA:10,0
DA:11,0
DA:12,0
DA:13,0
DA:14,0
DA:15,0
DA:16,0
DA:19,0
DA:23,0
DA:27,0
DA:34,0
DA:35,0
DA:37,0
DA:38,0
DA:47,0
DA:48,0
DA:55,0
DA:56,0
DA:58,0
DA:60,0
DA:61,0
DA:62,0
DA:65,0
DA:67,0
DA:68,0
DA:69,0
DA:70,0
DA:73,0
DA:74,0
DA:75,0
DA:76,0
DA:81,0
DA:88,0
DA:95,0
DA:96,0
DA:99,0
DA:100,0
DA:101,0
DA:102,0
DA:110,0
DA:111,0
DA:112,0
DA:113,0
DA:114,0
DA:121,0
DA:123,0
DA:125,0
DA:127,0
DA:129,0
DA:130,0
DA:131,0
DA:133,0
DA:137,0
DA:138,0
DA:139,0
DA:140,0
DA:144,0
DA:145,0
DA:146,0
DA:155,0
DA:162,0
DA:163,0
DA:164,0
DA:166,0
DA:173,0
DA:175,0
DA:176,0
DA:178,0
DA:179,0
DA:181,0
DA:182,0
DA:183,0
DA:184,0
DA:187,0
DA:188,0
LF:79
LH:0
BRDA:56,0,0,0
BRDA:60,1,0,0
BRDA:65,2,0,0
BRDA:67,3,0,0
BRDA:73,4,0,0
BRDA:95,5,0,0
BRDA:100,6,0,0
BRDA:120,7,0,0
BRDA:121,8,0,0
BRDA:130,9,0,0
BRDA:145,10,0,0
BRDA:173,11,0,0
BRDA:181,12,0,0
BRF:13
BRH:0
end_of_record
TN:
SF:src/app/modules/info/index.ts
FNF:0
FNH:0
DA:1,0
DA:2,0
LF:2
LH:0
BRF:0
BRH:0
end_of_record
TN:
SF:src/app/modules/info/info.module.ts
FNF:0
FNH:0
DA:1,0
DA:2,0
DA:3,0
DA:4,0
DA:5,0
DA:20,0
LF:6
LH:0
BRF:0
BRH:0
end_of_record
TN:
SF:src/app/modules/info/models/app-config.model.ts
FN:6,(anonymous_2)
FN:9,(anonymous_3)
FN:12,(anonymous_4)
FN:15,(anonymous_5)
FN:18,(anonymous_6)
FN:21,(anonymous_7)
FN:24,(anonymous_8)
FN:27,(anonymous_9)
FN:30,(anonymous_10)
FN:33,(anonymous_11)
FN:36,(anonymous_12)
FN:39,(anonymous_13)
FN:42,(anonymous_14)
FN:45,(anonymous_15)
FN:48,(anonymous_16)
FN:51,(anonymous_17)
FN:54,(anonymous_18)
FN:57,(anonymous_19)
FN:60,(anonymous_20)
FN:63,(anonymous_21)
FN:66,(anonymous_22)
FNF:21
FNH:0
FNDA:0,(anonymous_2)
FNDA:0,(anonymous_3)
FNDA:0,(anonymous_4)
FNDA:0,(anonymous_5)
FNDA:0,(anonymous_6)
FNDA:0,(anonymous_7)
FNDA:0,(anonymous_8)
FNDA:0,(anonymous_9)
FNDA:0,(anonymous_10)
FNDA:0,(anonymous_11)
FNDA:0,(anonymous_12)
FNDA:0,(anonymous_13)
FNDA:0,(anonymous_14)
FNDA:0,(anonymous_15)
FNDA:0,(anonymous_16)
FNDA:0,(anonymous_17)
FNDA:0,(anonymous_18)
FNDA:0,(anonymous_19)
FNDA:0,(anonymous_20)
FNDA:0,(anonymous_21)
FNDA:0,(anonymous_22)
DA:1,0
DA:2,0
DA:5,0
DA:6,0
DA:7,0
DA:9,0
DA:10,0
DA:12,0
DA:13,0
DA:15,0
DA:16,0
DA:18,0
DA:19,0
DA:21,0
DA:22,0
DA:24,0
DA:25,0
DA:27,0
DA:28,0
DA:30,0
DA:31,0
DA:33,0
DA:34,0
DA:36,0
DA:37,0
DA:39,0
DA:40,0
DA:42,0
DA:43,0
DA:45,0
DA:46,0
DA:48,0
DA:49,0
DA:51,0
DA:52,0
DA:54,0
DA:55,0
DA:57,0
DA:58,0
DA:60,0
DA:61,0
DA:63,0
DA:64,0
DA:66,0
DA:67,0
LF:45
LH:0
BRF:0
BRH:0
end_of_record
TN:
SF:src/app/modules/info/models/index.ts
FNF:0
FNH:0
DA:1,0
DA:2,0
LF:2
LH:0
BRF:0
BRH:0
end_of_record
TN:
SF:src/app/modules/info/models/target.model.ts
FN:5,(anonymous_2)
FN:8,(anonymous_3)
FN:11,(anonymous_4)
FNF:3
FNH:0
FNDA:0,(anonymous_2)
FNDA:0,(anonymous_3)
FNDA:0,(anonymous_4)
DA:1,0
DA:4,0
DA:5,0
DA:6,0
DA:8,0
DA:9,0
DA:11,0
DA:12,0
LF:8
LH:0
BRF:0
BRH:0
end_of_record
TN:
SF:src/app/modules/info/resolvers/app-config.resolver.ts
FN:7,(anonymous_2)
FN:13,(anonymous_3)
FN:12,(anonymous_4)
FN:5,(anonymous_5)
FNF:4
FNH:0
FNDA:0,(anonymous_2)
FNDA:0,(anonymous_3)
FNDA:0,(anonymous_4)
FNDA:0,(anonymous_5)
DA:1,0
DA:2,0
DA:3,0
DA:5,0
DA:6,0
DA:8,0
DA:12,0
DA:13,0
DA:14,0
LF:9
LH:0
BRF:0
BRH:0
end_of_record
TN:
SF:src/app/modules/info/resolvers/index.ts
FNF:0
FNH:0
DA:1,0
LF:1
LH:0
BRF:0
BRH:0
end_of_record
TN:
SF:src/app/modules/info/services/api.service.ts
FN:8,(anonymous_2)
FN:13,(anonymous_3)
FN:15,(anonymous_4)
FN:16,(anonymous_5)
FN:26,(anonymous_6)
FN:32,(anonymous_7)
FNF:6
FNH:0
FNDA:0,(anonymous_2)
FNDA:0,(anonymous_3)
FNDA:0,(anonymous_4)
FNDA:0,(anonymous_5)
FNDA:0,(anonymous_6)
FNDA:0,(anonymous_7)
DA:1,0
DA:2,0
DA:4,0
DA:7,0
DA:9,0
DA:10,0
DA:14,0
DA:15,0
DA:16,0
DA:19,0
DA:26,0
DA:32,0
LF:12
LH:0
BRF:0
BRH:0
end_of_record
TN:
SF:src/app/modules/info/services/index.ts
FNF:0
FNH:0
DA:1,0
LF:1
LH:0
BRF:0
BRH:0
end_of_record
TN:
SF:src/app/modules/putio/index.ts
FNF:0
FNH:0
DA:1,0
DA:2,0
LF:2
LH:0
BRF:0
BRH:0
end_of_record
TN:
SF:src/app/modules/putio/putio.module.ts
FN:14,(anonymous_1)
FN:15,(anonymous_2)
FNF:2
FNH:0
FNDA:0,(anonymous_1)
FNDA:0,(anonymous_2)
DA:1,0
DA:2,0
DA:8,0
DA:9,0
DA:10,0
DA:14,0
DA:15,0
DA:21,0
LF:8
LH:0
BRF:0
BRH:0
end_of_record
TN:
SF:src/app/modules/putio/controllers/index.ts
FNF:0
FNH:0
DA:1,0
LF:1
LH:0
BRF:0
BRH:0
end_of_record
TN:
SF:src/app/modules/putio/controllers/webhooks.controller.ts
FN:9,(anonymous_2)
FN:13,(anonymous_3)
FN:28,(anonymous_4)
FNF:3
FNH:0
FNDA:0,(anonymous_2)
FNDA:0,(anonymous_3)
FNDA:0,(anonymous_4)
DA:1,0
DA:2,0
DA:3,0
DA:6,0
DA:7,0
DA:10,0
DA:15,0
DA:16,0
DA:21,0
DA:28,0
DA:29,0
DA:30,0
LF:12
LH:0
BRDA:15,0,0,0
BRDA:29,1,0,0
BRF:2
BRH:0
end_of_record
TN:
SF:src/app/modules/putio/services/index.ts
FNF:0
FNH:0
DA:1,0
DA:2,0
DA:3,0
DA:4,0
LF:4
LH:0
BRF:0
BRH:0
end_of_record
TN:
SF:src/app/modules/putio/services/putio-on-demand-scanner.service.ts
FN:10,(anonymous_4)
FN:16,(anonymous_5)
FN:27,(anonymous_6)
FN:32,(anonymous_7)
FN:13,(anonymous_8)
FNF:5
FNH:0
FNDA:0,(anonymous_4)
FNDA:0,(anonymous_5)
FNDA:0,(anonymous_6)
FNDA:0,(anonymous_7)
FNDA:0,(anonymous_8)
DA:1,0
DA:2,0
DA:3,0
DA:4,0
DA:7,0
DA:8,0
DA:11,0
DA:12,0
DA:13,0
DA:18,0
DA:19,0
DA:28,0
DA:29,0
DA:30,0
DA:31,0
DA:32,0
DA:33,0
DA:34,0
DA:35,0
DA:36,0
DA:39,0
DA:40,0
DA:41,0
DA:42,0
DA:45,0
DA:46,0
DA:47,0
DA:48,0
DA:53,0
DA:54,0
DA:57,0
LF:31
LH:0
BRDA:18,0,0,0
BRDA:34,1,0,0
BRDA:41,2,0,0
BRDA:47,3,0,0
BRDA:53,4,0,0
BRF:5
BRH:0
end_of_record
TN:
SF:src/app/modules/putio/services/putio-scheduled-watcher.service.ts
FN:12,(anonymous_2)
FN:18,(anonymous_3)
FN:33,(anonymous_4)
FN:44,(anonymous_5)
FN:50,(anonymous_6)
FNF:5
FNH:0
FNDA:0,(anonymous_2)
FNDA:0,(anonymous_3)
FNDA:0,(anonymous_4)
FNDA:0,(anonymous_5)
FNDA:0,(anonymous_6)
DA:1,0
DA:2,0
DA:3,0
DA:4,0
DA:5,0
DA:8,0
DA:9,0
DA:13,0
DA:14,0
DA:15,0
DA:20,0
DA:21,0
DA:25,0
DA:29,0
DA:34,0
DA:35,0
DA:36,0
DA:39,0
DA:40,0
DA:41,0
DA:44,0
DA:45,0
DA:47,0
DA:51,0
DA:52,0
DA:53,0
LF:26
LH:0
BRDA:20,0,0,0
BRDA:20,0,1,0
BRDA:34,1,0,0
BRDA:35,2,0,0
BRDA:35,2,1,0
BRDA:39,3,0,0
BRF:6
BRH:0
end_of_record
TN:
SF:src/app/modules/putio/services/putio-socket-watcher.service.ts
FN:13,(anonymous_4)
FN:20,(anonymous_5)
FN:34,(anonymous_6)
FN:51,(anonymous_7)
FN:59,(anonymous_8)
FN:83,(anonymous_9)
FN:84,(anonymous_10)
FN:91,(anonymous_11)
FN:15,(anonymous_12)
FNF:9
FNH:0
FNDA:0,(anonymous_4)
FNDA:0,(anonymous_5)
FNDA:0,(anonymous_6)
FNDA:0,(anonymous_7)
FNDA:0,(anonymous_8)
FNDA:0,(anonymous_9)
FNDA:0,(anonymous_10)
FNDA:0,(anonymous_11)
FNDA:0,(anonymous_12)
DA:1,0
DA:2,0
DA:3,0
DA:4,0
DA:5,0
DA:9,0
DA:10,0
DA:14,0
DA:15,0
DA:16,0
DA:22,0
DA:23,0
DA:27,0
DA:30,0
DA:35,0
DA:51,0
DA:52,0
DA:59,0
DA:60,0
DA:62,0
DA:84,0
DA:92,0
DA:93,0
DA:95,0
DA:97,0
DA:98,0
DA:99,0
DA:100,0
DA:101,0
DA:104,0
DA:105,0
DA:106,0
DA:108,0
DA:110,0
DA:111,0
DA:112,0
DA:114,0
LF:37
LH:0
BRDA:22,0,0,0
BRDA:22,0,1,0
BRDA:60,1,0,0
BRDA:93,2,0,0
BRDA:100,3,0,0
BRDA:104,4,0,0
BRDA:110,5,0,0
BRF:7
BRH:0
end_of_record
TN:
SF:src/app/modules/putio/services/putio.service.ts
FN:23,(anonymous_3)
FN:27,(anonymous_4)
FN:31,(anonymous_5)
FN:35,(anonymous_6)
FN:39,(anonymous_7)
FN:50,(anonymous_8)
FN:53,(anonymous_9)
FN:64,(anonymous_10)
FN:67,(anonymous_11)
FN:78,(anonymous_12)
FN:129,(anonymous_13)
FN:173,(anonymous_14)
FN:176,(anonymous_15)
FN:185,(anonymous_16)
FN:195,(anonymous_17)
FN:197,(anonymous_18)
FN:255,(anonymous_19)
FN:270,(anonymous_20)
FN:287,(anonymous_21)
FNF:19
FNH:0
FNDA:0,(anonymous_3)
FNDA:0,(anonymous_4)
FNDA:0,(anonymous_5)
FNDA:0,(anonymous_6)
FNDA:0,(anonymous_7)
FNDA:0,(anonymous_8)
FNDA:0,(anonymous_9)
FNDA:0,(anonymous_10)
FNDA:0,(anonymous_11)
FNDA:0,(anonymous_12)
FNDA:0,(anonymous_13)
FNDA:0,(anonymous_14)
FNDA:0,(anonymous_15)
FNDA:0,(anonymous_16)
FNDA:0,(anonymous_17)
FNDA:0,(anonymous_18)
FNDA:0,(anonymous_19)
FNDA:0,(anonymous_20)
FNDA:0,(anonymous_21)
DA:1,0
DA:2,0
DA:3,0
DA:5,0
DA:6,0
DA:7,0
DA:8,0
DA:17,0
DA:18,0
DA:19,0
DA:20,0
DA:21,0
DA:24,0
DA:28,0
DA:32,0
DA:36,0
DA:40,0
DA:41,0
DA:44,0
DA:47,0
DA:51,0
DA:52,0
DA:53,0
DA:54,0
DA:56,0
DA:57,0
DA:60,0
DA:65,0
DA:66,0
DA:67,0
DA:68,0
DA:70,0
DA:71,0
DA:74,0
DA:79,0
DA:80,0
DA:82,0
DA:83,0
DA:84,0
DA:85,0
DA:86,0
DA:87,0
DA:88,0
DA:93,0
DA:94,0
DA:95,0
DA:96,0
DA:97,0
DA:98,0
DA:99,0
DA:100,0
DA:101,0
DA:104,0
DA:111,0
DA:130,0
DA:131,0
DA:133,0
DA:134,0
DA:135,0
DA:136,0
DA:137,0
DA:140,0
DA:141,0
DA:144,0
DA:145,0
DA:148,0
DA:152,0
DA:154,0
DA:161,0
DA:162,0
DA:167,0
DA:170,0
DA:174,0
DA:175,0
DA:176,0
DA:178,0
DA:179,0
DA:186,0
DA:187,0
DA:190,0
DA:191,0
DA:192,0
DA:193,0
DA:194,0
DA:195,0
DA:196,0
DA:197,0
DA:198,0
DA:202,0
DA:203,0
DA:204,0
DA:205,0
DA:206,0
DA:207,0
DA:208,0
DA:209,0
DA:210,0
DA:215,0
DA:217,0
DA:221,0
DA:222,0
DA:228,0
DA:231,0
DA:256,0
DA:257,0
DA:258,0
DA:261,0
DA:262,0
DA:271,0
DA:272,0
DA:273,0
DA:276,0
DA:278,0
DA:285,0
DA:286,0
DA:287,0
DA:288,0
DA:290,0
DA:291,0
DA:296,0
DA:300,0
DA:306,0
DA:309,0
LF:123
LH:0
BRDA:40,0,0,0
BRDA:85,1,0,0
BRDA:87,2,0,0
BRDA:87,3,0,0
BRDA:87,3,1,0
BRDA:96,4,0,0
BRDA:144,5,0,0
BRDA:157,6,0,0
BRDA:157,6,1,0
BRDA:157,7,0,0
BRDA:157,7,1,0
BRDA:168,8,0,0
BRDA:168,8,1,0
BRDA:170,9,0,0
BRDA:170,9,1,0
BRDA:185,10,0,0
BRDA:186,11,0,0
BRDA:196,12,0,0
BRDA:198,13,0,0
BRDA:198,13,1,0
BRDA:206,14,0,0
BRDA:209,15,0,0
BRDA:257,16,0,0
BRDA:271,17,0,0
BRDA:271,17,1,0
BRDA:272,18,0,0
BRDA:276,19,0,0
BRDA:276,19,1,0
BRDA:290,20,0,0
BRDA:290,20,1,0
BRDA:301,21,0,0
BRDA:301,21,1,0
BRDA:301,21,2,0
BRDA:301,21,3,0
BRF:34
BRH:0
end_of_record
TN:
SF:src/app/modules/subscriptions/index.ts
FNF:0
FNH:0
DA:1,0
LF:1
LH:0
BRF:0
BRH:0
end_of_record
TN:
SF:src/app/modules/subscriptions/subscriptions.module.ts
FNF:0
FNH:0
DA:1,0
DA:2,0
DA:4,0
DA:17,0
LF:4
LH:0
BRF:0
BRH:0
end_of_record
TN:
SF:src/app/modules/uploader/index.ts
FNF:0
FNH:0
DA:1,0
DA:2,0
DA:3,0
LF:3
LH:0
BRF:0
BRH:0
end_of_record
TN:
SF:src/app/modules/uploader/uploader.module.ts
FN:13,(anonymous_2)
FN:19,(anonymous_3)
FNF:2
FNH:0
FNDA:0,(anonymous_2)
FNDA:0,(anonymous_3)
DA:1,0
DA:2,0
DA:3,0
DA:4,0
DA:12,0
DA:14,0
DA:15,0
DA:20,0
DA:21,0
DA:24,0
DA:25,0
LF:11
LH:0
BRDA:20,0,0,0
BRF:1
BRH:0
end_of_record
TN:
SF:src/app/modules/uploader/dtos/create-upload.dto.ts
FNF:0
FNH:0
DA:2,0
LF:1
LH:0
BRF:0
BRH:0
end_of_record
TN:
SF:src/app/modules/uploader/dtos/create-watcher.dto.ts
FNF:0
FNH:0
DA:2,0
LF:1
LH:0
BRF:0
BRH:0
end_of_record
TN:
SF:src/app/modules/uploader/dtos/index.ts
FNF:0
FNH:0
DA:1,0
DA:2,0
LF:2
LH:0
BRF:0
BRH:0
end_of_record
TN:
SF:src/app/modules/uploader/services/index.ts
FNF:0
FNH:0
DA:1,0
DA:2,0
LF:2
LH:0
BRF:0
BRH:0
end_of_record
TN:
SF:src/app/modules/uploader/services/uploader.service.ts
FN:27,(anonymous_9)
FN:31,(anonymous_10)
FN:40,(anonymous_11)
FN:48,(anonymous_12)
FNF:4
FNH:0
FNDA:0,(anonymous_9)
FNDA:0,(anonymous_10)
FNDA:0,(anonymous_11)
FNDA:0,(anonymous_12)
DA:1,0
DA:2,0
DA:3,0
DA:4,0
DA:7,0
DA:9,0
DA:24,0
DA:25,0
DA:28,0
DA:33,0
DA:34,0
DA:37,0
DA:41,0
DA:49,0
DA:50,0
DA:51,0
DA:52,0
DA:53,0
DA:54,0
DA:65,0
DA:67,0
DA:68,0
DA:69,0
DA:70,0
DA:71,0
DA:72,0
DA:75,0
DA:76,0
DA:77,0
DA:79,0
DA:82,0
LF:31
LH:0
BRDA:33,0,0,0
BRDA:33,1,0,0
BRDA:33,1,1,0
BRDA:33,1,2,0
BRDA:52,2,0,0
BRDA:52,2,1,0
BRDA:68,3,0,0
BRDA:68,3,1,0
BRDA:70,4,0,0
BRDA:76,5,0,0
BRDA:76,5,1,0
BRF:11
BRH:0
end_of_record
TN:
SF:src/app/modules/uploader/services/watcher.service.ts
FN:12,(anonymous_8)
FN:21,(anonymous_9)
FN:37,(anonymous_10)
FN:54,(anonymous_11)
FNF:4
FNH:0
FNDA:0,(anonymous_8)
FNDA:0,(anonymous_9)
FNDA:0,(anonymous_10)
FNDA:0,(anonymous_11)
DA:1,0
DA:2,0
DA:3,0
DA:4,0
DA:5,0
DA:6,0
DA:7,0
DA:10,0
DA:11,0
DA:13,0
DA:14,0
DA:22,0
DA:23,0
DA:25,0
DA:26,0
DA:30,0
DA:33,0
DA:37,0
DA:38,0
DA:39,0
DA:40,0
DA:41,0
DA:42,0
DA:43,0
DA:44,0
DA:46,0
DA:47,0
DA:55,0
DA:57,0
DA:58,0
DA:59,0
DA:60,0
DA:61,0
DA:62,0
DA:63,0
DA:64,0
DA:69,0
LF:37
LH:0
BRDA:25,0,0,0
BRDA:38,1,0,0
BRDA:38,2,0,0
BRDA:38,2,1,0
BRDA:39,3,0,0
BRDA:60,4,0,0
BRDA:69,5,0,0
BRDA:69,5,1,0
BRF:8
BRH:0
end_of_record
TN:
SF:src/app/stats/index.ts
FNF:0
FNH:0
DA:1,0
LF:1
LH:0
BRF:0
BRH:0
end_of_record
TN:
SF:src/app/stats/speed-tracker.ts
FN:20,(anonymous_0)
FN:30,(anonymous_1)
FN:52,(anonymous_2)
FN:62,(anonymous_3)
FN:91,(anonymous_4)
FN:118,(anonymous_5)
FN:137,(anonymous_6)
FN:151,(anonymous_7)
FN:158,(anonymous_8)
FNF:9
FNH:0
FNDA:0,(anonymous_0)
FNDA:0,(anonymous_1)
FNDA:0,(anonymous_2)
FNDA:0,(anonymous_3)
FNDA:0,(anonymous_4)
FNDA:0,(anonymous_5)
FNDA:0,(anonymous_6)
FNDA:0,(anonymous_7)
FNDA:0,(anonymous_8)
DA:15,0
DA:16,0
DA:17,0
DA:18,0
DA:22,0
DA:24,0
DA:26,0
DA:27,0
DA:31,0
DA:35,0
DA:37,0
DA:40,0
DA:43,0
DA:46,0
DA:47,0
DA:50,0
DA:51,0
DA:52,0
DA:63,0
DA:64,0
DA:67,0
DA:68,0
DA:71,0
DA:72,0
DA:76,0
DA:77,0
DA:78,0
DA:81,0
DA:92,0
DA:94,0
DA:95,0
DA:99,0
DA:100,0
DA:101,0
DA:104,0
DA:105,0
DA:108,0
DA:109,0
DA:110,0
DA:112,0
DA:115,0
DA:119,0
DA:120,0
DA:123,0
DA:124,0
DA:127,0
DA:138,0
DA:140,0
DA:141,0
DA:142,0
DA:143,0
DA:146,0
DA:151,0
DA:159,0
DA:160,0
DA:161,0
LF:56
LH:0
BRDA:22,0,0,0
BRDA:24,1,0,0
BRDA:35,2,0,0
BRDA:35,2,1,0
BRDA:46,3,0,0
BRDA:46,3,1,0
BRDA:50,4,0,0
BRDA:63,5,0,0
BRDA:71,6,0,0
BRDA:78,7,0,0
BRDA:78,7,1,0
BRDA:91,8,0,0
BRDA:94,9,0,0
BRDA:112,10,0,0
BRDA:112,10,1,0
BRDA:119,11,0,0
BRDA:128,12,0,0
BRDA:128,12,1,0
BRDA:129,13,0,0
BRDA:129,13,1,0
BRDA:141,14,0,0
BRDA:141,14,1,0
BRF:22
BRH:0
end_of_record
